<?xml version="1.0" encoding="UTF-8"?>
<robot generator="Robot 7.4.2 (Python 3.13.6 on win32)" generated="2026-04-30T03:42:58.806135" rpa="false" schemaversion="5">
<suite id="s1" name="Test Case" source="C:\Users\HP\Documents\GitHub\ROPA\backend\tests\test_case">
<suite id="s1-s1" name="Auth" source="C:\Users\HP\Documents\GitHub\ROPA\backend\tests\test_case\auth.robot">
<kw name="Create Session To API" owner="keywords" type="SETUP">
<kw name="Create Session" owner="RequestsLibrary">
<msg time="2026-04-30T03:42:59.083126" level="INFO">Creating Session using : alias=api, url=http://localhost:8000, headers={},                     cookies={}, auth=None, timeout=None, proxies=None, verify=False,                     debug=0 </msg>
<arg>api</arg>
<arg>${BASE_URL}</arg>
<arg>verify=False</arg>
<doc>Create Session: create a HTTP session to a server</doc>
<status status="PASS" start="2026-04-30T03:42:59.082840" elapsed="0.000557"/>
</kw>
<status status="PASS" start="2026-04-30T03:42:59.082176" elapsed="0.001325"/>
</kw>
<test id="s1-s1-t1" name="TC01 - Root endpoint should return running message" line="11">
<kw name="GET On Session" owner="RequestsLibrary">
<msg time="2026-04-30T03:43:01.125503" level="INFO">GET Request : url=https://ropa-server.onrender.com/ 
 path_url=/ 
 headers={'User-Agent': 'python-requests/2.32.5', 'Accept-Encoding': 'gzip, deflate', 'Accept': '*/*', 'Connection': 'keep-alive'} 
 body=None 
 </msg>
<msg time="2026-04-30T03:43:01.125659" level="INFO">GET Response : url=https://ropa-server.onrender.com/ 
 status=200, reason=OK 
 headers={'date': 'Wed, 29 Apr 2026 20:43:00 GMT', 'server': 'uvicorn', 'content-length': '28', 'content-type': 'application/json'} 
 body={"message":"Server running"} 
 </msg>
<msg time="2026-04-30T03:43:01.125824" level="INFO">${resp} = &lt;Response [200]&gt;</msg>
<var>${resp}</var>
<arg>api</arg>
<arg>/</arg>
<doc>Sends a GET request on a previously created HTTP Session.</doc>
<status status="PASS" start="2026-04-30T03:42:59.084279" elapsed="2.041574"/>
</kw>
<kw name="Should Be Equal As Integers" owner="BuiltIn">
<msg time="2026-04-30T03:43:01.127080" level="INFO">Argument types are:
&lt;class 'int'&gt;
&lt;class 'str'&gt;</msg>
<arg>${resp.status_code}</arg>
<arg>200</arg>
<doc>Fails if objects are unequal after converting them to integers.</doc>
<status status="PASS" start="2026-04-30T03:43:01.126270" elapsed="0.000885"/>
</kw>
<kw name="Get From Dictionary" owner="Collections">
<msg time="2026-04-30T03:43:01.128073" level="INFO">${msg} = Server running</msg>
<var>${msg}</var>
<arg>${resp.json()}</arg>
<arg>message</arg>
<doc>Returns a value from the given ``dictionary`` based on the given ``key``.</doc>
<status status="PASS" start="2026-04-30T03:43:01.127428" elapsed="0.000677"/>
</kw>
<kw name="Should Contain" owner="BuiltIn">
<arg>${msg}</arg>
<arg>running</arg>
<doc>Fails if ``container`` does not contain ``item`` one or more times.</doc>
<status status="PASS" start="2026-04-30T03:43:01.128354" elapsed="0.000575"/>
</kw>
<status status="PASS" start="2026-04-30T03:42:59.083568" elapsed="2.045663"/>
</test>
<test id="s1-s1-t2" name="TC02 - Login with valid credentials should return token" line="18">
<kw name="Create Dictionary" owner="BuiltIn">
<msg time="2026-04-30T03:43:01.131785" level="INFO">${body} = {'identifier': 'admin01@gmail.com', 'password': 'Qwerty123456'}</msg>
<var>${body}</var>
<arg>identifier=${ADMIN_EMAIL}</arg>
<arg>password=${ADMIN_PASSWORD}</arg>
<doc>Creates and returns a dictionary based on the given ``items``.</doc>
<status status="PASS" start="2026-04-30T03:43:01.130994" elapsed="0.000834"/>
</kw>
<kw name="POST On Session" owner="RequestsLibrary">
<msg time="2026-04-30T03:43:03.660853" level="INFO">POST Request : url=https://ropa-server.onrender.com/api/auth/login 
 path_url=/api/auth/login 
 headers={'User-Agent': 'python-requests/2.32.5', 'Accept-Encoding': 'gzip, deflate', 'Accept': '*/*', 'Connection': 'keep-alive', 'Content-Length': '63', 'Content-Type': 'application/json'} 
 body=b'{"identifier": "admin01@gmail.com", "password": "Qwerty123456"}' 
 </msg>
<msg time="2026-04-30T03:43:03.661013" level="INFO">POST Response : url=https://ropa-server.onrender.com/api/auth/login 
 status=200, reason=OK 
 headers={'date': 'Wed, 29 Apr 2026 20:43:00 GMT', 'server': 'uvicorn', 'content-length': '345', 'content-type': 'application/json'} 
 body={"success":true,"token":"eyJhbGciOiJIUzI1NiIsInR5cCI6IkpXVCJ9.eyJ1c2VySWQiOiIyOGQ0NmNkYy1lZTJjLTRjMDgtYmFhYy0zNDA5NWM3ZTFhOGMiLCJyb2xlIjoiQWRtaW4ifQ.X_7Sj-op9aW4C2mnsHDXCYmi2Szpcjqh3TFzq3kQI-E","user":{"id":"28d46cdc-ee2c-4c08-baac-34095c7e1a8c","username":"ADMIN01","email":"admin01@gmail.com","role":"Admin","department":null,"position":null}} 
 </msg>
<msg time="2026-04-30T03:43:03.661239" level="INFO">${resp} = &lt;Response [200]&gt;</msg>
<var>${resp}</var>
<arg>api</arg>
<arg>/api/auth/login</arg>
<arg>json=${body}</arg>
<arg>expected_status=200</arg>
<doc>Sends a POST request on a previously created HTTP Session.</doc>
<status status="PASS" start="2026-04-30T03:43:01.132236" elapsed="2.529039"/>
</kw>
<kw name="Response Should Have Key" owner="keywords">
<kw name="Dictionary Should Contain Key" owner="Collections">
<arg>${resp.json()}</arg>
<arg>${key}</arg>
<doc>Fails if ``key`` is not found from ``dictionary``.</doc>
<status status="PASS" start="2026-04-30T03:43:03.662187" elapsed="0.000600"/>
</kw>
<arg>${resp}</arg>
<arg>token</arg>
<status status="PASS" start="2026-04-30T03:43:03.661796" elapsed="0.001066"/>
</kw>
<kw name="Response Should Have Key" owner="keywords">
<kw name="Dictionary Should Contain Key" owner="Collections">
<arg>${resp.json()}</arg>
<arg>${key}</arg>
<doc>Fails if ``key`` is not found from ``dictionary``.</doc>
<status status="PASS" start="2026-04-30T03:43:03.663467" elapsed="0.000496"/>
</kw>
<arg>${resp}</arg>
<arg>user</arg>
<status status="PASS" start="2026-04-30T03:43:03.663172" elapsed="0.000854"/>
</kw>
<kw name="Get From Dictionary" owner="Collections">
<msg time="2026-04-30T03:43:03.664993" level="INFO">${user} = {'id': '28d46cdc-ee2c-4c08-baac-34095c7e1a8c', 'username': 'ADMIN01', 'email': 'admin01@gmail.com', 'role': 'Admin', 'department': None, 'position': None}</msg>
<var>${user}</var>
<arg>${resp.json()}</arg>
<arg>user</arg>
<doc>Returns a value from the given ``dictionary`` based on the given ``key``.</doc>
<status status="PASS" start="2026-04-30T03:43:03.664274" elapsed="0.000757"/>
</kw>
<kw name="Dictionary Should Contain Key" owner="Collections">
<arg>${user}</arg>
<arg>role</arg>
<doc>Fails if ``key`` is not found from ``dictionary``.</doc>
<status status="PASS" start="2026-04-30T03:43:03.665302" elapsed="0.000238"/>
</kw>
<status status="PASS" start="2026-04-30T03:43:01.130088" elapsed="2.535715"/>
</test>
<test id="s1-s1-t3" name="TC03 - Login with wrong password should return 401" line="28">
<kw name="Create Dictionary" owner="BuiltIn">
<msg time="2026-04-30T03:43:03.668111" level="INFO">${body} = {'identifier': 'admin01@gmail.com', 'password': 'wrongpassword'}</msg>
<var>${body}</var>
<arg>identifier=${ADMIN_EMAIL}</arg>
<arg>password=wrongpassword</arg>
<doc>Creates and returns a dictionary based on the given ``items``.</doc>
<status status="PASS" start="2026-04-30T03:43:03.667586" elapsed="0.000558"/>
</kw>
<kw name="POST On Session" owner="RequestsLibrary">
<msg time="2026-04-30T03:43:05.424434" level="INFO">POST Request : url=https://ropa-server.onrender.com/api/auth/login 
 path_url=/api/auth/login 
 headers={'User-Agent': 'python-requests/2.32.5', 'Accept-Encoding': 'gzip, deflate', 'Accept': '*/*', 'Connection': 'keep-alive', 'Content-Length': '64', 'Content-Type': 'application/json'} 
 body=b'{"identifier": "admin01@gmail.com", "password": "wrongpassword"}' 
 </msg>
<msg time="2026-04-30T03:43:05.424547" level="INFO">POST Response : url=https://ropa-server.onrender.com/api/auth/login 
 status=401, reason=Unauthorized 
 headers={'date': 'Wed, 29 Apr 2026 20:43:00 GMT', 'server': 'uvicorn', 'content-length': '125', 'content-type': 'application/json'} 
 body={"detail":{"success":false,"error":"Invalid username/email or password. 4 attempts remaining.","code":"INVALID_CREDENTIALS"}} 
 </msg>
<msg time="2026-04-30T03:43:05.425047" level="INFO">${resp} = &lt;Response [401]&gt;</msg>
<var>${resp}</var>
<arg>api</arg>
<arg>/api/auth/login</arg>
<arg>json=${body}</arg>
<arg>expected_status=401</arg>
<doc>Sends a POST request on a previously created HTTP Session.</doc>
<status status="PASS" start="2026-04-30T03:43:03.668461" elapsed="1.756626"/>
</kw>
<status status="PASS" start="2026-04-30T03:43:03.666265" elapsed="1.759175"/>
</test>
<test id="s1-s1-t4" name="TC04 - Login with empty identifier should return 400" line="34">
<kw name="Create Dictionary" owner="BuiltIn">
<msg time="2026-04-30T03:43:05.427298" level="INFO">${body} = {'identifier': '', 'password': 'Qwerty123456'}</msg>
<var>${body}</var>
<arg>identifier=${EMPTY}</arg>
<arg>password=${ADMIN_PASSWORD}</arg>
<doc>Creates and returns a dictionary based on the given ``items``.</doc>
<status status="PASS" start="2026-04-30T03:43:05.426432" elapsed="0.000898"/>
</kw>
<kw name="POST On Session" owner="RequestsLibrary">
<msg time="2026-04-30T03:43:05.430212" level="INFO">POST Request : url=https://ropa-server.onrender.com/api/auth/login 
 path_url=/api/auth/login 
 headers={'User-Agent': 'python-requests/2.32.5', 'Accept-Encoding': 'gzip, deflate', 'Accept': '*/*', 'Connection': 'keep-alive', 'Content-Length': '46', 'Content-Type': 'application/json'} 
 body=b'{"identifier": "", "password": "Qwerty123456"}' 
 </msg>
<msg time="2026-04-30T03:43:05.430293" level="INFO">POST Response : url=https://ropa-server.onrender.com/api/auth/login 
 status=400, reason=Bad Request 
 headers={'date': 'Wed, 29 Apr 2026 20:43:00 GMT', 'server': 'uvicorn', 'content-length': '75', 'content-type': 'application/json'} 
 body={"detail":{"success":false,"error":"Identifier and password are required"}} 
 </msg>
<msg time="2026-04-30T03:43:05.430445" level="INFO">${resp} = &lt;Response [400]&gt;</msg>
<var>${resp}</var>
<arg>api</arg>
<arg>/api/auth/login</arg>
<arg>json=${body}</arg>
<arg>expected_status=400</arg>
<doc>Sends a POST request on a previously created HTTP Session.</doc>
<status status="PASS" start="2026-04-30T03:43:05.427595" elapsed="0.002900"/>
</kw>
<status status="PASS" start="2026-04-30T03:43:05.425923" elapsed="0.004958"/>
</test>
<test id="s1-s1-t5" name="TC05 - Login with missing password field should return 400" line="40">
<kw name="Create Dictionary" owner="BuiltIn">
<msg time="2026-04-30T03:43:05.432602" level="INFO">${body} = {'identifier': 'admin01@gmail.com'}</msg>
<var>${body}</var>
<arg>identifier=${ADMIN_EMAIL}</arg>
<doc>Creates and returns a dictionary based on the given ``items``.</doc>
<status status="PASS" start="2026-04-30T03:43:05.432086" elapsed="0.000554"/>
</kw>
<kw name="POST On Session" owner="RequestsLibrary">
<msg time="2026-04-30T03:43:05.436539" level="INFO">POST Request : url=https://ropa-server.onrender.com/api/auth/login 
 path_url=/api/auth/login 
 headers={'User-Agent': 'python-requests/2.32.5', 'Accept-Encoding': 'gzip, deflate', 'Accept': '*/*', 'Connection': 'keep-alive', 'Content-Length': '35', 'Content-Type': 'application/json'} 
 body=b'{"identifier": "admin01@gmail.com"}' 
 </msg>
<msg time="2026-04-30T03:43:05.436640" level="INFO">POST Response : url=https://ropa-server.onrender.com/api/auth/login 
 status=400, reason=Bad Request 
 headers={'date': 'Wed, 29 Apr 2026 20:43:00 GMT', 'server': 'uvicorn', 'content-length': '75', 'content-type': 'application/json'} 
 body={"detail":{"success":false,"error":"Identifier and password are required"}} 
 </msg>
<msg time="2026-04-30T03:43:05.436789" level="INFO">${resp} = &lt;Response [400]&gt;</msg>
<var>${resp}</var>
<arg>api</arg>
<arg>/api/auth/login</arg>
<arg>json=${body}</arg>
<arg>expected_status=any</arg>
<doc>Sends a POST request on a previously created HTTP Session.</doc>
<status status="PASS" start="2026-04-30T03:43:05.432970" elapsed="0.003853"/>
</kw>
<kw name="Should Be True" owner="BuiltIn">
<arg>${resp.status_code} &gt;= 400</arg>
<doc>Fails if the given condition is not true.</doc>
<status status="PASS" start="2026-04-30T03:43:05.437305" elapsed="0.001607"/>
</kw>
<status status="PASS" start="2026-04-30T03:43:05.431463" elapsed="0.007765"/>
</test>
<status status="PASS" start="2026-04-30T03:42:58.866563" elapsed="6.573637"/>
</suite>
<suite id="s1-s2" name="Ropa" source="C:\Users\HP\Documents\GitHub\ROPA\backend\tests\test_case\ropa.robot">
<kw name="Create Session To API" owner="keywords" type="SETUP">
<kw name="Create Session" owner="RequestsLibrary">
<msg time="2026-04-30T03:43:05.450534" level="INFO">Creating Session using : alias=api, url=http://localhost:8000, headers={},                     cookies={}, auth=None, timeout=None, proxies=None, verify=False,                     debug=0 </msg>
<arg>api</arg>
<arg>${BASE_URL}</arg>
<arg>verify=False</arg>
<doc>Create Session: create a HTTP session to a server</doc>
<status status="PASS" start="2026-04-30T03:43:05.449842" elapsed="0.001074"/>
</kw>
<status status="PASS" start="2026-04-30T03:43:05.449393" elapsed="0.001654"/>
</kw>
<test id="s1-s2-t1" name="TC10 - User can get ROPA list" line="7">
<kw name="Get Auth Token" owner="keywords">
<kw name="Create Dictionary" owner="BuiltIn">
<msg time="2026-04-30T03:43:05.453301" level="INFO">${body} = {'identifier': 'user02@gmail.com', 'password': 'Qwerty123456'}</msg>
<var>${body}</var>
<arg>identifier=${email}</arg>
<arg>password=${password}</arg>
<doc>Creates and returns a dictionary based on the given ``items``.</doc>
<status status="PASS" start="2026-04-30T03:43:05.452612" elapsed="0.000744"/>
</kw>
<kw name="POST On Session" owner="RequestsLibrary">
<msg time="2026-04-30T03:43:09.299469" level="INFO">POST Request : url=https://ropa-server.onrender.com/api/auth/login 
 path_url=/api/auth/login 
 headers={'User-Agent': 'python-requests/2.32.5', 'Accept-Encoding': 'gzip, deflate', 'Accept': '*/*', 'Connection': 'keep-alive', 'Content-Length': '62', 'Content-Type': 'application/json'} 
 body=b'{"identifier": "user02@gmail.com", "password": "Qwerty123456"}' 
 </msg>
<msg time="2026-04-30T03:43:09.299595" level="INFO">POST Response : url=https://ropa-server.onrender.com/api/auth/login 
 status=200, reason=OK 
 headers={'date': 'Wed, 29 Apr 2026 20:43:06 GMT', 'server': 'uvicorn', 'content-length': '340', 'content-type': 'application/json'} 
 body={"success":true,"token":"eyJhbGciOiJIUzI1NiIsInR5cCI6IkpXVCJ9.eyJ1c2VySWQiOiI1NzYxYjc3Yy0wYzI4LTRkYTYtYTMzYy0xOTBhN2I4YWZiNzIiLCJyb2xlIjoiVXNlciJ9.Jjg3V78ZARmm-OEXB3LrkpFwr6wqW4FlPAY2hrDLC3I","user":{"id":"5761b77c-0c28-4da6-a33c-190a7b8afb72","username":"USER02","email":"user02@gmail.com","role":"User","department":null,"position":null}} 
 </msg>
<msg time="2026-04-30T03:43:09.299749" level="INFO">${resp} = &lt;Response [200]&gt;</msg>
<var>${resp}</var>
<arg>api</arg>
<arg>/api/auth/login</arg>
<arg>json=${body}</arg>
<arg>expected_status=200</arg>
<doc>Sends a POST request on a previously created HTTP Session.</doc>
<status status="PASS" start="2026-04-30T03:43:05.453537" elapsed="3.846240"/>
</kw>
<kw name="Get From Dictionary" owner="Collections">
<msg time="2026-04-30T03:43:09.301234" level="INFO">${token} = eyJhbGciOiJIUzI1NiIsInR5cCI6IkpXVCJ9.eyJ1c2VySWQiOiI1NzYxYjc3Yy0wYzI4LTRkYTYtYTMzYy0xOTBhN2I4YWZiNzIiLCJyb2xlIjoiVXNlciJ9.Jjg3V78ZARmm-OEXB3LrkpFwr6wqW4FlPAY2hrDLC3I</msg>
<var>${token}</var>
<arg>${resp.json()}</arg>
<arg>token</arg>
<doc>Returns a value from the given ``dictionary`` based on the given ``key``.</doc>
<status status="PASS" start="2026-04-30T03:43:09.300234" elapsed="0.001040"/>
</kw>
<return>
<value>${token}</value>
<status status="PASS" start="2026-04-30T03:43:09.301354" elapsed="0.000063"/>
</return>
<msg time="2026-04-30T03:43:09.301572" level="INFO">${token} = eyJhbGciOiJIUzI1NiIsInR5cCI6IkpXVCJ9.eyJ1c2VySWQiOiI1NzYxYjc3Yy0wYzI4LTRkYTYtYTMzYy0xOTBhN2I4YWZiNzIiLCJyb2xlIjoiVXNlciJ9.Jjg3V78ZARmm-OEXB3LrkpFwr6wqW4FlPAY2hrDLC3I</msg>
<var>${token}</var>
<arg>${USER_EMAIL}</arg>
<arg>${USER_PASSWORD}</arg>
<status status="PASS" start="2026-04-30T03:43:05.452064" elapsed="3.849532"/>
</kw>
<kw name="Authenticated Header" owner="keywords">
<kw name="Create Dictionary" owner="BuiltIn">
<msg time="2026-04-30T03:43:09.303021" level="INFO">${headers} = {'Authorization': 'Bearer eyJhbGciOiJIUzI1NiIsInR5cCI6IkpXVCJ9.eyJ1c2VySWQiOiI1NzYxYjc3Yy0wYzI4LTRkYTYtYTMzYy0xOTBhN2I4YWZiNzIiLCJyb2xlIjoiVXNlciJ9.Jjg3V78ZARmm-OEXB3LrkpFwr6wqW4FlPAY2hrDLC3I'}</msg>
<var>${headers}</var>
<arg>Authorization=Bearer ${token}</arg>
<doc>Creates and returns a dictionary based on the given ``items``.</doc>
<status status="PASS" start="2026-04-30T03:43:09.302379" elapsed="0.000681"/>
</kw>
<return>
<value>${headers}</value>
<status status="PASS" start="2026-04-30T03:43:09.303123" elapsed="0.000046"/>
</return>
<msg time="2026-04-30T03:43:09.303295" level="INFO">${headers} = {'Authorization': 'Bearer eyJhbGciOiJIUzI1NiIsInR5cCI6IkpXVCJ9.eyJ1c2VySWQiOiI1NzYxYjc3Yy0wYzI4LTRkYTYtYTMzYy0xOTBhN2I4YWZiNzIiLCJyb2xlIjoiVXNlciJ9.Jjg3V78ZARmm-OEXB3LrkpFwr6wqW4FlPAY2hrDLC3I'}</msg>
<var>${headers}</var>
<arg>${token}</arg>
<status status="PASS" start="2026-04-30T03:43:09.302034" elapsed="0.001285"/>
</kw>
<kw name="GET On Session" owner="RequestsLibrary">
<msg time="2026-04-30T03:43:25.449685" level="INFO">GET Request : url=https://ropa-server.onrender.com/api/form/ropa 
 path_url=/api/form/ropa 
 headers={'User-Agent': 'python-requests/2.32.5', 'Accept-Encoding': 'gzip, deflate', 'Accept': '*/*', 'Connection': 'keep-alive', 'Authorization': 'Bearer eyJhbGciOiJIUzI1NiIsInR5cCI6IkpXVCJ9.eyJ1c2VySWQiOiI1NzYxYjc3Yy0wYzI4LTRkYTYtYTMzYy0xOTBhN2I4YWZiNzIiLCJyb2xlIjoiVXNlciJ9.Jjg3V78ZARmm-OEXB3LrkpFwr6wqW4FlPAY2hrDLC3I'} 
 body=None 
 </msg>
<msg time="2026-04-30T03:43:25.450028" level="INFO">GET Response : url=https://ropa-server.onrender.com/api/form/ropa 
 status=200, reason=OK 
 headers={'date': 'Wed, 29 Apr 2026 20:43:06 GMT', 'server': 'uvicorn', 'content-length': '73175', 'content-type': 'application/json'} 
 body=[{"id":"958b302b-b7ab-45ea-83c1-2bf341e2d5fd","activity":"กิจกรรมทางการตลาด","purpose":"test department___MKT","purposeDetail":"test department___MKT","dataOwner":"USER01-MKT","dataClass":"ข้อมูลเทส","otherText":"","description":"ooooo","dataDescription":"ooooo","dataCategories":["ข้อมูลลูกค้า","ข้อมูลพนักงาน"],"categories":["ข้อมูลลูกค้า","ข้อมูลพนักงาน"],"dataType":"ข้อมูลอ่อนไหว","acquisitionMethods":["ผ่านแพลตฟอร์ม","สมุดบันทึก"],"methods":["ผ่านแพลตฟอร์ม","สมุดบันทึก"],"dataSource":"จากเจ้าของข้อมูลส่วนบุคคลโดยตรง","parties":["IT","Sales","PR"],"step1":{"dataOwner":"USER01-MKT","processActivity":"d6cca988-accb-4ee7-831a-874c68043338","processActivityName":"กิจกรรมทางการตลาด","processingPurpose":"test department___MKT","departmentId":"ff07bad7-48b8-4ac0-9757-c68d5156e076","departmentName":"PR"},"step2":{"dataClass":"ข้อมูลเทส","otherText":"","description":"ooooo","dataDescription":"ooooo","categories":["ข้อมูลลูกค้า","ข้อมูลพนักงาน"],"dataCategories":["ข้อมูลลูกค้า","ข้อมูลพนักงาน"],"dataType":"ข้อมูลอ่อนไหว","methods":["ผ่านแพลตฟอร์ม","สมุดบันทึก"],"acquisitionMethods":["ผ่านแพลตฟอร์ม","สมุดบันทึก"],"dataSource":"จากเจ้าของข้อมูลส่วนบุคคลโดยตรง"},"legal":{"basis":["ฐานความยินยอม (Consent)","ฐานการปฏิบัติ/หน้าที่ตามกฎหมาย (Legal Obligation)"],"secondaryCategory":["ฐานภารกิจสาธารณะ/อำนาจรัฐ (Public Task / Official Authority)"],"minorConsent":{"under10":"ต้องมีการขอความยินยอม","age10to20":"ต้องมีการขอความยินยอม"}},"step3":{"primaryBases":["ฐานความยินยอม (Consent)","ฐานการปฏิบัติ/หน้าที่ตามกฎหมาย (Legal Obligation)"],"supplementaryBases":["ฐานภารกิจสาธารณะ/อำนาจรัฐ (Public Task / Official Authority)"],"minorConsent":{"under10":"ต้องมีการขอความยินยอม","age10to20":"ต้องมีการขอความยินยอม"}},"transfer":{"is_transfer":true,"destination_country":"สหราชอาณาจักร","affiliated_company":null,"transfer_method":"โอนทางอิเล็กทรอนิกส์","protection_standard":null,"exceptions":[]},"step4":{"hasTransferAbroad":"มี","transferCountry":"สหราชอาณาจักร","isToSubsidiary":"ไม่ใช่","subsidiaryName":null,"transferMethod":"โอนทางอิเล็กทรอนิกส์","dataProtectionStandard":[],"legalExemption":[]},"retention":{"storageType":["เอกสาร"],"storageMethod":["เก็บในตู้เอกสาร","สแกนเป็นไฟล์"],"retentionPeriod":"10 ปี 03 เดือน","department":["PR"],"accessRight":["IT","Sales","PR"],"deletionMethod":"ลบข้อมูลออกจากระบบอย่างถาวร","usage_purpose":[],"denialNote":""},"step5":{"dataType":["เอกสาร"],"storageMethod":["เก็บในตู้เอกสาร","สแกนเป็นไฟล์"],"retentionPeriod":"10 ปี 03 เดือน","accessRight":["IT","Sales","PR"],"destructionMethod":"ลบข้อมูลออกจากระบบอย่างถาวร","usageStatus":"ไม่มีการใช้","usagePurpose":null,"refusalNote":""},"security":[{"id":"b8447116-a77c-48d5-bafc-e7bcc6ea8ff3","activity_id":"958b302b-b7ab-45ea-83c1-2bf341e2d5fd","measures_id":"b606258a-dbe5-42eb-b0eb-be92d7bc12ca","detail":"rrrrr","name":"การทำหนดหน้าที่ความรับผิดชอบของผู้ใช้งาน"},{"id":"7c9f6e26-a21f-4295-8db0-48c5acfefc61","activity_id":"958b302b-b7ab-45ea-83c1-2bf341e2d5fd","measures_id":"bc2b0ec0-6157-4070-a219-9518c172cf9a","detail":null,"name":"มาตรการตรวจสอบย้อนหลัง"},{"id":"c7c2c7c1-8ed4-4222-8f97-2cf22dbf2004","activity_id":"958b302b-b7ab-45ea-83c1-2bf341e2d5fd","measures_id":"c23f5539-07d6-4368-a188-76b971d77303","detail":null,"name":"มาตรการเชิงเทคนิค"},{"id":"964104ef-f7a2-4e0c-aa40-c4a2810e3fee","activity_id":"958b302b-b7ab-45ea-83c1-2bf341e2d5fd","measures_id":"8f52251b-5747-4834-8f24-a29f95af0639","detail":null,"name":"การควบคุมการเข้าถึงข้อมูล"}],"step6":{"selectedSecurity":{"การทำหนดหน้าที่ความรับผิดชอบของผู้ใช้งาน":true,"มาตรการตรวจสอบย้อนหลัง":true,"มาตรการเชิงเทคนิค":true,"การควบคุมการเข้าถึงข้อมูล":true},"securityDetails":{"การทำหนดหน้าที่ความรับผิดชอบของผู้ใช้งาน":"rrrrr","มาตรการตรวจสอบย้อนหลัง":"","มาตรการเชิงเทคนิค":"","การควบคุมการเข้าถึงข้อมูล":""}},"processors":[],"step7":{"processors":[]},"risk":"Critical","status":"Pending","history":[{"action":"create","by":"28d46cdc-ee2c-4c08-baac-34095c7e1a8c","date":"2026-04-29T19:04:46.385142+00:00","time":"2026-04-29T19:04:46.385142+00:00"}]},{"id":"f371d342-e0c8-4a6b-9101-9ad9c16db812","activity":"การรับสมัครพนักงาน","purpose":"กรมควบคุมโรค","purposeDetail":"กรมควบคุมโรค","dataOwner":"Robot Tester","dataClass":"ข้อมูลทั่วไป","otherText":"","description":"test","dataDescription":"test","dataCategories":["ข้อมูลคู่ค้า"],"categories":["ข้อมูลคู่ค้า"],"dataType":"ข้อมูลทั่วไป","acquisitionMethods":["ข้อมูลอิเล็กทรอนิกส์"],"methods":["ข้อมูลอิเล็กทรอนิกส์"],"dataSource":"จากเจ้าของข้อมูลส่วนบุคคลโดยตรง","parties":["HR","IT"],"step1":{"dataOwner":"Robot Tester","processActivity":"14b88267-a432-4d5b-a808-fa13118879cf","processActivityName":"การรับสมัครพนักงาน","processingPurpose":"กรมควบคุมโรค","departmentId":"51a02078-3e5e-4eb8-90b0-a6e212ad709b","departmentName":"IT"},"step2":{"dataClass":"ข้อมูลทั่วไป","otherText":"","description":"test","dataDescription":"test","categories":["ข้อมูลคู่ค้า"],"dataCategories":["ข้อมูลคู่ค้า"],"dataType":"ข้อมูลทั่วไป","methods":["ข้อมูลอิเล็กทรอนิกส์"],"acquisitionMethods":["ข้อมูลอิเล็กทรอนิกส์"],"dataSource":"จากเจ้าของข้อมูลส่วนบุคคลโดยตรง"},"legal":{"basis":["ฐานการปฏิบัติ/หน้าที่ตามกฎหมาย (Legal Obligation)"],"secondaryCategory":[],"minorConsent":{"under10":"ผู้ปกครองให้ความยินยอม","age10to20":"เจ้าตัวให้ความยินยอม"}},"step3":{"primaryBases":["ฐานการปฏิบัติ/หน้าที่ตามกฎหมาย (Legal Obligation)"],"supplementaryBases":[],"minorConsent":{"under10":"ผู้ปกครองให้ความยินยอม","age10to20":"เจ้าตัวให้ความยินยอม"}},"transfer":{"is_transfer":false,"destination_country":null,"affiliated_company":null,"transfer_method":"โอนทางอิเล็กทรอนิกส์","protection_standard":null,"exceptions":[]},"step4":{"hasTransferAbroad":"ไม่มี","transferCountry":null,"isToSubsidiary":"ไม่ใช่","subsidiaryName":null,"transferMethod":"โอนทางอิเล็กทรอนิกส์","dataProtectionStandard":[],"legalExemption":[]},"retention":{"storageType":["ข้อมูลอิเล็กทรอนิกส์"],"storageMethod":["เก็บในตู้เอกสาร"],"retentionPeriod":"3 ปี","department":["IT"],"accessRight":["HR","IT"],"deletionMethod":"เครื่องทำลายเอกสาร","usage_purpose":[],"denialNote":""},"step5":{"dataType":["ข้อมูลอิเล็กทรอนิกส์"],"storageMethod":["เก็บในตู้เอกสาร"],"retentionPeriod":"3 ปี","accessRight":["HR","IT"],"destructionMethod":"เครื่องทำลายเอกสาร","usageStatus":"ไม่มีการใช้","usagePurpose":null,"refusalNote":""},"security":[],"step6":{"selectedSecurity":{},"securityDetails":{}},"processors":[],"step7":{"processors":[]},"risk":"Stable","status":"Pending","history":[{"action":"create","by":"5761b77c-0c28-4da6-a33c-190a7b8afb72","date":"2026-04-29T18:53:22.699423+00:00","time":"2026-04-29T18:53:22.699423+00:00"}]},{"id":"36349390-800f-47b2-984c-f5f25493c748","activity":"การรับสมัครพนักงาน","purpose":"กรมควบคุมโรค","purposeDetail":"กรมควบคุมโรค","dataOwner":"Robot Tester","dataClass":"ข้อมูลทั่วไป","otherText":"","description":"","dataDescription":"","dataCategories":["ข้อมูลคู่ค้า"],"categories":["ข้อมูลคู่ค้า"],"dataType":"ข้อมูลทั่วไป","acquisitionMethods":["ข้อมูลอิเล็กทรอนิกส์"],"methods":["ข้อมูลอิเล็กทรอนิกส์"],"dataSource":"จากเจ้าของข้อมูลส่วนบุคคลโดยตรง","parties":["HR","Sales"],"step1":{"dataOwner":"Robot Tester","processActivity":"14b88267-a432-4d5b-a808-fa13118879cf","processActivityName":"การรับสมัครพนักงาน","processingPurpose":"กรมควบคุมโรค","departmentId":"c060fa62-3df0-4a80-a119-2ebc54e5d456","departmentName":"SALES"},"step2":{"dataClass":"ข้อมูลทั่วไป","otherText":"","description":"","dataDescription":"","categories":["ข้อมูลคู่ค้า"],"dataCategories":["ข้อมูลคู่ค้า"],"dataType":"ข้อมูลทั่วไป","methods":["ข้อมูลอิเล็กทรอนิกส์"],"acquisitionMethods":["ข้อมูลอิเล็กทรอนิกส์"],"dataSource":"จากเจ้าของข้อมูลส่วนบุคคลโดยตรง"},"legal":{"basis":["ฐานการปฏิบัติ/หน้าที่ตามกฎหมาย (Legal Obligation)"],"secondaryCategory":[],"minorConsent":{"under10":"ผู้ปกครองให้ความยินยอม","age10to20":"เจ้าตัวให้ความยินยอม"}},"step3":{"primaryBases":["ฐานการปฏิบัติ/หน้าที่ตามกฎหมาย (Legal Obligation)"],"supplementaryBases":[],"minorConsent":{"under10":"ผู้ปกครองให้ความยินยอม","age10to20":"เจ้าตัวให้ความยินยอม"}},"transfer":{"is_transfer":false,"destination_country":null,"affiliated_company":null,"transfer_method":"โอนทางอิเล็กทรอนิกส์","protection_standard":null,"exceptions":[]},"step4":{"hasTransferAbroad":"ไม่มี","transferCountry":null,"isToSubsidiary":"ไม่ใช่","subsidiaryName":null,"transferMethod":"โอนทางอิเล็กทรอนิกส์","dataProtectionStandard":[],"legalExemption":[]},"retention":{"storageType":["ข้อมูลอิเล็กทรอนิกส์"],"storageMethod":["เก็บในตู้เอกสาร"],"retentionPeriod":"3 ปี","department":["SALES"],"accessRight":["HR","Sales"],"deletionMethod":"เครื่องทำลายเอกสาร","usage_purpose":[],"denialNote":""},"step5":{"dataType":["ข้อมูลอิเล็กทรอนิกส์"],"storageMethod":["เก็บในตู้เอกสาร"],"retentionPeriod":"3 ปี","accessRight":["HR","Sales"],"destructionMethod":"เครื่องทำลายเอกสาร","usageStatus":"ไม่มีการใช้","usagePurpose":null,"refusalNote":""},"security":[],"step6":{"selectedSecurity":{},"securityDetails":{}},"processors":[],"step7":{"processors":[]},"risk":"Stable","status":"Pending","history":[{"action":"edit","by":"b0207fac-ea5a-48de-b80a-83559f46f57c","date":"2026-04-29T18:19:02.885062+00:00","time":"2026-04-29T18:19:02.885062+00:00"},{"action":"create","by":"b0207fac-ea5a-48de-b80a-83559f46f57c","date":"2026-04-29T18:19:02.885043+00:00","time":"2026-04-29T18:19:02.885043+00:00"}]},{"id":"0c3fae9d-0ebc-431b-bbf2-d8b280c5d17e","activity":"กิจกรรมทางการตลาด","purpose":"pp(edited)","purposeDetail":"pp(edited)","dataOwner":"prati","dataClass":"ข้อมูลบุคลากร","otherText":"","description":"edited","dataDescription":"edited","dataCategories":["ข้อมูลคู่ค้า","ข้อมูลผู้ติดต่อ"],"categories":["ข้อมูลคู่ค้า","ข้อมูลผู้ติดต่อ"],"dataType":"ข้อมูลอ่อนไหว","acquisitionMethods":["ข้อมูลอิเล็กทรอนิกส์","หนังสือพิมพ์"],"methods":["ข้อมูลอิเล็กทรอนิกส์","หนังสือพิมพ์"],"dataSource":"จากเจ้าของข้อมูลส่วนบุคคลโดยตรง","parties":["Marketing","PR","Sales"],"step1":{"dataOwner":"prati","processActivity":"d6cca988-accb-4ee7-831a-874c68043338","processActivityName":"กิจกรรมทางการตลาด","processingPu... (set the log level to DEBUG or TRACE to see the full content) 
 </msg>
<msg time="2026-04-30T03:43:25.450510" level="INFO">${resp} = &lt;Response [200]&gt;</msg>
<var>${resp}</var>
<arg>api</arg>
<arg>/api/form/ropa</arg>
<arg>headers=${headers}</arg>
<arg>expected_status=200</arg>
<doc>Sends a GET request on a previously created HTTP Session.</doc>
<status status="PASS" start="2026-04-30T03:43:09.303601" elapsed="16.146943"/>
</kw>
<kw name="Should Not Be Empty" owner="BuiltIn">
<msg time="2026-04-30T03:43:25.452816" level="INFO">Length is 10.</msg>
<arg>${resp.json()}</arg>
<doc>Verifies that the given item is not empty.</doc>
<status status="PASS" start="2026-04-30T03:43:25.451305" elapsed="0.001614"/>
</kw>
<status status="PASS" start="2026-04-30T03:43:05.451186" elapsed="20.002021"/>
</test>
<test id="s1-s2-t2" name="TC11 - Unauthenticated request to ROPA returns data or 401" line="14">
<kw name="GET On Session" owner="RequestsLibrary">
<msg time="2026-04-30T03:43:41.399713" level="INFO">GET Request : url=https://ropa-server.onrender.com/api/form/ropa 
 path_url=/api/form/ropa 
 headers={'User-Agent': 'python-requests/2.32.5', 'Accept-Encoding': 'gzip, deflate', 'Accept': '*/*', 'Connection': 'keep-alive'} 
 body=None 
 </msg>
<msg time="2026-04-30T03:43:41.399945" level="INFO">GET Response : url=https://ropa-server.onrender.com/api/form/ropa 
 status=200, reason=OK 
 headers={'date': 'Wed, 29 Apr 2026 20:43:06 GMT', 'server': 'uvicorn', 'content-length': '73175', 'content-type': 'application/json'} 
 body=[{"id":"958b302b-b7ab-45ea-83c1-2bf341e2d5fd","activity":"กิจกรรมทางการตลาด","purpose":"test department___MKT","purposeDetail":"test department___MKT","dataOwner":"USER01-MKT","dataClass":"ข้อมูลเทส","otherText":"","description":"ooooo","dataDescription":"ooooo","dataCategories":["ข้อมูลลูกค้า","ข้อมูลพนักงาน"],"categories":["ข้อมูลลูกค้า","ข้อมูลพนักงาน"],"dataType":"ข้อมูลอ่อนไหว","acquisitionMethods":["ผ่านแพลตฟอร์ม","สมุดบันทึก"],"methods":["ผ่านแพลตฟอร์ม","สมุดบันทึก"],"dataSource":"จากเจ้าของข้อมูลส่วนบุคคลโดยตรง","parties":["IT","Sales","PR"],"step1":{"dataOwner":"USER01-MKT","processActivity":"d6cca988-accb-4ee7-831a-874c68043338","processActivityName":"กิจกรรมทางการตลาด","processingPurpose":"test department___MKT","departmentId":"ff07bad7-48b8-4ac0-9757-c68d5156e076","departmentName":"PR"},"step2":{"dataClass":"ข้อมูลเทส","otherText":"","description":"ooooo","dataDescription":"ooooo","categories":["ข้อมูลลูกค้า","ข้อมูลพนักงาน"],"dataCategories":["ข้อมูลลูกค้า","ข้อมูลพนักงาน"],"dataType":"ข้อมูลอ่อนไหว","methods":["ผ่านแพลตฟอร์ม","สมุดบันทึก"],"acquisitionMethods":["ผ่านแพลตฟอร์ม","สมุดบันทึก"],"dataSource":"จากเจ้าของข้อมูลส่วนบุคคลโดยตรง"},"legal":{"basis":["ฐานความยินยอม (Consent)","ฐานการปฏิบัติ/หน้าที่ตามกฎหมาย (Legal Obligation)"],"secondaryCategory":["ฐานภารกิจสาธารณะ/อำนาจรัฐ (Public Task / Official Authority)"],"minorConsent":{"under10":"ต้องมีการขอความยินยอม","age10to20":"ต้องมีการขอความยินยอม"}},"step3":{"primaryBases":["ฐานความยินยอม (Consent)","ฐานการปฏิบัติ/หน้าที่ตามกฎหมาย (Legal Obligation)"],"supplementaryBases":["ฐานภารกิจสาธารณะ/อำนาจรัฐ (Public Task / Official Authority)"],"minorConsent":{"under10":"ต้องมีการขอความยินยอม","age10to20":"ต้องมีการขอความยินยอม"}},"transfer":{"is_transfer":true,"destination_country":"สหราชอาณาจักร","affiliated_company":null,"transfer_method":"โอนทางอิเล็กทรอนิกส์","protection_standard":null,"exceptions":[]},"step4":{"hasTransferAbroad":"มี","transferCountry":"สหราชอาณาจักร","isToSubsidiary":"ไม่ใช่","subsidiaryName":null,"transferMethod":"โอนทางอิเล็กทรอนิกส์","dataProtectionStandard":[],"legalExemption":[]},"retention":{"storageType":["เอกสาร"],"storageMethod":["เก็บในตู้เอกสาร","สแกนเป็นไฟล์"],"retentionPeriod":"10 ปี 03 เดือน","department":["PR"],"accessRight":["IT","Sales","PR"],"deletionMethod":"ลบข้อมูลออกจากระบบอย่างถาวร","usage_purpose":[],"denialNote":""},"step5":{"dataType":["เอกสาร"],"storageMethod":["เก็บในตู้เอกสาร","สแกนเป็นไฟล์"],"retentionPeriod":"10 ปี 03 เดือน","accessRight":["IT","Sales","PR"],"destructionMethod":"ลบข้อมูลออกจากระบบอย่างถาวร","usageStatus":"ไม่มีการใช้","usagePurpose":null,"refusalNote":""},"security":[{"id":"b8447116-a77c-48d5-bafc-e7bcc6ea8ff3","activity_id":"958b302b-b7ab-45ea-83c1-2bf341e2d5fd","measures_id":"b606258a-dbe5-42eb-b0eb-be92d7bc12ca","detail":"rrrrr","name":"การทำหนดหน้าที่ความรับผิดชอบของผู้ใช้งาน"},{"id":"7c9f6e26-a21f-4295-8db0-48c5acfefc61","activity_id":"958b302b-b7ab-45ea-83c1-2bf341e2d5fd","measures_id":"bc2b0ec0-6157-4070-a219-9518c172cf9a","detail":null,"name":"มาตรการตรวจสอบย้อนหลัง"},{"id":"c7c2c7c1-8ed4-4222-8f97-2cf22dbf2004","activity_id":"958b302b-b7ab-45ea-83c1-2bf341e2d5fd","measures_id":"c23f5539-07d6-4368-a188-76b971d77303","detail":null,"name":"มาตรการเชิงเทคนิค"},{"id":"964104ef-f7a2-4e0c-aa40-c4a2810e3fee","activity_id":"958b302b-b7ab-45ea-83c1-2bf341e2d5fd","measures_id":"8f52251b-5747-4834-8f24-a29f95af0639","detail":null,"name":"การควบคุมการเข้าถึงข้อมูล"}],"step6":{"selectedSecurity":{"การทำหนดหน้าที่ความรับผิดชอบของผู้ใช้งาน":true,"มาตรการตรวจสอบย้อนหลัง":true,"มาตรการเชิงเทคนิค":true,"การควบคุมการเข้าถึงข้อมูล":true},"securityDetails":{"การทำหนดหน้าที่ความรับผิดชอบของผู้ใช้งาน":"rrrrr","มาตรการตรวจสอบย้อนหลัง":"","มาตรการเชิงเทคนิค":"","การควบคุมการเข้าถึงข้อมูล":""}},"processors":[],"step7":{"processors":[]},"risk":"Critical","status":"Pending","history":[{"action":"create","by":"28d46cdc-ee2c-4c08-baac-34095c7e1a8c","date":"2026-04-29T19:04:46.385142+00:00","time":"2026-04-29T19:04:46.385142+00:00"}]},{"id":"f371d342-e0c8-4a6b-9101-9ad9c16db812","activity":"การรับสมัครพนักงาน","purpose":"กรมควบคุมโรค","purposeDetail":"กรมควบคุมโรค","dataOwner":"Robot Tester","dataClass":"ข้อมูลทั่วไป","otherText":"","description":"test","dataDescription":"test","dataCategories":["ข้อมูลคู่ค้า"],"categories":["ข้อมูลคู่ค้า"],"dataType":"ข้อมูลทั่วไป","acquisitionMethods":["ข้อมูลอิเล็กทรอนิกส์"],"methods":["ข้อมูลอิเล็กทรอนิกส์"],"dataSource":"จากเจ้าของข้อมูลส่วนบุคคลโดยตรง","parties":["HR","IT"],"step1":{"dataOwner":"Robot Tester","processActivity":"14b88267-a432-4d5b-a808-fa13118879cf","processActivityName":"การรับสมัครพนักงาน","processingPurpose":"กรมควบคุมโรค","departmentId":"51a02078-3e5e-4eb8-90b0-a6e212ad709b","departmentName":"IT"},"step2":{"dataClass":"ข้อมูลทั่วไป","otherText":"","description":"test","dataDescription":"test","categories":["ข้อมูลคู่ค้า"],"dataCategories":["ข้อมูลคู่ค้า"],"dataType":"ข้อมูลทั่วไป","methods":["ข้อมูลอิเล็กทรอนิกส์"],"acquisitionMethods":["ข้อมูลอิเล็กทรอนิกส์"],"dataSource":"จากเจ้าของข้อมูลส่วนบุคคลโดยตรง"},"legal":{"basis":["ฐานการปฏิบัติ/หน้าที่ตามกฎหมาย (Legal Obligation)"],"secondaryCategory":[],"minorConsent":{"under10":"ผู้ปกครองให้ความยินยอม","age10to20":"เจ้าตัวให้ความยินยอม"}},"step3":{"primaryBases":["ฐานการปฏิบัติ/หน้าที่ตามกฎหมาย (Legal Obligation)"],"supplementaryBases":[],"minorConsent":{"under10":"ผู้ปกครองให้ความยินยอม","age10to20":"เจ้าตัวให้ความยินยอม"}},"transfer":{"is_transfer":false,"destination_country":null,"affiliated_company":null,"transfer_method":"โอนทางอิเล็กทรอนิกส์","protection_standard":null,"exceptions":[]},"step4":{"hasTransferAbroad":"ไม่มี","transferCountry":null,"isToSubsidiary":"ไม่ใช่","subsidiaryName":null,"transferMethod":"โอนทางอิเล็กทรอนิกส์","dataProtectionStandard":[],"legalExemption":[]},"retention":{"storageType":["ข้อมูลอิเล็กทรอนิกส์"],"storageMethod":["เก็บในตู้เอกสาร"],"retentionPeriod":"3 ปี","department":["IT"],"accessRight":["HR","IT"],"deletionMethod":"เครื่องทำลายเอกสาร","usage_purpose":[],"denialNote":""},"step5":{"dataType":["ข้อมูลอิเล็กทรอนิกส์"],"storageMethod":["เก็บในตู้เอกสาร"],"retentionPeriod":"3 ปี","accessRight":["HR","IT"],"destructionMethod":"เครื่องทำลายเอกสาร","usageStatus":"ไม่มีการใช้","usagePurpose":null,"refusalNote":""},"security":[],"step6":{"selectedSecurity":{},"securityDetails":{}},"processors":[],"step7":{"processors":[]},"risk":"Stable","status":"Pending","history":[{"action":"create","by":"5761b77c-0c28-4da6-a33c-190a7b8afb72","date":"2026-04-29T18:53:22.699423+00:00","time":"2026-04-29T18:53:22.699423+00:00"}]},{"id":"36349390-800f-47b2-984c-f5f25493c748","activity":"การรับสมัครพนักงาน","purpose":"กรมควบคุมโรค","purposeDetail":"กรมควบคุมโรค","dataOwner":"Robot Tester","dataClass":"ข้อมูลทั่วไป","otherText":"","description":"","dataDescription":"","dataCategories":["ข้อมูลคู่ค้า"],"categories":["ข้อมูลคู่ค้า"],"dataType":"ข้อมูลทั่วไป","acquisitionMethods":["ข้อมูลอิเล็กทรอนิกส์"],"methods":["ข้อมูลอิเล็กทรอนิกส์"],"dataSource":"จากเจ้าของข้อมูลส่วนบุคคลโดยตรง","parties":["HR","Sales"],"step1":{"dataOwner":"Robot Tester","processActivity":"14b88267-a432-4d5b-a808-fa13118879cf","processActivityName":"การรับสมัครพนักงาน","processingPurpose":"กรมควบคุมโรค","departmentId":"c060fa62-3df0-4a80-a119-2ebc54e5d456","departmentName":"SALES"},"step2":{"dataClass":"ข้อมูลทั่วไป","otherText":"","description":"","dataDescription":"","categories":["ข้อมูลคู่ค้า"],"dataCategories":["ข้อมูลคู่ค้า"],"dataType":"ข้อมูลทั่วไป","methods":["ข้อมูลอิเล็กทรอนิกส์"],"acquisitionMethods":["ข้อมูลอิเล็กทรอนิกส์"],"dataSource":"จากเจ้าของข้อมูลส่วนบุคคลโดยตรง"},"legal":{"basis":["ฐานการปฏิบัติ/หน้าที่ตามกฎหมาย (Legal Obligation)"],"secondaryCategory":[],"minorConsent":{"under10":"ผู้ปกครองให้ความยินยอม","age10to20":"เจ้าตัวให้ความยินยอม"}},"step3":{"primaryBases":["ฐานการปฏิบัติ/หน้าที่ตามกฎหมาย (Legal Obligation)"],"supplementaryBases":[],"minorConsent":{"under10":"ผู้ปกครองให้ความยินยอม","age10to20":"เจ้าตัวให้ความยินยอม"}},"transfer":{"is_transfer":false,"destination_country":null,"affiliated_company":null,"transfer_method":"โอนทางอิเล็กทรอนิกส์","protection_standard":null,"exceptions":[]},"step4":{"hasTransferAbroad":"ไม่มี","transferCountry":null,"isToSubsidiary":"ไม่ใช่","subsidiaryName":null,"transferMethod":"โอนทางอิเล็กทรอนิกส์","dataProtectionStandard":[],"legalExemption":[]},"retention":{"storageType":["ข้อมูลอิเล็กทรอนิกส์"],"storageMethod":["เก็บในตู้เอกสาร"],"retentionPeriod":"3 ปี","department":["SALES"],"accessRight":["HR","Sales"],"deletionMethod":"เครื่องทำลายเอกสาร","usage_purpose":[],"denialNote":""},"step5":{"dataType":["ข้อมูลอิเล็กทรอนิกส์"],"storageMethod":["เก็บในตู้เอกสาร"],"retentionPeriod":"3 ปี","accessRight":["HR","Sales"],"destructionMethod":"เครื่องทำลายเอกสาร","usageStatus":"ไม่มีการใช้","usagePurpose":null,"refusalNote":""},"security":[],"step6":{"selectedSecurity":{},"securityDetails":{}},"processors":[],"step7":{"processors":[]},"risk":"Stable","status":"Pending","history":[{"action":"edit","by":"b0207fac-ea5a-48de-b80a-83559f46f57c","date":"2026-04-29T18:19:02.885062+00:00","time":"2026-04-29T18:19:02.885062+00:00"},{"action":"create","by":"b0207fac-ea5a-48de-b80a-83559f46f57c","date":"2026-04-29T18:19:02.885043+00:00","time":"2026-04-29T18:19:02.885043+00:00"}]},{"id":"0c3fae9d-0ebc-431b-bbf2-d8b280c5d17e","activity":"กิจกรรมทางการตลาด","purpose":"pp(edited)","purposeDetail":"pp(edited)","dataOwner":"prati","dataClass":"ข้อมูลบุคลากร","otherText":"","description":"edited","dataDescription":"edited","dataCategories":["ข้อมูลคู่ค้า","ข้อมูลผู้ติดต่อ"],"categories":["ข้อมูลคู่ค้า","ข้อมูลผู้ติดต่อ"],"dataType":"ข้อมูลอ่อนไหว","acquisitionMethods":["ข้อมูลอิเล็กทรอนิกส์","หนังสือพิมพ์"],"methods":["ข้อมูลอิเล็กทรอนิกส์","หนังสือพิมพ์"],"dataSource":"จากเจ้าของข้อมูลส่วนบุคคลโดยตรง","parties":["Marketing","PR","Sales"],"step1":{"dataOwner":"prati","processActivity":"d6cca988-accb-4ee7-831a-874c68043338","processActivityName":"กิจกรรมทางการตลาด","processingPu... (set the log level to DEBUG or TRACE to see the full content) 
 </msg>
<msg time="2026-04-30T03:43:41.400467" level="INFO">${resp} = &lt;Response [200]&gt;</msg>
<var>${resp}</var>
<arg>api</arg>
<arg>/api/form/ropa</arg>
<arg>expected_status=any</arg>
<doc>Sends a GET request on a previously created HTTP Session.</doc>
<status status="PASS" start="2026-04-30T03:43:25.454320" elapsed="15.946181"/>
</kw>
<kw name="Should Be True" owner="BuiltIn">
<arg>${resp.status_code} == 200 or ${resp.status_code} == 401</arg>
<doc>Fails if the given condition is not true.</doc>
<status status="PASS" start="2026-04-30T03:43:41.401041" elapsed="0.001682"/>
</kw>
<status status="PASS" start="2026-04-30T03:43:25.453764" elapsed="15.949265"/>
</test>
<test id="s1-s2-t3" name="TC12 - DPO can get ROPA list" line="18">
<kw name="Get Auth Token" owner="keywords">
<kw name="Create Dictionary" owner="BuiltIn">
<msg time="2026-04-30T03:43:41.405126" level="INFO">${body} = {'identifier': 'helloitme2288@gmail.com', 'password': 'Qwerty123456'}</msg>
<var>${body}</var>
<arg>identifier=${email}</arg>
<arg>password=${password}</arg>
<doc>Creates and returns a dictionary based on the given ``items``.</doc>
<status status="PASS" start="2026-04-30T03:43:41.404705" elapsed="0.000451"/>
</kw>
<kw name="POST On Session" owner="RequestsLibrary">
<msg time="2026-04-30T03:43:43.111648" level="INFO">POST Request : url=https://ropa-server.onrender.com/api/auth/login 
 path_url=/api/auth/login 
 headers={'User-Agent': 'python-requests/2.32.5', 'Accept-Encoding': 'gzip, deflate', 'Accept': '*/*', 'Connection': 'keep-alive', 'Content-Length': '69', 'Content-Type': 'application/json'} 
 body=b'{"identifier": "helloitme2288@gmail.com", "password": "Qwerty123456"}' 
 </msg>
<msg time="2026-04-30T03:43:43.111761" level="INFO">POST Response : url=https://ropa-server.onrender.com/api/auth/login 
 status=200, reason=OK 
 headers={'date': 'Wed, 29 Apr 2026 20:43:41 GMT', 'server': 'uvicorn', 'content-length': '352', 'content-type': 'application/json'} 
 body={"success":true,"token":"eyJhbGciOiJIUzI1NiIsInR5cCI6IkpXVCJ9.eyJ1c2VySWQiOiI1ZDQ5MGI5MS1kMGU5LTQ3ODItYjkzNi1iYmU2NmY0OTEyNGYiLCJyb2xlIjoiRFBPIn0.KcNltO7KTCIIc9NcyyM9rQyCwMIeKTUGZ8x2LCGhLY4","user":{"id":"5d490b91-d0e9-4782-b936-bbe66f49124f","username":"DPO01","email":"helloitme2288@gmail.com","role":"DPO","department":null,"position":"HR Manager"}} 
 </msg>
<msg time="2026-04-30T03:43:43.111936" level="INFO">${resp} = &lt;Response [200]&gt;</msg>
<var>${resp}</var>
<arg>api</arg>
<arg>/api/auth/login</arg>
<arg>json=${body}</arg>
<arg>expected_status=200</arg>
<doc>Sends a POST request on a previously created HTTP Session.</doc>
<status status="PASS" start="2026-04-30T03:43:41.405267" elapsed="1.706700"/>
</kw>
<kw name="Get From Dictionary" owner="Collections">
<msg time="2026-04-30T03:43:43.112986" level="INFO">${token} = eyJhbGciOiJIUzI1NiIsInR5cCI6IkpXVCJ9.eyJ1c2VySWQiOiI1ZDQ5MGI5MS1kMGU5LTQ3ODItYjkzNi1iYmU2NmY0OTEyNGYiLCJyb2xlIjoiRFBPIn0.KcNltO7KTCIIc9NcyyM9rQyCwMIeKTUGZ8x2LCGhLY4</msg>
<var>${token}</var>
<arg>${resp.json()}</arg>
<arg>token</arg>
<doc>Returns a value from the given ``dictionary`` based on the given ``key``.</doc>
<status status="PASS" start="2026-04-30T03:43:43.112181" elapsed="0.000844"/>
</kw>
<return>
<value>${token}</value>
<status status="PASS" start="2026-04-30T03:43:43.113094" elapsed="0.000047"/>
</return>
<msg time="2026-04-30T03:43:43.113279" level="INFO">${token} = eyJhbGciOiJIUzI1NiIsInR5cCI6IkpXVCJ9.eyJ1c2VySWQiOiI1ZDQ5MGI5MS1kMGU5LTQ3ODItYjkzNi1iYmU2NmY0OTEyNGYiLCJyb2xlIjoiRFBPIn0.KcNltO7KTCIIc9NcyyM9rQyCwMIeKTUGZ8x2LCGhLY4</msg>
<var>${token}</var>
<arg>${DPO_EMAIL}</arg>
<arg>${DPO_PASSWORD}</arg>
<status status="PASS" start="2026-04-30T03:43:41.404321" elapsed="1.708982"/>
</kw>
<kw name="Authenticated Header" owner="keywords">
<kw name="Create Dictionary" owner="BuiltIn">
<msg time="2026-04-30T03:43:43.114555" level="INFO">${headers} = {'Authorization': 'Bearer eyJhbGciOiJIUzI1NiIsInR5cCI6IkpXVCJ9.eyJ1c2VySWQiOiI1ZDQ5MGI5MS1kMGU5LTQ3ODItYjkzNi1iYmU2NmY0OTEyNGYiLCJyb2xlIjoiRFBPIn0.KcNltO7KTCIIc9NcyyM9rQyCwMIeKTUGZ8x2LCGhLY4'}</msg>
<var>${headers}</var>
<arg>Authorization=Bearer ${token}</arg>
<doc>Creates and returns a dictionary based on the given ``items``.</doc>
<status status="PASS" start="2026-04-30T03:43:43.114088" elapsed="0.000510"/>
</kw>
<return>
<value>${headers}</value>
<status status="PASS" start="2026-04-30T03:43:43.114672" elapsed="0.000038"/>
</return>
<msg time="2026-04-30T03:43:43.114854" level="INFO">${headers} = {'Authorization': 'Bearer eyJhbGciOiJIUzI1NiIsInR5cCI6IkpXVCJ9.eyJ1c2VySWQiOiI1ZDQ5MGI5MS1kMGU5LTQ3ODItYjkzNi1iYmU2NmY0OTEyNGYiLCJyb2xlIjoiRFBPIn0.KcNltO7KTCIIc9NcyyM9rQyCwMIeKTUGZ8x2LCGhLY4'}</msg>
<var>${headers}</var>
<arg>${token}</arg>
<status status="PASS" start="2026-04-30T03:43:43.113698" elapsed="0.001193"/>
</kw>
<kw name="GET On Session" owner="RequestsLibrary">
<msg time="2026-04-30T03:43:58.905334" level="INFO">GET Request : url=https://ropa-server.onrender.com/api/form/ropa 
 path_url=/api/form/ropa 
 headers={'User-Agent': 'python-requests/2.32.5', 'Accept-Encoding': 'gzip, deflate', 'Accept': '*/*', 'Connection': 'keep-alive', 'Authorization': 'Bearer eyJhbGciOiJIUzI1NiIsInR5cCI6IkpXVCJ9.eyJ1c2VySWQiOiI1ZDQ5MGI5MS1kMGU5LTQ3ODItYjkzNi1iYmU2NmY0OTEyNGYiLCJyb2xlIjoiRFBPIn0.KcNltO7KTCIIc9NcyyM9rQyCwMIeKTUGZ8x2LCGhLY4'} 
 body=None 
 </msg>
<msg time="2026-04-30T03:43:58.905569" level="INFO">GET Response : url=https://ropa-server.onrender.com/api/form/ropa 
 status=200, reason=OK 
 headers={'date': 'Wed, 29 Apr 2026 20:43:41 GMT', 'server': 'uvicorn', 'content-length': '73175', 'content-type': 'application/json'} 
 body=[{"id":"958b302b-b7ab-45ea-83c1-2bf341e2d5fd","activity":"กิจกรรมทางการตลาด","purpose":"test department___MKT","purposeDetail":"test department___MKT","dataOwner":"USER01-MKT","dataClass":"ข้อมูลเทส","otherText":"","description":"ooooo","dataDescription":"ooooo","dataCategories":["ข้อมูลลูกค้า","ข้อมูลพนักงาน"],"categories":["ข้อมูลลูกค้า","ข้อมูลพนักงาน"],"dataType":"ข้อมูลอ่อนไหว","acquisitionMethods":["ผ่านแพลตฟอร์ม","สมุดบันทึก"],"methods":["ผ่านแพลตฟอร์ม","สมุดบันทึก"],"dataSource":"จากเจ้าของข้อมูลส่วนบุคคลโดยตรง","parties":["IT","Sales","PR"],"step1":{"dataOwner":"USER01-MKT","processActivity":"d6cca988-accb-4ee7-831a-874c68043338","processActivityName":"กิจกรรมทางการตลาด","processingPurpose":"test department___MKT","departmentId":"ff07bad7-48b8-4ac0-9757-c68d5156e076","departmentName":"PR"},"step2":{"dataClass":"ข้อมูลเทส","otherText":"","description":"ooooo","dataDescription":"ooooo","categories":["ข้อมูลลูกค้า","ข้อมูลพนักงาน"],"dataCategories":["ข้อมูลลูกค้า","ข้อมูลพนักงาน"],"dataType":"ข้อมูลอ่อนไหว","methods":["ผ่านแพลตฟอร์ม","สมุดบันทึก"],"acquisitionMethods":["ผ่านแพลตฟอร์ม","สมุดบันทึก"],"dataSource":"จากเจ้าของข้อมูลส่วนบุคคลโดยตรง"},"legal":{"basis":["ฐานความยินยอม (Consent)","ฐานการปฏิบัติ/หน้าที่ตามกฎหมาย (Legal Obligation)"],"secondaryCategory":["ฐานภารกิจสาธารณะ/อำนาจรัฐ (Public Task / Official Authority)"],"minorConsent":{"under10":"ต้องมีการขอความยินยอม","age10to20":"ต้องมีการขอความยินยอม"}},"step3":{"primaryBases":["ฐานความยินยอม (Consent)","ฐานการปฏิบัติ/หน้าที่ตามกฎหมาย (Legal Obligation)"],"supplementaryBases":["ฐานภารกิจสาธารณะ/อำนาจรัฐ (Public Task / Official Authority)"],"minorConsent":{"under10":"ต้องมีการขอความยินยอม","age10to20":"ต้องมีการขอความยินยอม"}},"transfer":{"is_transfer":true,"destination_country":"สหราชอาณาจักร","affiliated_company":null,"transfer_method":"โอนทางอิเล็กทรอนิกส์","protection_standard":null,"exceptions":[]},"step4":{"hasTransferAbroad":"มี","transferCountry":"สหราชอาณาจักร","isToSubsidiary":"ไม่ใช่","subsidiaryName":null,"transferMethod":"โอนทางอิเล็กทรอนิกส์","dataProtectionStandard":[],"legalExemption":[]},"retention":{"storageType":["เอกสาร"],"storageMethod":["เก็บในตู้เอกสาร","สแกนเป็นไฟล์"],"retentionPeriod":"10 ปี 03 เดือน","department":["PR"],"accessRight":["IT","Sales","PR"],"deletionMethod":"ลบข้อมูลออกจากระบบอย่างถาวร","usage_purpose":[],"denialNote":""},"step5":{"dataType":["เอกสาร"],"storageMethod":["เก็บในตู้เอกสาร","สแกนเป็นไฟล์"],"retentionPeriod":"10 ปี 03 เดือน","accessRight":["IT","Sales","PR"],"destructionMethod":"ลบข้อมูลออกจากระบบอย่างถาวร","usageStatus":"ไม่มีการใช้","usagePurpose":null,"refusalNote":""},"security":[{"id":"b8447116-a77c-48d5-bafc-e7bcc6ea8ff3","activity_id":"958b302b-b7ab-45ea-83c1-2bf341e2d5fd","measures_id":"b606258a-dbe5-42eb-b0eb-be92d7bc12ca","detail":"rrrrr","name":"การทำหนดหน้าที่ความรับผิดชอบของผู้ใช้งาน"},{"id":"7c9f6e26-a21f-4295-8db0-48c5acfefc61","activity_id":"958b302b-b7ab-45ea-83c1-2bf341e2d5fd","measures_id":"bc2b0ec0-6157-4070-a219-9518c172cf9a","detail":null,"name":"มาตรการตรวจสอบย้อนหลัง"},{"id":"c7c2c7c1-8ed4-4222-8f97-2cf22dbf2004","activity_id":"958b302b-b7ab-45ea-83c1-2bf341e2d5fd","measures_id":"c23f5539-07d6-4368-a188-76b971d77303","detail":null,"name":"มาตรการเชิงเทคนิค"},{"id":"964104ef-f7a2-4e0c-aa40-c4a2810e3fee","activity_id":"958b302b-b7ab-45ea-83c1-2bf341e2d5fd","measures_id":"8f52251b-5747-4834-8f24-a29f95af0639","detail":null,"name":"การควบคุมการเข้าถึงข้อมูล"}],"step6":{"selectedSecurity":{"การทำหนดหน้าที่ความรับผิดชอบของผู้ใช้งาน":true,"มาตรการตรวจสอบย้อนหลัง":true,"มาตรการเชิงเทคนิค":true,"การควบคุมการเข้าถึงข้อมูล":true},"securityDetails":{"การทำหนดหน้าที่ความรับผิดชอบของผู้ใช้งาน":"rrrrr","มาตรการตรวจสอบย้อนหลัง":"","มาตรการเชิงเทคนิค":"","การควบคุมการเข้าถึงข้อมูล":""}},"processors":[],"step7":{"processors":[]},"risk":"Critical","status":"Pending","history":[{"action":"create","by":"28d46cdc-ee2c-4c08-baac-34095c7e1a8c","date":"2026-04-29T19:04:46.385142+00:00","time":"2026-04-29T19:04:46.385142+00:00"}]},{"id":"f371d342-e0c8-4a6b-9101-9ad9c16db812","activity":"การรับสมัครพนักงาน","purpose":"กรมควบคุมโรค","purposeDetail":"กรมควบคุมโรค","dataOwner":"Robot Tester","dataClass":"ข้อมูลทั่วไป","otherText":"","description":"test","dataDescription":"test","dataCategories":["ข้อมูลคู่ค้า"],"categories":["ข้อมูลคู่ค้า"],"dataType":"ข้อมูลทั่วไป","acquisitionMethods":["ข้อมูลอิเล็กทรอนิกส์"],"methods":["ข้อมูลอิเล็กทรอนิกส์"],"dataSource":"จากเจ้าของข้อมูลส่วนบุคคลโดยตรง","parties":["HR","IT"],"step1":{"dataOwner":"Robot Tester","processActivity":"14b88267-a432-4d5b-a808-fa13118879cf","processActivityName":"การรับสมัครพนักงาน","processingPurpose":"กรมควบคุมโรค","departmentId":"51a02078-3e5e-4eb8-90b0-a6e212ad709b","departmentName":"IT"},"step2":{"dataClass":"ข้อมูลทั่วไป","otherText":"","description":"test","dataDescription":"test","categories":["ข้อมูลคู่ค้า"],"dataCategories":["ข้อมูลคู่ค้า"],"dataType":"ข้อมูลทั่วไป","methods":["ข้อมูลอิเล็กทรอนิกส์"],"acquisitionMethods":["ข้อมูลอิเล็กทรอนิกส์"],"dataSource":"จากเจ้าของข้อมูลส่วนบุคคลโดยตรง"},"legal":{"basis":["ฐานการปฏิบัติ/หน้าที่ตามกฎหมาย (Legal Obligation)"],"secondaryCategory":[],"minorConsent":{"under10":"ผู้ปกครองให้ความยินยอม","age10to20":"เจ้าตัวให้ความยินยอม"}},"step3":{"primaryBases":["ฐานการปฏิบัติ/หน้าที่ตามกฎหมาย (Legal Obligation)"],"supplementaryBases":[],"minorConsent":{"under10":"ผู้ปกครองให้ความยินยอม","age10to20":"เจ้าตัวให้ความยินยอม"}},"transfer":{"is_transfer":false,"destination_country":null,"affiliated_company":null,"transfer_method":"โอนทางอิเล็กทรอนิกส์","protection_standard":null,"exceptions":[]},"step4":{"hasTransferAbroad":"ไม่มี","transferCountry":null,"isToSubsidiary":"ไม่ใช่","subsidiaryName":null,"transferMethod":"โอนทางอิเล็กทรอนิกส์","dataProtectionStandard":[],"legalExemption":[]},"retention":{"storageType":["ข้อมูลอิเล็กทรอนิกส์"],"storageMethod":["เก็บในตู้เอกสาร"],"retentionPeriod":"3 ปี","department":["IT"],"accessRight":["HR","IT"],"deletionMethod":"เครื่องทำลายเอกสาร","usage_purpose":[],"denialNote":""},"step5":{"dataType":["ข้อมูลอิเล็กทรอนิกส์"],"storageMethod":["เก็บในตู้เอกสาร"],"retentionPeriod":"3 ปี","accessRight":["HR","IT"],"destructionMethod":"เครื่องทำลายเอกสาร","usageStatus":"ไม่มีการใช้","usagePurpose":null,"refusalNote":""},"security":[],"step6":{"selectedSecurity":{},"securityDetails":{}},"processors":[],"step7":{"processors":[]},"risk":"Stable","status":"Pending","history":[{"action":"create","by":"5761b77c-0c28-4da6-a33c-190a7b8afb72","date":"2026-04-29T18:53:22.699423+00:00","time":"2026-04-29T18:53:22.699423+00:00"}]},{"id":"36349390-800f-47b2-984c-f5f25493c748","activity":"การรับสมัครพนักงาน","purpose":"กรมควบคุมโรค","purposeDetail":"กรมควบคุมโรค","dataOwner":"Robot Tester","dataClass":"ข้อมูลทั่วไป","otherText":"","description":"","dataDescription":"","dataCategories":["ข้อมูลคู่ค้า"],"categories":["ข้อมูลคู่ค้า"],"dataType":"ข้อมูลทั่วไป","acquisitionMethods":["ข้อมูลอิเล็กทรอนิกส์"],"methods":["ข้อมูลอิเล็กทรอนิกส์"],"dataSource":"จากเจ้าของข้อมูลส่วนบุคคลโดยตรง","parties":["HR","Sales"],"step1":{"dataOwner":"Robot Tester","processActivity":"14b88267-a432-4d5b-a808-fa13118879cf","processActivityName":"การรับสมัครพนักงาน","processingPurpose":"กรมควบคุมโรค","departmentId":"c060fa62-3df0-4a80-a119-2ebc54e5d456","departmentName":"SALES"},"step2":{"dataClass":"ข้อมูลทั่วไป","otherText":"","description":"","dataDescription":"","categories":["ข้อมูลคู่ค้า"],"dataCategories":["ข้อมูลคู่ค้า"],"dataType":"ข้อมูลทั่วไป","methods":["ข้อมูลอิเล็กทรอนิกส์"],"acquisitionMethods":["ข้อมูลอิเล็กทรอนิกส์"],"dataSource":"จากเจ้าของข้อมูลส่วนบุคคลโดยตรง"},"legal":{"basis":["ฐานการปฏิบัติ/หน้าที่ตามกฎหมาย (Legal Obligation)"],"secondaryCategory":[],"minorConsent":{"under10":"ผู้ปกครองให้ความยินยอม","age10to20":"เจ้าตัวให้ความยินยอม"}},"step3":{"primaryBases":["ฐานการปฏิบัติ/หน้าที่ตามกฎหมาย (Legal Obligation)"],"supplementaryBases":[],"minorConsent":{"under10":"ผู้ปกครองให้ความยินยอม","age10to20":"เจ้าตัวให้ความยินยอม"}},"transfer":{"is_transfer":false,"destination_country":null,"affiliated_company":null,"transfer_method":"โอนทางอิเล็กทรอนิกส์","protection_standard":null,"exceptions":[]},"step4":{"hasTransferAbroad":"ไม่มี","transferCountry":null,"isToSubsidiary":"ไม่ใช่","subsidiaryName":null,"transferMethod":"โอนทางอิเล็กทรอนิกส์","dataProtectionStandard":[],"legalExemption":[]},"retention":{"storageType":["ข้อมูลอิเล็กทรอนิกส์"],"storageMethod":["เก็บในตู้เอกสาร"],"retentionPeriod":"3 ปี","department":["SALES"],"accessRight":["HR","Sales"],"deletionMethod":"เครื่องทำลายเอกสาร","usage_purpose":[],"denialNote":""},"step5":{"dataType":["ข้อมูลอิเล็กทรอนิกส์"],"storageMethod":["เก็บในตู้เอกสาร"],"retentionPeriod":"3 ปี","accessRight":["HR","Sales"],"destructionMethod":"เครื่องทำลายเอกสาร","usageStatus":"ไม่มีการใช้","usagePurpose":null,"refusalNote":""},"security":[],"step6":{"selectedSecurity":{},"securityDetails":{}},"processors":[],"step7":{"processors":[]},"risk":"Stable","status":"Pending","history":[{"action":"edit","by":"b0207fac-ea5a-48de-b80a-83559f46f57c","date":"2026-04-29T18:19:02.885062+00:00","time":"2026-04-29T18:19:02.885062+00:00"},{"action":"create","by":"b0207fac-ea5a-48de-b80a-83559f46f57c","date":"2026-04-29T18:19:02.885043+00:00","time":"2026-04-29T18:19:02.885043+00:00"}]},{"id":"0c3fae9d-0ebc-431b-bbf2-d8b280c5d17e","activity":"กิจกรรมทางการตลาด","purpose":"pp(edited)","purposeDetail":"pp(edited)","dataOwner":"prati","dataClass":"ข้อมูลบุคลากร","otherText":"","description":"edited","dataDescription":"edited","dataCategories":["ข้อมูลคู่ค้า","ข้อมูลผู้ติดต่อ"],"categories":["ข้อมูลคู่ค้า","ข้อมูลผู้ติดต่อ"],"dataType":"ข้อมูลอ่อนไหว","acquisitionMethods":["ข้อมูลอิเล็กทรอนิกส์","หนังสือพิมพ์"],"methods":["ข้อมูลอิเล็กทรอนิกส์","หนังสือพิมพ์"],"dataSource":"จากเจ้าของข้อมูลส่วนบุคคลโดยตรง","parties":["Marketing","PR","Sales"],"step1":{"dataOwner":"prati","processActivity":"d6cca988-accb-4ee7-831a-874c68043338","processActivityName":"กิจกรรมทางการตลาด","processingPu... (set the log level to DEBUG or TRACE to see the full content) 
 </msg>
<msg time="2026-04-30T03:43:58.906037" level="INFO">${resp} = &lt;Response [200]&gt;</msg>
<var>${resp}</var>
<arg>api</arg>
<arg>/api/form/ropa</arg>
<arg>headers=${headers}</arg>
<arg>expected_status=200</arg>
<doc>Sends a GET request on a previously created HTTP Session.</doc>
<status status="PASS" start="2026-04-30T03:43:43.115155" elapsed="15.790916"/>
</kw>
<kw name="Should Not Be Empty" owner="BuiltIn">
<msg time="2026-04-30T03:43:58.907979" level="INFO">Length is 10.</msg>
<arg>${resp.json()}</arg>
<doc>Verifies that the given item is not empty.</doc>
<status status="PASS" start="2026-04-30T03:43:58.906495" elapsed="0.001588"/>
</kw>
<status status="PASS" start="2026-04-30T03:43:41.403619" elapsed="17.504736"/>
</test>
<status status="PASS" start="2026-04-30T03:43:05.441201" elapsed="53.467871"/>
</suite>
<suite id="s1-s3" name="User" source="C:\Users\HP\Documents\GitHub\ROPA\backend\tests\test_case\user.robot">
<kw name="Create Session To API" owner="keywords" type="SETUP">
<kw name="Create Session" owner="RequestsLibrary">
<msg time="2026-04-30T03:43:58.916734" level="INFO">Creating Session using : alias=api, url=http://localhost:8000, headers={},                     cookies={}, auth=None, timeout=None, proxies=None, verify=False,                     debug=0 </msg>
<arg>api</arg>
<arg>${BASE_URL}</arg>
<arg>verify=False</arg>
<doc>Create Session: create a HTTP session to a server</doc>
<status status="PASS" start="2026-04-30T03:43:58.916530" elapsed="0.000418"/>
</kw>
<status status="PASS" start="2026-04-30T03:43:58.916286" elapsed="0.000785"/>
</kw>
<test id="s1-s3-t1" name="TC06 - Admin can get all users" line="10">
<kw name="Get Auth Token" owner="keywords">
<kw name="Create Dictionary" owner="BuiltIn">
<msg time="2026-04-30T03:43:58.918591" level="INFO">${body} = {'identifier': 'admin01@gmail.com', 'password': 'Qwerty123456'}</msg>
<var>${body}</var>
<arg>identifier=${email}</arg>
<arg>password=${password}</arg>
<doc>Creates and returns a dictionary based on the given ``items``.</doc>
<status status="PASS" start="2026-04-30T03:43:58.918175" elapsed="0.000445"/>
</kw>
<kw name="POST On Session" owner="RequestsLibrary">
<msg time="2026-04-30T03:44:02.627589" level="INFO">POST Request : url=https://ropa-server.onrender.com/api/auth/login 
 path_url=/api/auth/login 
 headers={'User-Agent': 'python-requests/2.32.5', 'Accept-Encoding': 'gzip, deflate', 'Accept': '*/*', 'Connection': 'keep-alive', 'Content-Length': '63', 'Content-Type': 'application/json'} 
 body=b'{"identifier": "admin01@gmail.com", "password": "Qwerty123456"}' 
 </msg>
<msg time="2026-04-30T03:44:02.627692" level="INFO">POST Response : url=https://ropa-server.onrender.com/api/auth/login 
 status=200, reason=OK 
 headers={'date': 'Wed, 29 Apr 2026 20:44:00 GMT', 'server': 'uvicorn', 'content-length': '345', 'content-type': 'application/json'} 
 body={"success":true,"token":"eyJhbGciOiJIUzI1NiIsInR5cCI6IkpXVCJ9.eyJ1c2VySWQiOiIyOGQ0NmNkYy1lZTJjLTRjMDgtYmFhYy0zNDA5NWM3ZTFhOGMiLCJyb2xlIjoiQWRtaW4ifQ.X_7Sj-op9aW4C2mnsHDXCYmi2Szpcjqh3TFzq3kQI-E","user":{"id":"28d46cdc-ee2c-4c08-baac-34095c7e1a8c","username":"ADMIN01","email":"admin01@gmail.com","role":"Admin","department":null,"position":null}} 
 </msg>
<msg time="2026-04-30T03:44:02.627858" level="INFO">${resp} = &lt;Response [200]&gt;</msg>
<var>${resp}</var>
<arg>api</arg>
<arg>/api/auth/login</arg>
<arg>json=${body}</arg>
<arg>expected_status=200</arg>
<doc>Sends a POST request on a previously created HTTP Session.</doc>
<status status="PASS" start="2026-04-30T03:43:58.918730" elapsed="3.709158"/>
</kw>
<kw name="Get From Dictionary" owner="Collections">
<msg time="2026-04-30T03:44:02.629302" level="INFO">${token} = eyJhbGciOiJIUzI1NiIsInR5cCI6IkpXVCJ9.eyJ1c2VySWQiOiIyOGQ0NmNkYy1lZTJjLTRjMDgtYmFhYy0zNDA5NWM3ZTFhOGMiLCJyb2xlIjoiQWRtaW4ifQ.X_7Sj-op9aW4C2mnsHDXCYmi2Szpcjqh3TFzq3kQI-E</msg>
<var>${token}</var>
<arg>${resp.json()}</arg>
<arg>token</arg>
<doc>Returns a value from the given ``dictionary`` based on the given ``key``.</doc>
<status status="PASS" start="2026-04-30T03:44:02.628072" elapsed="0.001271"/>
</kw>
<return>
<value>${token}</value>
<status status="PASS" start="2026-04-30T03:44:02.629420" elapsed="0.000053"/>
</return>
<msg time="2026-04-30T03:44:02.629651" level="INFO">${token} = eyJhbGciOiJIUzI1NiIsInR5cCI6IkpXVCJ9.eyJ1c2VySWQiOiIyOGQ0NmNkYy1lZTJjLTRjMDgtYmFhYy0zNDA5NWM3ZTFhOGMiLCJyb2xlIjoiQWRtaW4ifQ.X_7Sj-op9aW4C2mnsHDXCYmi2Szpcjqh3TFzq3kQI-E</msg>
<var>${token}</var>
<arg>${ADMIN_EMAIL}</arg>
<arg>${ADMIN_PASSWORD}</arg>
<status status="PASS" start="2026-04-30T03:43:58.917807" elapsed="3.711872"/>
</kw>
<kw name="Authenticated Header" owner="keywords">
<kw name="Create Dictionary" owner="BuiltIn">
<msg time="2026-04-30T03:44:02.630867" level="INFO">${headers} = {'Authorization': 'Bearer eyJhbGciOiJIUzI1NiIsInR5cCI6IkpXVCJ9.eyJ1c2VySWQiOiIyOGQ0NmNkYy1lZTJjLTRjMDgtYmFhYy0zNDA5NWM3ZTFhOGMiLCJyb2xlIjoiQWRtaW4ifQ.X_7Sj-op9aW4C2mnsHDXCYmi2Szpcjqh3TFzq3kQI-E'}</msg>
<var>${headers}</var>
<arg>Authorization=Bearer ${token}</arg>
<doc>Creates and returns a dictionary based on the given ``items``.</doc>
<status status="PASS" start="2026-04-30T03:44:02.630477" elapsed="0.000421"/>
</kw>
<return>
<value>${headers}</value>
<status status="PASS" start="2026-04-30T03:44:02.630951" elapsed="0.000030"/>
</return>
<msg time="2026-04-30T03:44:02.631092" level="INFO">${headers} = {'Authorization': 'Bearer eyJhbGciOiJIUzI1NiIsInR5cCI6IkpXVCJ9.eyJ1c2VySWQiOiIyOGQ0NmNkYy1lZTJjLTRjMDgtYmFhYy0zNDA5NWM3ZTFhOGMiLCJyb2xlIjoiQWRtaW4ifQ.X_7Sj-op9aW4C2mnsHDXCYmi2Szpcjqh3TFzq3kQI-E'}</msg>
<var>${headers}</var>
<arg>${token}</arg>
<status status="PASS" start="2026-04-30T03:44:02.630120" elapsed="0.000995"/>
</kw>
<kw name="GET On Session" owner="RequestsLibrary">
<msg time="2026-04-30T03:44:03.452964" level="INFO">GET Request : url=https://ropa-server.onrender.com/api/admin/users/get 
 path_url=/api/admin/users/get 
 headers={'User-Agent': 'python-requests/2.32.5', 'Accept-Encoding': 'gzip, deflate', 'Accept': '*/*', 'Connection': 'keep-alive', 'Authorization': 'Bearer eyJhbGciOiJIUzI1NiIsInR5cCI6IkpXVCJ9.eyJ1c2VySWQiOiIyOGQ0NmNkYy1lZTJjLTRjMDgtYmFhYy0zNDA5NWM3ZTFhOGMiLCJyb2xlIjoiQWRtaW4ifQ.X_7Sj-op9aW4C2mnsHDXCYmi2Szpcjqh3TFzq3kQI-E'} 
 body=None 
 </msg>
<msg time="2026-04-30T03:44:03.453081" level="INFO">GET Response : url=https://ropa-server.onrender.com/api/admin/users/get 
 status=200, reason=OK 
 headers={'date': 'Wed, 29 Apr 2026 20:44:00 GMT', 'server': 'uvicorn', 'content-length': '3140', 'content-type': 'application/json'} 
 body=[{"id":"fd0a3990-4e06-4c08-9cda-4f232e36d87c","username":"VIEWER01","address":null,"email":"viewer01@gmail.com","password":"Qwerty123456","role":"Viewer","department_id":"c060fa62-3df0-4a80-a119-2ebc54e5d456","position":null,"status":"ACTIVE","failed_login_attempts":0,"is_locked":null,"created_at":"2026-04-29T18:07:48.660964+00:00","updated_at":"2026-04-29T18:07:48.660964+00:00","phone":null,"departments":{"department_name":"SALES"}},{"id":"b0207fac-ea5a-48de-b80a-83559f46f57c","username":"USER03","address":null,"email":"user03@gmail.com","password":"Qwerty123456","role":"User","department_id":"c060fa62-3df0-4a80-a119-2ebc54e5d456","position":null,"status":"ACTIVE","failed_login_attempts":0,"is_locked":null,"created_at":"2026-04-29T18:04:19.559365+00:00","updated_at":"2026-04-29T18:55:16.15125+00:00","phone":null,"departments":{"department_name":"SALES"}},{"id":"58ebea98-15eb-4374-b3f5-d64482c981d0","username":"USER01","address":null,"email":"lookfai1339@gmail.com","password":"Test123456","role":"User","department_id":"c5ed110a-3c91-4eac-9ad0-b1d1f64a3619","position":"Software Developer","status":"ACTIVE","failed_login_attempts":0,"is_locked":false,"created_at":"2026-04-23T06:14:13.160648+00:00","updated_at":"2026-04-29T19:01:19.483254+00:00","phone":"099999999","departments":{"department_name":"MARKETING"}},{"id":"5761b77c-0c28-4da6-a33c-190a7b8afb72","username":"USER02","address":null,"email":"user02@gmail.com","password":"Qwerty123456","role":"User","department_id":"51a02078-3e5e-4eb8-90b0-a6e212ad709b","position":null,"status":"ACTIVE","failed_login_attempts":0,"is_locked":null,"created_at":"2026-04-29T18:02:56+00:00","updated_at":"2026-04-29T20:43:09.090089+00:00","phone":null,"departments":{"department_name":"IT"}},{"id":"5d490b91-d0e9-4782-b936-bbe66f49124f","username":"DPO01","address":null,"email":"helloitme2288@gmail.com","password":"Qwerty123456","role":"DPO","department_id":"07bd8f73-9168-40e1-9ad0-f7fdf9171379","position":"HR Manager","status":"ACTIVE","failed_login_attempts":0,"is_locked":false,"created_at":"2026-04-27T14:37:15.635071+00:00","updated_at":"2026-04-29T20:43:42.876647+00:00","phone":"099999999","departments":{"department_name":"HR"}},{"id":"28d46cdc-ee2c-4c08-baac-34095c7e1a8c","username":"ADMIN01","address":null,"email":"admin01@gmail.com","password":"Qwerty123456","role":"Admin","department_id":"ff07bad7-48b8-4ac0-9757-c68d5156e076","position":null,"status":"ACTIVE","failed_login_attempts":0,"is_locked":false,"created_at":"2026-04-29T18:07:02.233686+00:00","updated_at":"2026-04-29T20:44:02.455051+00:00","phone":null,"departments":{"department_name":"PR"}},{"id":"43ba3f62-b04e-4146-ba97-737e82debe36","username":"ADMIN02","address":null,"email":"tiprada2299@gmail.com","password":"$2b$10$qDNKje0ZkLNw1RZcbt3hAejtXW.0jzLlPB1ndL3u9hsLpuy2YtO.e","role":"Admin","department_id":"c5ed110a-3c91-4eac-9ad0-b1d1f64a3619","position":"Software Developer","status":"ACTIVE","failed_login_attempts":0,"is_locked":false,"created_at":"2026-04-22T11:35:57.046396+00:00","updated_at":"2026-04-28T04:03:46.005009+00:00","phone":"090","departments":{"department_name":"MARKETING"}}] 
 </msg>
<msg time="2026-04-30T03:44:03.453386" level="INFO">${resp} = &lt;Response [200]&gt;</msg>
<var>${resp}</var>
<arg>api</arg>
<arg>/api/admin/users/get</arg>
<arg>headers=${headers}</arg>
<arg>expected_status=200</arg>
<doc>Sends a GET request on a previously created HTTP Session.</doc>
<status status="PASS" start="2026-04-30T03:44:02.631357" elapsed="0.822062"/>
</kw>
<kw name="Should Not Be Empty" owner="BuiltIn">
<msg time="2026-04-30T03:44:03.454671" level="INFO">Length is 7.</msg>
<arg>${resp.json()}</arg>
<doc>Verifies that the given item is not empty.</doc>
<status status="PASS" start="2026-04-30T03:44:03.453817" elapsed="0.000909"/>
</kw>
<status status="PASS" start="2026-04-30T03:43:58.917160" elapsed="4.537873"/>
</test>
<test id="s1-s3-t2" name="TC07 - Admin endpoint returns valid user list structure" line="17">
<kw name="Get Auth Token" owner="keywords">
<kw name="Create Dictionary" owner="BuiltIn">
<msg time="2026-04-30T03:44:03.457148" level="INFO">${body} = {'identifier': 'admin01@gmail.com', 'password': 'Qwerty123456'}</msg>
<var>${body}</var>
<arg>identifier=${email}</arg>
<arg>password=${password}</arg>
<doc>Creates and returns a dictionary based on the given ``items``.</doc>
<status status="PASS" start="2026-04-30T03:44:03.456676" elapsed="0.000506"/>
</kw>
<kw name="POST On Session" owner="RequestsLibrary">
<msg time="2026-04-30T03:44:05.161437" level="INFO">POST Request : url=https://ropa-server.onrender.com/api/auth/login 
 path_url=/api/auth/login 
 headers={'User-Agent': 'python-requests/2.32.5', 'Accept-Encoding': 'gzip, deflate', 'Accept': '*/*', 'Connection': 'keep-alive', 'Content-Length': '63', 'Content-Type': 'application/json'} 
 body=b'{"identifier": "admin01@gmail.com", "password": "Qwerty123456"}' 
 </msg>
<msg time="2026-04-30T03:44:05.161570" level="INFO">POST Response : url=https://ropa-server.onrender.com/api/auth/login 
 status=200, reason=OK 
 headers={'date': 'Wed, 29 Apr 2026 20:44:00 GMT', 'server': 'uvicorn', 'content-length': '345', 'content-type': 'application/json'} 
 body={"success":true,"token":"eyJhbGciOiJIUzI1NiIsInR5cCI6IkpXVCJ9.eyJ1c2VySWQiOiIyOGQ0NmNkYy1lZTJjLTRjMDgtYmFhYy0zNDA5NWM3ZTFhOGMiLCJyb2xlIjoiQWRtaW4ifQ.X_7Sj-op9aW4C2mnsHDXCYmi2Szpcjqh3TFzq3kQI-E","user":{"id":"28d46cdc-ee2c-4c08-baac-34095c7e1a8c","username":"ADMIN01","email":"admin01@gmail.com","role":"Admin","department":null,"position":null}} 
 </msg>
<msg time="2026-04-30T03:44:05.161750" level="INFO">${resp} = &lt;Response [200]&gt;</msg>
<var>${resp}</var>
<arg>api</arg>
<arg>/api/auth/login</arg>
<arg>json=${body}</arg>
<arg>expected_status=200</arg>
<doc>Sends a POST request on a previously created HTTP Session.</doc>
<status status="PASS" start="2026-04-30T03:44:03.457298" elapsed="1.704486"/>
</kw>
<kw name="Get From Dictionary" owner="Collections">
<msg time="2026-04-30T03:44:05.162805" level="INFO">${token} = eyJhbGciOiJIUzI1NiIsInR5cCI6IkpXVCJ9.eyJ1c2VySWQiOiIyOGQ0NmNkYy1lZTJjLTRjMDgtYmFhYy0zNDA5NWM3ZTFhOGMiLCJyb2xlIjoiQWRtaW4ifQ.X_7Sj-op9aW4C2mnsHDXCYmi2Szpcjqh3TFzq3kQI-E</msg>
<var>${token}</var>
<arg>${resp.json()}</arg>
<arg>token</arg>
<doc>Returns a value from the given ``dictionary`` based on the given ``key``.</doc>
<status status="PASS" start="2026-04-30T03:44:05.162004" elapsed="0.000837"/>
</kw>
<return>
<value>${token}</value>
<status status="PASS" start="2026-04-30T03:44:05.162914" elapsed="0.000047"/>
</return>
<msg time="2026-04-30T03:44:05.163114" level="INFO">${token} = eyJhbGciOiJIUzI1NiIsInR5cCI6IkpXVCJ9.eyJ1c2VySWQiOiIyOGQ0NmNkYy1lZTJjLTRjMDgtYmFhYy0zNDA5NWM3ZTFhOGMiLCJyb2xlIjoiQWRtaW4ifQ.X_7Sj-op9aW4C2mnsHDXCYmi2Szpcjqh3TFzq3kQI-E</msg>
<var>${token}</var>
<arg>${ADMIN_EMAIL}</arg>
<arg>${ADMIN_PASSWORD}</arg>
<status status="PASS" start="2026-04-30T03:44:03.456328" elapsed="1.706816"/>
</kw>
<kw name="Authenticated Header" owner="keywords">
<kw name="Create Dictionary" owner="BuiltIn">
<msg time="2026-04-30T03:44:05.164356" level="INFO">${headers} = {'Authorization': 'Bearer eyJhbGciOiJIUzI1NiIsInR5cCI6IkpXVCJ9.eyJ1c2VySWQiOiIyOGQ0NmNkYy1lZTJjLTRjMDgtYmFhYy0zNDA5NWM3ZTFhOGMiLCJyb2xlIjoiQWRtaW4ifQ.X_7Sj-op9aW4C2mnsHDXCYmi2Szpcjqh3TFzq3kQI-E'}</msg>
<var>${headers}</var>
<arg>Authorization=Bearer ${token}</arg>
<doc>Creates and returns a dictionary based on the given ``items``.</doc>
<status status="PASS" start="2026-04-30T03:44:05.163907" elapsed="0.000482"/>
</kw>
<return>
<value>${headers}</value>
<status status="PASS" start="2026-04-30T03:44:05.164449" elapsed="0.000034"/>
</return>
<msg time="2026-04-30T03:44:05.164605" level="INFO">${headers} = {'Authorization': 'Bearer eyJhbGciOiJIUzI1NiIsInR5cCI6IkpXVCJ9.eyJ1c2VySWQiOiIyOGQ0NmNkYy1lZTJjLTRjMDgtYmFhYy0zNDA5NWM3ZTFhOGMiLCJyb2xlIjoiQWRtaW4ifQ.X_7Sj-op9aW4C2mnsHDXCYmi2Szpcjqh3TFzq3kQI-E'}</msg>
<var>${headers}</var>
<arg>${token}</arg>
<status status="PASS" start="2026-04-30T03:44:05.163566" elapsed="0.001065"/>
</kw>
<kw name="GET On Session" owner="RequestsLibrary">
<msg time="2026-04-30T03:44:06.007436" level="INFO">GET Request : url=https://ropa-server.onrender.com/api/admin/users/get 
 path_url=/api/admin/users/get 
 headers={'User-Agent': 'python-requests/2.32.5', 'Accept-Encoding': 'gzip, deflate', 'Accept': '*/*', 'Connection': 'keep-alive', 'Authorization': 'Bearer eyJhbGciOiJIUzI1NiIsInR5cCI6IkpXVCJ9.eyJ1c2VySWQiOiIyOGQ0NmNkYy1lZTJjLTRjMDgtYmFhYy0zNDA5NWM3ZTFhOGMiLCJyb2xlIjoiQWRtaW4ifQ.X_7Sj-op9aW4C2mnsHDXCYmi2Szpcjqh3TFzq3kQI-E'} 
 body=None 
 </msg>
<msg time="2026-04-30T03:44:06.007616" level="INFO">GET Response : url=https://ropa-server.onrender.com/api/admin/users/get 
 status=200, reason=OK 
 headers={'date': 'Wed, 29 Apr 2026 20:44:00 GMT', 'server': 'uvicorn', 'content-length': '3139', 'content-type': 'application/json'} 
 body=[{"id":"fd0a3990-4e06-4c08-9cda-4f232e36d87c","username":"VIEWER01","address":null,"email":"viewer01@gmail.com","password":"Qwerty123456","role":"Viewer","department_id":"c060fa62-3df0-4a80-a119-2ebc54e5d456","position":null,"status":"ACTIVE","failed_login_attempts":0,"is_locked":null,"created_at":"2026-04-29T18:07:48.660964+00:00","updated_at":"2026-04-29T18:07:48.660964+00:00","phone":null,"departments":{"department_name":"SALES"}},{"id":"b0207fac-ea5a-48de-b80a-83559f46f57c","username":"USER03","address":null,"email":"user03@gmail.com","password":"Qwerty123456","role":"User","department_id":"c060fa62-3df0-4a80-a119-2ebc54e5d456","position":null,"status":"ACTIVE","failed_login_attempts":0,"is_locked":null,"created_at":"2026-04-29T18:04:19.559365+00:00","updated_at":"2026-04-29T18:55:16.15125+00:00","phone":null,"departments":{"department_name":"SALES"}},{"id":"58ebea98-15eb-4374-b3f5-d64482c981d0","username":"USER01","address":null,"email":"lookfai1339@gmail.com","password":"Test123456","role":"User","department_id":"c5ed110a-3c91-4eac-9ad0-b1d1f64a3619","position":"Software Developer","status":"ACTIVE","failed_login_attempts":0,"is_locked":false,"created_at":"2026-04-23T06:14:13.160648+00:00","updated_at":"2026-04-29T19:01:19.483254+00:00","phone":"099999999","departments":{"department_name":"MARKETING"}},{"id":"5761b77c-0c28-4da6-a33c-190a7b8afb72","username":"USER02","address":null,"email":"user02@gmail.com","password":"Qwerty123456","role":"User","department_id":"51a02078-3e5e-4eb8-90b0-a6e212ad709b","position":null,"status":"ACTIVE","failed_login_attempts":0,"is_locked":null,"created_at":"2026-04-29T18:02:56+00:00","updated_at":"2026-04-29T20:43:09.090089+00:00","phone":null,"departments":{"department_name":"IT"}},{"id":"5d490b91-d0e9-4782-b936-bbe66f49124f","username":"DPO01","address":null,"email":"helloitme2288@gmail.com","password":"Qwerty123456","role":"DPO","department_id":"07bd8f73-9168-40e1-9ad0-f7fdf9171379","position":"HR Manager","status":"ACTIVE","failed_login_attempts":0,"is_locked":false,"created_at":"2026-04-27T14:37:15.635071+00:00","updated_at":"2026-04-29T20:43:42.876647+00:00","phone":"099999999","departments":{"department_name":"HR"}},{"id":"28d46cdc-ee2c-4c08-baac-34095c7e1a8c","username":"ADMIN01","address":null,"email":"admin01@gmail.com","password":"Qwerty123456","role":"Admin","department_id":"ff07bad7-48b8-4ac0-9757-c68d5156e076","position":null,"status":"ACTIVE","failed_login_attempts":0,"is_locked":false,"created_at":"2026-04-29T18:07:02.233686+00:00","updated_at":"2026-04-29T20:44:04.99159+00:00","phone":null,"departments":{"department_name":"PR"}},{"id":"43ba3f62-b04e-4146-ba97-737e82debe36","username":"ADMIN02","address":null,"email":"tiprada2299@gmail.com","password":"$2b$10$qDNKje0ZkLNw1RZcbt3hAejtXW.0jzLlPB1ndL3u9hsLpuy2YtO.e","role":"Admin","department_id":"c5ed110a-3c91-4eac-9ad0-b1d1f64a3619","position":"Software Developer","status":"ACTIVE","failed_login_attempts":0,"is_locked":false,"created_at":"2026-04-22T11:35:57.046396+00:00","updated_at":"2026-04-28T04:03:46.005009+00:00","phone":"090","departments":{"department_name":"MARKETING"}}] 
 </msg>
<msg time="2026-04-30T03:44:06.007965" level="INFO">${resp} = &lt;Response [200]&gt;</msg>
<var>${resp}</var>
<arg>api</arg>
<arg>/api/admin/users/get</arg>
<arg>headers=${headers}</arg>
<arg>expected_status=200</arg>
<doc>Sends a GET request on a previously created HTTP Session.</doc>
<status status="PASS" start="2026-04-30T03:44:05.164950" elapsed="0.843096"/>
</kw>
<kw name="Set Variable" owner="BuiltIn">
<msg time="2026-04-30T03:44:06.009736" level="INFO">${users} = [{'id': 'fd0a3990-4e06-4c08-9cda-4f232e36d87c', 'username': 'VIEWER01', 'address': None, 'email': 'viewer01@gmail.com', 'password': 'Qwerty123456', 'role': 'Viewer', 'department_id': 'c060fa62-3df0-4a...</msg>
<var>${users}</var>
<arg>${resp.json()}</arg>
<doc>Returns the given values which can then be assigned to a variables.</doc>
<status status="PASS" start="2026-04-30T03:44:06.008515" elapsed="0.001270"/>
</kw>
<kw name="Should Not Be Empty" owner="BuiltIn">
<msg time="2026-04-30T03:44:06.010644" level="INFO">Length is 7.</msg>
<arg>${users}</arg>
<doc>Verifies that the given item is not empty.</doc>
<status status="PASS" start="2026-04-30T03:44:06.010117" elapsed="0.000591"/>
</kw>
<kw name="Get From List" owner="Collections">
<msg time="2026-04-30T03:44:06.011332" level="INFO">${first} = {'id': 'fd0a3990-4e06-4c08-9cda-4f232e36d87c', 'username': 'VIEWER01', 'address': None, 'email': 'viewer01@gmail.com', 'password': 'Qwerty123456', 'role': 'Viewer', 'department_id': 'c060fa62-3df0-4a8...</msg>
<var>${first}</var>
<arg>${users}</arg>
<arg>0</arg>
<doc>Returns the value specified with an ``index`` from ``list``.</doc>
<status status="PASS" start="2026-04-30T03:44:06.011045" elapsed="0.000334"/>
</kw>
<kw name="Dictionary Should Contain Key" owner="Collections">
<arg>${first}</arg>
<arg>id</arg>
<doc>Fails if ``key`` is not found from ``dictionary``.</doc>
<status status="PASS" start="2026-04-30T03:44:06.011796" elapsed="0.000473"/>
</kw>
<kw name="Dictionary Should Contain Key" owner="Collections">
<arg>${first}</arg>
<arg>email</arg>
<doc>Fails if ``key`` is not found from ``dictionary``.</doc>
<status status="PASS" start="2026-04-30T03:44:06.012779" elapsed="0.000216"/>
</kw>
<kw name="Dictionary Should Contain Key" owner="Collections">
<arg>${first}</arg>
<arg>role</arg>
<doc>Fails if ``key`` is not found from ``dictionary``.</doc>
<status status="PASS" start="2026-04-30T03:44:06.013843" elapsed="0.000251"/>
</kw>
<status status="PASS" start="2026-04-30T03:44:03.455666" elapsed="2.559725"/>
</test>
<test id="s1-s3-t3" name="TC08 - Admin can get specific user by id" line="30">
<kw name="Get Auth Token" owner="keywords">
<kw name="Create Dictionary" owner="BuiltIn">
<msg time="2026-04-30T03:44:06.018157" level="INFO">${body} = {'identifier': 'admin01@gmail.com', 'password': 'Qwerty123456'}</msg>
<var>${body}</var>
<arg>identifier=${email}</arg>
<arg>password=${password}</arg>
<doc>Creates and returns a dictionary based on the given ``items``.</doc>
<status status="PASS" start="2026-04-30T03:44:06.017649" elapsed="0.000557"/>
</kw>
<kw name="POST On Session" owner="RequestsLibrary">
<msg time="2026-04-30T03:44:07.751468" level="INFO">POST Request : url=https://ropa-server.onrender.com/api/auth/login 
 path_url=/api/auth/login 
 headers={'User-Agent': 'python-requests/2.32.5', 'Accept-Encoding': 'gzip, deflate', 'Accept': '*/*', 'Connection': 'keep-alive', 'Content-Length': '63', 'Content-Type': 'application/json'} 
 body=b'{"identifier": "admin01@gmail.com", "password": "Qwerty123456"}' 
 </msg>
<msg time="2026-04-30T03:44:07.751579" level="INFO">POST Response : url=https://ropa-server.onrender.com/api/auth/login 
 status=200, reason=OK 
 headers={'date': 'Wed, 29 Apr 2026 20:44:00 GMT', 'server': 'uvicorn', 'content-length': '345', 'content-type': 'application/json'} 
 body={"success":true,"token":"eyJhbGciOiJIUzI1NiIsInR5cCI6IkpXVCJ9.eyJ1c2VySWQiOiIyOGQ0NmNkYy1lZTJjLTRjMDgtYmFhYy0zNDA5NWM3ZTFhOGMiLCJyb2xlIjoiQWRtaW4ifQ.X_7Sj-op9aW4C2mnsHDXCYmi2Szpcjqh3TFzq3kQI-E","user":{"id":"28d46cdc-ee2c-4c08-baac-34095c7e1a8c","username":"ADMIN01","email":"admin01@gmail.com","role":"Admin","department":null,"position":null}} 
 </msg>
<msg time="2026-04-30T03:44:07.752308" level="INFO">${resp} = &lt;Response [200]&gt;</msg>
<var>${resp}</var>
<arg>api</arg>
<arg>/api/auth/login</arg>
<arg>json=${body}</arg>
<arg>expected_status=200</arg>
<doc>Sends a POST request on a previously created HTTP Session.</doc>
<status status="PASS" start="2026-04-30T03:44:06.018369" elapsed="1.733984"/>
</kw>
<kw name="Get From Dictionary" owner="Collections">
<msg time="2026-04-30T03:44:07.753466" level="INFO">${token} = eyJhbGciOiJIUzI1NiIsInR5cCI6IkpXVCJ9.eyJ1c2VySWQiOiIyOGQ0NmNkYy1lZTJjLTRjMDgtYmFhYy0zNDA5NWM3ZTFhOGMiLCJyb2xlIjoiQWRtaW4ifQ.X_7Sj-op9aW4C2mnsHDXCYmi2Szpcjqh3TFzq3kQI-E</msg>
<var>${token}</var>
<arg>${resp.json()}</arg>
<arg>token</arg>
<doc>Returns a value from the given ``dictionary`` based on the given ``key``.</doc>
<status status="PASS" start="2026-04-30T03:44:07.752607" elapsed="0.000907"/>
</kw>
<return>
<value>${token}</value>
<status status="PASS" start="2026-04-30T03:44:07.753603" elapsed="0.000055"/>
</return>
<msg time="2026-04-30T03:44:07.753847" level="INFO">${token} = eyJhbGciOiJIUzI1NiIsInR5cCI6IkpXVCJ9.eyJ1c2VySWQiOiIyOGQ0NmNkYy1lZTJjLTRjMDgtYmFhYy0zNDA5NWM3ZTFhOGMiLCJyb2xlIjoiQWRtaW4ifQ.X_7Sj-op9aW4C2mnsHDXCYmi2Szpcjqh3TFzq3kQI-E</msg>
<var>${token}</var>
<arg>${ADMIN_EMAIL}</arg>
<arg>${ADMIN_PASSWORD}</arg>
<status status="PASS" start="2026-04-30T03:44:06.017182" elapsed="1.736696"/>
</kw>
<kw name="Authenticated Header" owner="keywords">
<kw name="Create Dictionary" owner="BuiltIn">
<msg time="2026-04-30T03:44:07.755176" level="INFO">${headers} = {'Authorization': 'Bearer eyJhbGciOiJIUzI1NiIsInR5cCI6IkpXVCJ9.eyJ1c2VySWQiOiIyOGQ0NmNkYy1lZTJjLTRjMDgtYmFhYy0zNDA5NWM3ZTFhOGMiLCJyb2xlIjoiQWRtaW4ifQ.X_7Sj-op9aW4C2mnsHDXCYmi2Szpcjqh3TFzq3kQI-E'}</msg>
<var>${headers}</var>
<arg>Authorization=Bearer ${token}</arg>
<doc>Creates and returns a dictionary based on the given ``items``.</doc>
<status status="PASS" start="2026-04-30T03:44:07.754753" elapsed="0.000463"/>
</kw>
<return>
<value>${headers}</value>
<status status="PASS" start="2026-04-30T03:44:07.755282" elapsed="0.000032"/>
</return>
<msg time="2026-04-30T03:44:07.755457" level="INFO">${headers} = {'Authorization': 'Bearer eyJhbGciOiJIUzI1NiIsInR5cCI6IkpXVCJ9.eyJ1c2VySWQiOiIyOGQ0NmNkYy1lZTJjLTRjMDgtYmFhYy0zNDA5NWM3ZTFhOGMiLCJyb2xlIjoiQWRtaW4ifQ.X_7Sj-op9aW4C2mnsHDXCYmi2Szpcjqh3TFzq3kQI-E'}</msg>
<var>${headers}</var>
<arg>${token}</arg>
<status status="PASS" start="2026-04-30T03:44:07.754371" elapsed="0.001117"/>
</kw>
<kw name="GET On Session" owner="RequestsLibrary">
<msg time="2026-04-30T03:44:08.615148" level="INFO">GET Request : url=https://ropa-server.onrender.com/api/admin/users/get 
 path_url=/api/admin/users/get 
 headers={'User-Agent': 'python-requests/2.32.5', 'Accept-Encoding': 'gzip, deflate', 'Accept': '*/*', 'Connection': 'keep-alive', 'Authorization': 'Bearer eyJhbGciOiJIUzI1NiIsInR5cCI6IkpXVCJ9.eyJ1c2VySWQiOiIyOGQ0NmNkYy1lZTJjLTRjMDgtYmFhYy0zNDA5NWM3ZTFhOGMiLCJyb2xlIjoiQWRtaW4ifQ.X_7Sj-op9aW4C2mnsHDXCYmi2Szpcjqh3TFzq3kQI-E'} 
 body=None 
 </msg>
<msg time="2026-04-30T03:44:08.615251" level="INFO">GET Response : url=https://ropa-server.onrender.com/api/admin/users/get 
 status=200, reason=OK 
 headers={'date': 'Wed, 29 Apr 2026 20:44:00 GMT', 'server': 'uvicorn', 'content-length': '3140', 'content-type': 'application/json'} 
 body=[{"id":"fd0a3990-4e06-4c08-9cda-4f232e36d87c","username":"VIEWER01","address":null,"email":"viewer01@gmail.com","password":"Qwerty123456","role":"Viewer","department_id":"c060fa62-3df0-4a80-a119-2ebc54e5d456","position":null,"status":"ACTIVE","failed_login_attempts":0,"is_locked":null,"created_at":"2026-04-29T18:07:48.660964+00:00","updated_at":"2026-04-29T18:07:48.660964+00:00","phone":null,"departments":{"department_name":"SALES"}},{"id":"b0207fac-ea5a-48de-b80a-83559f46f57c","username":"USER03","address":null,"email":"user03@gmail.com","password":"Qwerty123456","role":"User","department_id":"c060fa62-3df0-4a80-a119-2ebc54e5d456","position":null,"status":"ACTIVE","failed_login_attempts":0,"is_locked":null,"created_at":"2026-04-29T18:04:19.559365+00:00","updated_at":"2026-04-29T18:55:16.15125+00:00","phone":null,"departments":{"department_name":"SALES"}},{"id":"58ebea98-15eb-4374-b3f5-d64482c981d0","username":"USER01","address":null,"email":"lookfai1339@gmail.com","password":"Test123456","role":"User","department_id":"c5ed110a-3c91-4eac-9ad0-b1d1f64a3619","position":"Software Developer","status":"ACTIVE","failed_login_attempts":0,"is_locked":false,"created_at":"2026-04-23T06:14:13.160648+00:00","updated_at":"2026-04-29T19:01:19.483254+00:00","phone":"099999999","departments":{"department_name":"MARKETING"}},{"id":"5761b77c-0c28-4da6-a33c-190a7b8afb72","username":"USER02","address":null,"email":"user02@gmail.com","password":"Qwerty123456","role":"User","department_id":"51a02078-3e5e-4eb8-90b0-a6e212ad709b","position":null,"status":"ACTIVE","failed_login_attempts":0,"is_locked":null,"created_at":"2026-04-29T18:02:56+00:00","updated_at":"2026-04-29T20:43:09.090089+00:00","phone":null,"departments":{"department_name":"IT"}},{"id":"5d490b91-d0e9-4782-b936-bbe66f49124f","username":"DPO01","address":null,"email":"helloitme2288@gmail.com","password":"Qwerty123456","role":"DPO","department_id":"07bd8f73-9168-40e1-9ad0-f7fdf9171379","position":"HR Manager","status":"ACTIVE","failed_login_attempts":0,"is_locked":false,"created_at":"2026-04-27T14:37:15.635071+00:00","updated_at":"2026-04-29T20:43:42.876647+00:00","phone":"099999999","departments":{"department_name":"HR"}},{"id":"28d46cdc-ee2c-4c08-baac-34095c7e1a8c","username":"ADMIN01","address":null,"email":"admin01@gmail.com","password":"Qwerty123456","role":"Admin","department_id":"ff07bad7-48b8-4ac0-9757-c68d5156e076","position":null,"status":"ACTIVE","failed_login_attempts":0,"is_locked":false,"created_at":"2026-04-29T18:07:02.233686+00:00","updated_at":"2026-04-29T20:44:07.561599+00:00","phone":null,"departments":{"department_name":"PR"}},{"id":"43ba3f62-b04e-4146-ba97-737e82debe36","username":"ADMIN02","address":null,"email":"tiprada2299@gmail.com","password":"$2b$10$qDNKje0ZkLNw1RZcbt3hAejtXW.0jzLlPB1ndL3u9hsLpuy2YtO.e","role":"Admin","department_id":"c5ed110a-3c91-4eac-9ad0-b1d1f64a3619","position":"Software Developer","status":"ACTIVE","failed_login_attempts":0,"is_locked":false,"created_at":"2026-04-22T11:35:57.046396+00:00","updated_at":"2026-04-28T04:03:46.005009+00:00","phone":"090","departments":{"department_name":"MARKETING"}}] 
 </msg>
<msg time="2026-04-30T03:44:08.615610" level="INFO">${resp} = &lt;Response [200]&gt;</msg>
<var>${resp}</var>
<arg>api</arg>
<arg>/api/admin/users/get</arg>
<arg>headers=${headers}</arg>
<arg>expected_status=200</arg>
<doc>Sends a GET request on a previously created HTTP Session.</doc>
<status status="PASS" start="2026-04-30T03:44:07.755754" elapsed="0.859888"/>
</kw>
<kw name="Get From List" owner="Collections">
<msg time="2026-04-30T03:44:08.616746" level="INFO">${first} = {'id': 'fd0a3990-4e06-4c08-9cda-4f232e36d87c', 'username': 'VIEWER01', 'address': None, 'email': 'viewer01@gmail.com', 'password': 'Qwerty123456', 'role': 'Viewer', 'department_id': 'c060fa62-3df0-4a8...</msg>
<var>${first}</var>
<arg>${resp.json()}</arg>
<arg>0</arg>
<doc>Returns the value specified with an ``index`` from ``list``.</doc>
<status status="PASS" start="2026-04-30T03:44:08.616005" elapsed="0.000772"/>
</kw>
<kw name="Get From Dictionary" owner="Collections">
<msg time="2026-04-30T03:44:08.617269" level="INFO">${uid} = fd0a3990-4e06-4c08-9cda-4f232e36d87c</msg>
<var>${uid}</var>
<arg>${first}</arg>
<arg>id</arg>
<doc>Returns a value from the given ``dictionary`` based on the given ``key``.</doc>
<status status="PASS" start="2026-04-30T03:44:08.617048" elapsed="0.000250"/>
</kw>
<kw name="Log" owner="BuiltIn">
<msg time="2026-04-30T03:44:08.617926" level="INFO">Found user id: fd0a3990-4e06-4c08-9cda-4f232e36d87c</msg>
<arg>Found user id: ${uid}</arg>
<doc>Logs the given message with the given level.</doc>
<status status="PASS" start="2026-04-30T03:44:08.617541" elapsed="0.000467"/>
</kw>
<status status="PASS" start="2026-04-30T03:44:06.016316" elapsed="2.602016"/>
</test>
<test id="s1-s3-t4" name="TC09 - Non-admin can access users endpoint (current behavior)" line="40">
<kw name="Get Auth Token" owner="keywords">
<kw name="Create Dictionary" owner="BuiltIn">
<msg time="2026-04-30T03:44:08.620505" level="INFO">${body} = {'identifier': 'user02@gmail.com', 'password': 'Qwerty123456'}</msg>
<var>${body}</var>
<arg>identifier=${email}</arg>
<arg>password=${password}</arg>
<doc>Creates and returns a dictionary based on the given ``items``.</doc>
<status status="PASS" start="2026-04-30T03:44:08.620057" elapsed="0.000482"/>
</kw>
<kw name="POST On Session" owner="RequestsLibrary">
<msg time="2026-04-30T03:44:10.310685" level="INFO">POST Request : url=https://ropa-server.onrender.com/api/auth/login 
 path_url=/api/auth/login 
 headers={'User-Agent': 'python-requests/2.32.5', 'Accept-Encoding': 'gzip, deflate', 'Accept': '*/*', 'Connection': 'keep-alive', 'Content-Length': '62', 'Content-Type': 'application/json'} 
 body=b'{"identifier": "user02@gmail.com", "password": "Qwerty123456"}' 
 </msg>
<msg time="2026-04-30T03:44:10.310794" level="INFO">POST Response : url=https://ropa-server.onrender.com/api/auth/login 
 status=200, reason=OK 
 headers={'date': 'Wed, 29 Apr 2026 20:44:00 GMT', 'server': 'uvicorn', 'content-length': '340', 'content-type': 'application/json'} 
 body={"success":true,"token":"eyJhbGciOiJIUzI1NiIsInR5cCI6IkpXVCJ9.eyJ1c2VySWQiOiI1NzYxYjc3Yy0wYzI4LTRkYTYtYTMzYy0xOTBhN2I4YWZiNzIiLCJyb2xlIjoiVXNlciJ9.Jjg3V78ZARmm-OEXB3LrkpFwr6wqW4FlPAY2hrDLC3I","user":{"id":"5761b77c-0c28-4da6-a33c-190a7b8afb72","username":"USER02","email":"user02@gmail.com","role":"User","department":null,"position":null}} 
 </msg>
<msg time="2026-04-30T03:44:10.310970" level="INFO">${resp} = &lt;Response [200]&gt;</msg>
<var>${resp}</var>
<arg>api</arg>
<arg>/api/auth/login</arg>
<arg>json=${body}</arg>
<arg>expected_status=200</arg>
<doc>Sends a POST request on a previously created HTTP Session.</doc>
<status status="PASS" start="2026-04-30T03:44:08.620665" elapsed="1.690348"/>
</kw>
<kw name="Get From Dictionary" owner="Collections">
<msg time="2026-04-30T03:44:10.312362" level="INFO">${token} = eyJhbGciOiJIUzI1NiIsInR5cCI6IkpXVCJ9.eyJ1c2VySWQiOiI1NzYxYjc3Yy0wYzI4LTRkYTYtYTMzYy0xOTBhN2I4YWZiNzIiLCJyb2xlIjoiVXNlciJ9.Jjg3V78ZARmm-OEXB3LrkpFwr6wqW4FlPAY2hrDLC3I</msg>
<var>${token}</var>
<arg>${resp.json()}</arg>
<arg>token</arg>
<doc>Returns a value from the given ``dictionary`` based on the given ``key``.</doc>
<status status="PASS" start="2026-04-30T03:44:10.311255" elapsed="0.001153"/>
</kw>
<return>
<value>${token}</value>
<status status="PASS" start="2026-04-30T03:44:10.312488" elapsed="0.000046"/>
</return>
<msg time="2026-04-30T03:44:10.312705" level="INFO">${token} = eyJhbGciOiJIUzI1NiIsInR5cCI6IkpXVCJ9.eyJ1c2VySWQiOiI1NzYxYjc3Yy0wYzI4LTRkYTYtYTMzYy0xOTBhN2I4YWZiNzIiLCJyb2xlIjoiVXNlciJ9.Jjg3V78ZARmm-OEXB3LrkpFwr6wqW4FlPAY2hrDLC3I</msg>
<var>${token}</var>
<arg>${USER_EMAIL}</arg>
<arg>${USER_PASSWORD}</arg>
<status status="PASS" start="2026-04-30T03:44:08.619561" elapsed="1.693169"/>
</kw>
<kw name="Authenticated Header" owner="keywords">
<kw name="Create Dictionary" owner="BuiltIn">
<msg time="2026-04-30T03:44:10.314093" level="INFO">${headers} = {'Authorization': 'Bearer eyJhbGciOiJIUzI1NiIsInR5cCI6IkpXVCJ9.eyJ1c2VySWQiOiI1NzYxYjc3Yy0wYzI4LTRkYTYtYTMzYy0xOTBhN2I4YWZiNzIiLCJyb2xlIjoiVXNlciJ9.Jjg3V78ZARmm-OEXB3LrkpFwr6wqW4FlPAY2hrDLC3I'}</msg>
<var>${headers}</var>
<arg>Authorization=Bearer ${token}</arg>
<doc>Creates and returns a dictionary based on the given ``items``.</doc>
<status status="PASS" start="2026-04-30T03:44:10.313628" elapsed="0.000507"/>
</kw>
<return>
<value>${headers}</value>
<status status="PASS" start="2026-04-30T03:44:10.314196" elapsed="0.000040"/>
</return>
<msg time="2026-04-30T03:44:10.314411" level="INFO">${headers} = {'Authorization': 'Bearer eyJhbGciOiJIUzI1NiIsInR5cCI6IkpXVCJ9.eyJ1c2VySWQiOiI1NzYxYjc3Yy0wYzI4LTRkYTYtYTMzYy0xOTBhN2I4YWZiNzIiLCJyb2xlIjoiVXNlciJ9.Jjg3V78ZARmm-OEXB3LrkpFwr6wqW4FlPAY2hrDLC3I'}</msg>
<var>${headers}</var>
<arg>${token}</arg>
<status status="PASS" start="2026-04-30T03:44:10.313228" elapsed="0.001211"/>
</kw>
<kw name="GET On Session" owner="RequestsLibrary">
<msg time="2026-04-30T03:44:11.147109" level="INFO">GET Request : url=https://ropa-server.onrender.com/api/admin/users/get 
 path_url=/api/admin/users/get 
 headers={'User-Agent': 'python-requests/2.32.5', 'Accept-Encoding': 'gzip, deflate', 'Accept': '*/*', 'Connection': 'keep-alive', 'Authorization': 'Bearer eyJhbGciOiJIUzI1NiIsInR5cCI6IkpXVCJ9.eyJ1c2VySWQiOiI1NzYxYjc3Yy0wYzI4LTRkYTYtYTMzYy0xOTBhN2I4YWZiNzIiLCJyb2xlIjoiVXNlciJ9.Jjg3V78ZARmm-OEXB3LrkpFwr6wqW4FlPAY2hrDLC3I'} 
 body=None 
 </msg>
<msg time="2026-04-30T03:44:11.147218" level="INFO">GET Response : url=https://ropa-server.onrender.com/api/admin/users/get 
 status=200, reason=OK 
 headers={'date': 'Wed, 29 Apr 2026 20:44:00 GMT', 'server': 'uvicorn', 'content-length': '3140', 'content-type': 'application/json'} 
 body=[{"id":"fd0a3990-4e06-4c08-9cda-4f232e36d87c","username":"VIEWER01","address":null,"email":"viewer01@gmail.com","password":"Qwerty123456","role":"Viewer","department_id":"c060fa62-3df0-4a80-a119-2ebc54e5d456","position":null,"status":"ACTIVE","failed_login_attempts":0,"is_locked":null,"created_at":"2026-04-29T18:07:48.660964+00:00","updated_at":"2026-04-29T18:07:48.660964+00:00","phone":null,"departments":{"department_name":"SALES"}},{"id":"b0207fac-ea5a-48de-b80a-83559f46f57c","username":"USER03","address":null,"email":"user03@gmail.com","password":"Qwerty123456","role":"User","department_id":"c060fa62-3df0-4a80-a119-2ebc54e5d456","position":null,"status":"ACTIVE","failed_login_attempts":0,"is_locked":null,"created_at":"2026-04-29T18:04:19.559365+00:00","updated_at":"2026-04-29T18:55:16.15125+00:00","phone":null,"departments":{"department_name":"SALES"}},{"id":"58ebea98-15eb-4374-b3f5-d64482c981d0","username":"USER01","address":null,"email":"lookfai1339@gmail.com","password":"Test123456","role":"User","department_id":"c5ed110a-3c91-4eac-9ad0-b1d1f64a3619","position":"Software Developer","status":"ACTIVE","failed_login_attempts":0,"is_locked":false,"created_at":"2026-04-23T06:14:13.160648+00:00","updated_at":"2026-04-29T19:01:19.483254+00:00","phone":"099999999","departments":{"department_name":"MARKETING"}},{"id":"5d490b91-d0e9-4782-b936-bbe66f49124f","username":"DPO01","address":null,"email":"helloitme2288@gmail.com","password":"Qwerty123456","role":"DPO","department_id":"07bd8f73-9168-40e1-9ad0-f7fdf9171379","position":"HR Manager","status":"ACTIVE","failed_login_attempts":0,"is_locked":false,"created_at":"2026-04-27T14:37:15.635071+00:00","updated_at":"2026-04-29T20:43:42.876647+00:00","phone":"099999999","departments":{"department_name":"HR"}},{"id":"28d46cdc-ee2c-4c08-baac-34095c7e1a8c","username":"ADMIN01","address":null,"email":"admin01@gmail.com","password":"Qwerty123456","role":"Admin","department_id":"ff07bad7-48b8-4ac0-9757-c68d5156e076","position":null,"status":"ACTIVE","failed_login_attempts":0,"is_locked":false,"created_at":"2026-04-29T18:07:02.233686+00:00","updated_at":"2026-04-29T20:44:07.561599+00:00","phone":null,"departments":{"department_name":"PR"}},{"id":"43ba3f62-b04e-4146-ba97-737e82debe36","username":"ADMIN02","address":null,"email":"tiprada2299@gmail.com","password":"$2b$10$qDNKje0ZkLNw1RZcbt3hAejtXW.0jzLlPB1ndL3u9hsLpuy2YtO.e","role":"Admin","department_id":"c5ed110a-3c91-4eac-9ad0-b1d1f64a3619","position":"Software Developer","status":"ACTIVE","failed_login_attempts":0,"is_locked":false,"created_at":"2026-04-22T11:35:57.046396+00:00","updated_at":"2026-04-28T04:03:46.005009+00:00","phone":"090","departments":{"department_name":"MARKETING"}},{"id":"5761b77c-0c28-4da6-a33c-190a7b8afb72","username":"USER02","address":null,"email":"user02@gmail.com","password":"Qwerty123456","role":"User","department_id":"51a02078-3e5e-4eb8-90b0-a6e212ad709b","position":null,"status":"ACTIVE","failed_login_attempts":0,"is_locked":null,"created_at":"2026-04-29T18:02:56+00:00","updated_at":"2026-04-29T20:44:10.126636+00:00","phone":null,"departments":{"department_name":"IT"}}] 
 </msg>
<msg time="2026-04-30T03:44:11.147685" level="INFO">${resp} = &lt;Response [200]&gt;</msg>
<var>${resp}</var>
<arg>api</arg>
<arg>/api/admin/users/get</arg>
<arg>headers=${headers}</arg>
<arg>expected_status=any</arg>
<doc>Sends a GET request on a previously created HTTP Session.</doc>
<status status="PASS" start="2026-04-30T03:44:10.314772" elapsed="0.832968"/>
</kw>
<kw name="Log" owner="BuiltIn">
<msg time="2026-04-30T03:44:11.149058" level="INFO">Status code: 200</msg>
<arg>Status code: ${resp.status_code}</arg>
<doc>Logs the given message with the given level.</doc>
<status status="PASS" start="2026-04-30T03:44:11.148132" elapsed="0.000997"/>
</kw>
<kw name="Should Be True" owner="BuiltIn">
<arg>${resp.status_code} == 200 or ${resp.status_code} == 403 or ${resp.status_code} == 401</arg>
<doc>Fails if the given condition is not true.</doc>
<status status="PASS" start="2026-04-30T03:44:11.149417" elapsed="0.003693"/>
</kw>
<status status="PASS" start="2026-04-30T03:44:08.618938" elapsed="2.534511"/>
</test>
<status status="PASS" start="2026-04-30T03:43:58.909931" elapsed="12.244336"/>
</suite>
<status status="PASS" start="2026-04-30T03:42:58.810112" elapsed="72.345317"/>
</suite>
<statistics>
<total>
<stat pass="12" fail="0" skip="0">All Tests</stat>
</total>
<tag>
</tag>
<suite>
<stat name="Test Case" id="s1" pass="12" fail="0" skip="0">Test Case</stat>
<stat name="Auth" id="s1-s1" pass="5" fail="0" skip="0">Test Case.Auth</stat>
<stat name="Ropa" id="s1-s2" pass="3" fail="0" skip="0">Test Case.Ropa</stat>
<stat name="User" id="s1-s3" pass="4" fail="0" skip="0">Test Case.User</stat>
</suite>
</statistics>
<errors>
</errors>
</robot>
