<?xml version="1.0" encoding="UTF-8"?>
<robot generator="Robot 7.4.2 (Python 3.13.6 on win32)" generated="2026-04-30T01:17:32.330006" rpa="false" schemaversion="5">
<suite id="s1" name="Suites" source="C:\Users\HP\Documents\GitHub\ROPA\backend\tests\suites">
<suite id="s1-s1" name="01 Auth" source="C:\Users\HP\Documents\GitHub\ROPA\backend\tests\suites\01_auth.robot">
<kw name="Create Session To API" owner="keywords" type="SETUP">
<kw name="Create Session" owner="RequestsLibrary">
<msg time="2026-04-30T01:17:33.389626" level="INFO">Creating Session using : alias=api, url=http://localhost:8000, headers={},                     cookies={}, auth=None, timeout=None, proxies=None, verify=False,                     debug=0 </msg>
<arg>api</arg>
<arg>${BASE_URL}</arg>
<arg>verify=False</arg>
<doc>Create Session: create a HTTP session to a server</doc>
<status status="PASS" start="2026-04-30T01:17:33.389002" elapsed="0.000985"/>
</kw>
<status status="PASS" start="2026-04-30T01:17:33.388210" elapsed="0.001946"/>
</kw>
<test id="s1-s1-t1" name="TC01 - Root endpoint should return running message" line="11">
<kw name="GET On Session" owner="RequestsLibrary">
<msg time="2026-04-30T01:17:35.590022" level="INFO">GET Request : url=http://localhost:8000/ 
 path_url=/ 
 headers={'User-Agent': 'python-requests/2.32.5', 'Accept-Encoding': 'gzip, deflate', 'Accept': '*/*', 'Connection': 'keep-alive'} 
 body=None 
 </msg>
<msg time="2026-04-30T01:17:35.590247" level="INFO">GET Response : url=http://localhost:8000/ 
 status=200, reason=OK 
 headers={'date': 'Wed, 29 Apr 2026 18:17:34 GMT', 'server': 'uvicorn', 'content-length': '28', 'content-type': 'application/json'} 
 body={"message":"Server running"} 
 </msg>
<msg time="2026-04-30T01:17:35.590486" level="INFO">${resp} = &lt;Response [200]&gt;</msg>
<var>${resp}</var>
<arg>api</arg>
<arg>/</arg>
<doc>Sends a GET request on a previously created HTTP Session.</doc>
<status status="PASS" start="2026-04-30T01:17:33.391369" elapsed="2.199167"/>
</kw>
<kw name="Should Be Equal As Integers" owner="BuiltIn">
<msg time="2026-04-30T01:17:35.592187" level="INFO">Argument types are:
&lt;class 'int'&gt;
&lt;class 'str'&gt;</msg>
<arg>${resp.status_code}</arg>
<arg>200</arg>
<doc>Fails if objects are unequal after converting them to integers.</doc>
<status status="PASS" start="2026-04-30T01:17:35.591269" elapsed="0.001007"/>
</kw>
<kw name="Get From Dictionary" owner="Collections">
<msg time="2026-04-30T01:17:35.593678" level="INFO">${msg} = Server running</msg>
<var>${msg}</var>
<arg>${resp.json()}</arg>
<arg>message</arg>
<doc>Returns a value from the given ``dictionary`` based on the given ``key``.</doc>
<status status="PASS" start="2026-04-30T01:17:35.592763" elapsed="0.000964"/>
</kw>
<kw name="Should Contain" owner="BuiltIn">
<arg>${msg}</arg>
<arg>running</arg>
<doc>Fails if ``container`` does not contain ``item`` one or more times.</doc>
<status status="PASS" start="2026-04-30T01:17:35.594046" elapsed="0.000582"/>
</kw>
<status status="PASS" start="2026-04-30T01:17:33.390327" elapsed="2.204658"/>
</test>
<test id="s1-s1-t2" name="TC02 - Login with valid credentials should return token" line="18">
<kw name="Create Dictionary" owner="BuiltIn">
<msg time="2026-04-30T01:17:35.597067" level="INFO">${body} = {'identifier': 'admin01@gmail.com', 'password': 'Qwerty123456'}</msg>
<var>${body}</var>
<arg>identifier=${ADMIN_EMAIL}</arg>
<arg>password=${ADMIN_PASSWORD}</arg>
<doc>Creates and returns a dictionary based on the given ``items``.</doc>
<status status="PASS" start="2026-04-30T01:17:35.596251" elapsed="0.000857"/>
</kw>
<kw name="POST On Session" owner="RequestsLibrary">
<msg time="2026-04-30T01:17:38.959810" level="INFO">POST Request : url=http://localhost:8000/api/auth/login 
 path_url=/api/auth/login 
 headers={'User-Agent': 'python-requests/2.32.5', 'Accept-Encoding': 'gzip, deflate', 'Accept': '*/*', 'Connection': 'keep-alive', 'Content-Length': '63', 'Content-Type': 'application/json'} 
 body=b'{"identifier": "admin01@gmail.com", "password": "Qwerty123456"}' 
 </msg>
<msg time="2026-04-30T01:17:38.959945" level="INFO">POST Response : url=http://localhost:8000/api/auth/login 
 status=200, reason=OK 
 headers={'date': 'Wed, 29 Apr 2026 18:17:34 GMT', 'server': 'uvicorn', 'content-length': '345', 'content-type': 'application/json'} 
 body={"success":true,"token":"eyJhbGciOiJIUzI1NiIsInR5cCI6IkpXVCJ9.eyJ1c2VySWQiOiIyOGQ0NmNkYy1lZTJjLTRjMDgtYmFhYy0zNDA5NWM3ZTFhOGMiLCJyb2xlIjoiQWRtaW4ifQ.X_7Sj-op9aW4C2mnsHDXCYmi2Szpcjqh3TFzq3kQI-E","user":{"id":"28d46cdc-ee2c-4c08-baac-34095c7e1a8c","username":"ADMIN01","email":"admin01@gmail.com","role":"Admin","department":null,"position":null}} 
 </msg>
<msg time="2026-04-30T01:17:38.960155" level="INFO">${resp} = &lt;Response [200]&gt;</msg>
<var>${resp}</var>
<arg>api</arg>
<arg>/api/auth/login</arg>
<arg>json=${body}</arg>
<arg>expected_status=200</arg>
<doc>Sends a POST request on a previously created HTTP Session.</doc>
<status status="PASS" start="2026-04-30T01:17:35.597406" elapsed="3.362785"/>
</kw>
<kw name="Response Should Have Key" owner="keywords">
<kw name="Dictionary Should Contain Key" owner="Collections">
<arg>${resp.json()}</arg>
<arg>${key}</arg>
<doc>Fails if ``key`` is not found from ``dictionary``.</doc>
<status status="PASS" start="2026-04-30T01:17:38.961410" elapsed="0.000895"/>
</kw>
<arg>${resp}</arg>
<arg>token</arg>
<status status="PASS" start="2026-04-30T01:17:38.960826" elapsed="0.001603"/>
</kw>
<kw name="Response Should Have Key" owner="keywords">
<kw name="Dictionary Should Contain Key" owner="Collections">
<arg>${resp.json()}</arg>
<arg>${key}</arg>
<doc>Fails if ``key`` is not found from ``dictionary``.</doc>
<status status="PASS" start="2026-04-30T01:17:38.963212" elapsed="0.000709"/>
</kw>
<arg>${resp}</arg>
<arg>user</arg>
<status status="PASS" start="2026-04-30T01:17:38.962806" elapsed="0.001227"/>
</kw>
<kw name="Get From Dictionary" owner="Collections">
<msg time="2026-04-30T01:17:38.965282" level="INFO">${user} = {'id': '28d46cdc-ee2c-4c08-baac-34095c7e1a8c', 'username': 'ADMIN01', 'email': 'admin01@gmail.com', 'role': 'Admin', 'department': None, 'position': None}</msg>
<var>${user}</var>
<arg>${resp.json()}</arg>
<arg>user</arg>
<doc>Returns a value from the given ``dictionary`` based on the given ``key``.</doc>
<status status="PASS" start="2026-04-30T01:17:38.964421" elapsed="0.000900"/>
</kw>
<kw name="Dictionary Should Contain Key" owner="Collections">
<arg>${user}</arg>
<arg>role</arg>
<doc>Fails if ``key`` is not found from ``dictionary``.</doc>
<status status="PASS" start="2026-04-30T01:17:38.965705" elapsed="0.000277"/>
</kw>
<status status="PASS" start="2026-04-30T01:17:35.595591" elapsed="3.370729"/>
</test>
<test id="s1-s1-t3" name="TC03 - Login with wrong password should return 401" line="32">
<kw name="Create Dictionary" owner="BuiltIn">
<msg time="2026-04-30T01:17:38.968344" level="INFO">${body} = {'identifier': 'admin01@gmail.com', 'password': 'wrongpassword'}</msg>
<var>${body}</var>
<arg>identifier=${ADMIN_EMAIL}</arg>
<arg>password=wrongpassword</arg>
<doc>Creates and returns a dictionary based on the given ``items``.</doc>
<status status="PASS" start="2026-04-30T01:17:38.967618" elapsed="0.000768"/>
</kw>
<kw name="POST On Session" owner="RequestsLibrary">
<msg time="2026-04-30T01:17:41.045407" level="INFO">POST Request : url=http://localhost:8000/api/auth/login 
 path_url=/api/auth/login 
 headers={'User-Agent': 'python-requests/2.32.5', 'Accept-Encoding': 'gzip, deflate', 'Accept': '*/*', 'Connection': 'keep-alive', 'Content-Length': '64', 'Content-Type': 'application/json'} 
 body=b'{"identifier": "admin01@gmail.com", "password": "wrongpassword"}' 
 </msg>
<msg time="2026-04-30T01:17:41.045506" level="INFO">POST Response : url=http://localhost:8000/api/auth/login 
 status=401, reason=Unauthorized 
 headers={'date': 'Wed, 29 Apr 2026 18:17:34 GMT', 'server': 'uvicorn', 'content-length': '125', 'content-type': 'application/json'} 
 body={"detail":{"success":false,"error":"Invalid username/email or password. 4 attempts remaining.","code":"INVALID_CREDENTIALS"}} 
 </msg>
<msg time="2026-04-30T01:17:41.046039" level="INFO">${resp} = &lt;Response [401]&gt;</msg>
<var>${resp}</var>
<arg>api</arg>
<arg>/api/auth/login</arg>
<arg>json=${body}</arg>
<arg>expected_status=401</arg>
<doc>Sends a POST request on a previously created HTTP Session.</doc>
<status status="PASS" start="2026-04-30T01:17:38.968781" elapsed="2.077297"/>
</kw>
<status status="PASS" start="2026-04-30T01:17:38.966942" elapsed="2.079661"/>
</test>
<test id="s1-s1-t4" name="TC04 - Login with empty identifier should return 400" line="42">
<kw name="Create Dictionary" owner="BuiltIn">
<msg time="2026-04-30T01:17:41.048904" level="INFO">${body} = {'identifier': '', 'password': 'Qwerty123456'}</msg>
<var>${body}</var>
<arg>identifier=${EMPTY}</arg>
<arg>password=${ADMIN_PASSWORD}</arg>
<doc>Creates and returns a dictionary based on the given ``items``.</doc>
<status status="PASS" start="2026-04-30T01:17:41.047820" elapsed="0.001125"/>
</kw>
<kw name="POST On Session" owner="RequestsLibrary">
<msg time="2026-04-30T01:17:41.052377" level="INFO">POST Request : url=http://localhost:8000/api/auth/login 
 path_url=/api/auth/login 
 headers={'User-Agent': 'python-requests/2.32.5', 'Accept-Encoding': 'gzip, deflate', 'Accept': '*/*', 'Connection': 'keep-alive', 'Content-Length': '46', 'Content-Type': 'application/json'} 
 body=b'{"identifier": "", "password": "Qwerty123456"}' 
 </msg>
<msg time="2026-04-30T01:17:41.052471" level="INFO">POST Response : url=http://localhost:8000/api/auth/login 
 status=400, reason=Bad Request 
 headers={'date': 'Wed, 29 Apr 2026 18:17:34 GMT', 'server': 'uvicorn', 'content-length': '75', 'content-type': 'application/json'} 
 body={"detail":{"success":false,"error":"Identifier and password are required"}} 
 </msg>
<msg time="2026-04-30T01:17:41.052622" level="INFO">${resp} = &lt;Response [400]&gt;</msg>
<var>${resp}</var>
<arg>api</arg>
<arg>/api/auth/login</arg>
<arg>json=${body}</arg>
<arg>expected_status=400</arg>
<doc>Sends a POST request on a previously created HTTP Session.</doc>
<status status="PASS" start="2026-04-30T01:17:41.049261" elapsed="0.003396"/>
</kw>
<status status="PASS" start="2026-04-30T01:17:41.047169" elapsed="0.005814"/>
</test>
<test id="s1-s1-t5" name="TC05 - Login with missing fields should return 400" line="52">
<kw name="Create Dictionary" owner="BuiltIn">
<msg time="2026-04-30T01:17:41.054631" level="INFO">${body} = {'identifier': 'admin01@gmail.com'}</msg>
<var>${body}</var>
<arg>identifier=${ADMIN_EMAIL}</arg>
<doc>Creates and returns a dictionary based on the given ``items``.</doc>
<status status="PASS" start="2026-04-30T01:17:41.054100" elapsed="0.000626"/>
</kw>
<kw name="POST On Session" owner="RequestsLibrary">
<msg time="2026-04-30T01:17:41.057904" level="INFO">POST Request : url=http://localhost:8000/api/auth/login 
 path_url=/api/auth/login 
 headers={'User-Agent': 'python-requests/2.32.5', 'Accept-Encoding': 'gzip, deflate', 'Accept': '*/*', 'Connection': 'keep-alive', 'Content-Length': '35', 'Content-Type': 'application/json'} 
 body=b'{"identifier": "admin01@gmail.com"}' 
 </msg>
<msg time="2026-04-30T01:17:41.057976" level="INFO">POST Response : url=http://localhost:8000/api/auth/login 
 status=400, reason=Bad Request 
 headers={'date': 'Wed, 29 Apr 2026 18:17:34 GMT', 'server': 'uvicorn', 'content-length': '75', 'content-type': 'application/json'} 
 body={"detail":{"success":false,"error":"Identifier and password are required"}} 
 </msg>
<msg time="2026-04-30T01:17:41.058095" level="INFO">${resp} = &lt;Response [400]&gt;</msg>
<var>${resp}</var>
<arg>api</arg>
<arg>/api/auth/login</arg>
<arg>json=${body}</arg>
<arg>expected_status=any</arg>
<doc>Sends a POST request on a previously created HTTP Session.</doc>
<status status="PASS" start="2026-04-30T01:17:41.055038" elapsed="0.003105"/>
</kw>
<kw name="Should Be True" owner="BuiltIn">
<arg>${resp.status_code} &gt;= 400</arg>
<doc>Fails if the given condition is not true.</doc>
<status status="PASS" start="2026-04-30T01:17:41.058594" elapsed="0.001817"/>
</kw>
<status status="PASS" start="2026-04-30T01:17:41.053568" elapsed="0.007171"/>
</test>
<status status="PASS" start="2026-04-30T01:17:32.496179" elapsed="8.566288"/>
</suite>
<suite id="s1-s2" name="02 Admin" source="C:\Users\HP\Documents\GitHub\ROPA\backend\tests\suites\02_admin.robot">
<kw name="Run Keywords" owner="BuiltIn" type="SETUP">
<kw name="Create Session To API" owner="keywords">
<kw name="Create Session" owner="RequestsLibrary">
<msg time="2026-04-30T01:17:41.077413" level="INFO">Creating Session using : alias=api, url=http://localhost:8000, headers={},                     cookies={}, auth=None, timeout=None, proxies=None, verify=False,                     debug=0 </msg>
<arg>api</arg>
<arg>${BASE_URL}</arg>
<arg>verify=False</arg>
<doc>Create Session: create a HTTP session to a server</doc>
<status status="PASS" start="2026-04-30T01:17:41.077041" elapsed="0.000730"/>
</kw>
<status status="PASS" start="2026-04-30T01:17:41.076686" elapsed="0.001213"/>
</kw>
<kw name="Get Admin Token">
<kw name="Get Auth Token" owner="keywords">
<kw name="Create Session To API" owner="keywords">
<kw name="Create Session" owner="RequestsLibrary">
<msg time="2026-04-30T01:17:41.080348" level="INFO">Creating Session using : alias=api, url=http://localhost:8000, headers={},                     cookies={}, auth=None, timeout=None, proxies=None, verify=False,                     debug=0 </msg>
<arg>api</arg>
<arg>${BASE_URL}</arg>
<arg>verify=False</arg>
<doc>Create Session: create a HTTP session to a server</doc>
<status status="PASS" start="2026-04-30T01:17:41.080127" elapsed="0.000417"/>
</kw>
<status status="PASS" start="2026-04-30T01:17:41.079924" elapsed="0.000715"/>
</kw>
<kw name="Create Dictionary" owner="BuiltIn">
<msg time="2026-04-30T01:17:41.081378" level="INFO">${body} = {'identifier': 'admin01@gmail.com', 'password': 'Qwerty123456'}</msg>
<var>${body}</var>
<arg>identifier=${email}</arg>
<arg>password=${password}</arg>
<doc>Creates and returns a dictionary based on the given ``items``.</doc>
<status status="PASS" start="2026-04-30T01:17:41.080801" elapsed="0.000616"/>
</kw>
<kw name="POST On Session" owner="RequestsLibrary">
<msg time="2026-04-30T01:17:45.015635" level="INFO">POST Request : url=http://localhost:8000/api/auth/login 
 path_url=/api/auth/login 
 headers={'User-Agent': 'python-requests/2.32.5', 'Accept-Encoding': 'gzip, deflate', 'Accept': '*/*', 'Connection': 'keep-alive', 'Content-Length': '63', 'Content-Type': 'application/json'} 
 body=b'{"identifier": "admin01@gmail.com", "password": "Qwerty123456"}' 
 </msg>
<msg time="2026-04-30T01:17:45.015762" level="INFO">POST Response : url=http://localhost:8000/api/auth/login 
 status=200, reason=OK 
 headers={'date': 'Wed, 29 Apr 2026 18:17:42 GMT', 'server': 'uvicorn', 'content-length': '345', 'content-type': 'application/json'} 
 body={"success":true,"token":"eyJhbGciOiJIUzI1NiIsInR5cCI6IkpXVCJ9.eyJ1c2VySWQiOiIyOGQ0NmNkYy1lZTJjLTRjMDgtYmFhYy0zNDA5NWM3ZTFhOGMiLCJyb2xlIjoiQWRtaW4ifQ.X_7Sj-op9aW4C2mnsHDXCYmi2Szpcjqh3TFzq3kQI-E","user":{"id":"28d46cdc-ee2c-4c08-baac-34095c7e1a8c","username":"ADMIN01","email":"admin01@gmail.com","role":"Admin","department":null,"position":null}} 
 </msg>
<msg time="2026-04-30T01:17:45.015953" level="INFO">${resp} = &lt;Response [200]&gt;</msg>
<var>${resp}</var>
<arg>api</arg>
<arg>/api/auth/login</arg>
<arg>json=${body}</arg>
<arg>expected_status=200</arg>
<doc>Sends a POST request on a previously created HTTP Session.</doc>
<status status="PASS" start="2026-04-30T01:17:41.081592" elapsed="3.934393"/>
</kw>
<kw name="Get From Dictionary" owner="Collections">
<msg time="2026-04-30T01:17:45.017069" level="INFO">${token} = eyJhbGciOiJIUzI1NiIsInR5cCI6IkpXVCJ9.eyJ1c2VySWQiOiIyOGQ0NmNkYy1lZTJjLTRjMDgtYmFhYy0zNDA5NWM3ZTFhOGMiLCJyb2xlIjoiQWRtaW4ifQ.X_7Sj-op9aW4C2mnsHDXCYmi2Szpcjqh3TFzq3kQI-E</msg>
<var>${token}</var>
<arg>${resp.json()}</arg>
<arg>token</arg>
<doc>Returns a value from the given ``dictionary`` based on the given ``key``.</doc>
<status status="PASS" start="2026-04-30T01:17:45.016215" elapsed="0.000895"/>
</kw>
<return>
<value>${token}</value>
<status status="PASS" start="2026-04-30T01:17:45.017407" elapsed="0.000086"/>
</return>
<msg time="2026-04-30T01:17:45.017688" level="INFO">${token} = eyJhbGciOiJIUzI1NiIsInR5cCI6IkpXVCJ9.eyJ1c2VySWQiOiIyOGQ0NmNkYy1lZTJjLTRjMDgtYmFhYy0zNDA5NWM3ZTFhOGMiLCJyb2xlIjoiQWRtaW4ifQ.X_7Sj-op9aW4C2mnsHDXCYmi2Szpcjqh3TFzq3kQI-E</msg>
<var>${token}</var>
<arg>${ADMIN_EMAIL}</arg>
<arg>${ADMIN_PASSWORD}</arg>
<status status="PASS" start="2026-04-30T01:17:41.078433" elapsed="3.939288"/>
</kw>
<kw name="Set Suite Variable" owner="BuiltIn">
<msg time="2026-04-30T01:17:45.018351" level="INFO">${ADMIN_TOKEN} = eyJhbGciOiJIUzI1NiIsInR5cCI6IkpXVCJ9.eyJ1c2VySWQiOiIyOGQ0NmNkYy1lZTJjLTRjMDgtYmFhYy0zNDA5NWM3ZTFhOGMiLCJyb2xlIjoiQWRtaW4ifQ.X_7Sj-op9aW4C2mnsHDXCYmi2Szpcjqh3TFzq3kQI-E</msg>
<arg>${ADMIN_TOKEN}</arg>
<arg>${token}</arg>
<doc>Makes a variable available everywhere within the scope of the current suite.</doc>
<status status="PASS" start="2026-04-30T01:17:45.017890" elapsed="0.000515"/>
</kw>
<status status="PASS" start="2026-04-30T01:17:41.078110" elapsed="3.940372"/>
</kw>
<arg>Create Session To API</arg>
<arg>AND</arg>
<arg>Get Admin Token</arg>
<doc>Executes all the given keywords in a sequence.</doc>
<status status="PASS" start="2026-04-30T01:17:41.075504" elapsed="3.943024"/>
</kw>
<test id="s1-s2-t1" name="TC01 - Get all users should return list" line="18">
<kw name="Auth Header" owner="keywords">
<kw name="Create Dictionary" owner="BuiltIn">
<msg time="2026-04-30T01:17:45.020215" level="INFO">${headers} = {'Authorization': 'Bearer eyJhbGciOiJIUzI1NiIsInR5cCI6IkpXVCJ9.eyJ1c2VySWQiOiIyOGQ0NmNkYy1lZTJjLTRjMDgtYmFhYy0zNDA5NWM3ZTFhOGMiLCJyb2xlIjoiQWRtaW4ifQ.X_7Sj-op9aW4C2mnsHDXCYmi2Szpcjqh3TFzq3kQI-E', 'Con...</msg>
<var>${headers}</var>
<arg>Authorization=Bearer ${token}</arg>
<arg>Content-Type=application/json</arg>
<doc>Creates and returns a dictionary based on the given ``items``.</doc>
<status status="PASS" start="2026-04-30T01:17:45.019673" elapsed="0.000582"/>
</kw>
<return>
<value>${headers}</value>
<status status="PASS" start="2026-04-30T01:17:45.020338" elapsed="0.000066"/>
</return>
<msg time="2026-04-30T01:17:45.020812" level="INFO">${headers} = {'Authorization': 'Bearer eyJhbGciOiJIUzI1NiIsInR5cCI6IkpXVCJ9.eyJ1c2VySWQiOiIyOGQ0NmNkYy1lZTJjLTRjMDgtYmFhYy0zNDA5NWM3ZTFhOGMiLCJyb2xlIjoiQWRtaW4ifQ.X_7Sj-op9aW4C2mnsHDXCYmi2Szpcjqh3TFzq3kQI-E', 'Con...</msg>
<var>${headers}</var>
<arg>${ADMIN_TOKEN}</arg>
<status status="PASS" start="2026-04-30T01:17:45.019302" elapsed="0.001554"/>
</kw>
<kw name="GET On Session" owner="RequestsLibrary">
<msg time="2026-04-30T01:17:45.024951" level="INFO">GET Request : url=http://localhost:8000/api/admin/users 
 path_url=/api/admin/users 
 headers={'User-Agent': 'python-requests/2.32.5', 'Accept-Encoding': 'gzip, deflate', 'Accept': '*/*', 'Connection': 'keep-alive', 'Authorization': 'Bearer eyJhbGciOiJIUzI1NiIsInR5cCI6IkpXVCJ9.eyJ1c2VySWQiOiIyOGQ0NmNkYy1lZTJjLTRjMDgtYmFhYy0zNDA5NWM3ZTFhOGMiLCJyb2xlIjoiQWRtaW4ifQ.X_7Sj-op9aW4C2mnsHDXCYmi2Szpcjqh3TFzq3kQI-E', 'Content-Type': 'application/json'} 
 body=None 
 </msg>
<msg time="2026-04-30T01:17:45.025069" level="INFO">GET Response : url=http://localhost:8000/api/admin/users 
 status=405, reason=Method Not Allowed 
 headers={'date': 'Wed, 29 Apr 2026 18:17:42 GMT', 'server': 'uvicorn', 'allow': 'POST', 'content-length': '31', 'content-type': 'application/json'} 
 body={"detail":"Method Not Allowed"} 
 </msg>
<msg time="2026-04-30T01:17:45.025310" level="FAIL">Url: http://localhost:8000/api/admin/users Expected status: 405 != 200</msg>
<var>${resp}</var>
<arg>api</arg>
<arg>/api/admin/users</arg>
<arg>headers=${headers}</arg>
<arg>expected_status=200</arg>
<doc>Sends a GET request on a previously created HTTP Session.</doc>
<status status="FAIL" start="2026-04-30T01:17:45.021211" elapsed="0.010928">Url: http://localhost:8000/api/admin/users Expected status: 405 != 200</status>
</kw>
<kw name="Set Variable" owner="BuiltIn">
<var>${data}</var>
<arg>${resp.json()}</arg>
<doc>Returns the given values which can then be assigned to a variables.</doc>
<status status="NOT RUN" start="2026-04-30T01:17:45.032871" elapsed="0.000052"/>
</kw>
<kw name="Should Not Be Empty" owner="BuiltIn">
<arg>${data}</arg>
<doc>Verifies that the given item is not empty.</doc>
<status status="NOT RUN" start="2026-04-30T01:17:45.033232" elapsed="0.000038"/>
</kw>
<status status="FAIL" start="2026-04-30T01:17:45.018616" elapsed="0.015091">Url: http://localhost:8000/api/admin/users Expected status: 405 != 200</status>
</test>
<test id="s1-s2-t2" name="TC02 - Get users without token should return 401" line="28">
<kw name="GET On Session" owner="RequestsLibrary">
<msg time="2026-04-30T01:17:45.039474" level="INFO">GET Request : url=http://localhost:8000/api/admin/users 
 path_url=/api/admin/users 
 headers={'User-Agent': 'python-requests/2.32.5', 'Accept-Encoding': 'gzip, deflate', 'Accept': '*/*', 'Connection': 'keep-alive'} 
 body=None 
 </msg>
<msg time="2026-04-30T01:17:45.039604" level="INFO">GET Response : url=http://localhost:8000/api/admin/users 
 status=405, reason=Method Not Allowed 
 headers={'date': 'Wed, 29 Apr 2026 18:17:42 GMT', 'server': 'uvicorn', 'allow': 'POST', 'content-length': '31', 'content-type': 'application/json'} 
 body={"detail":"Method Not Allowed"} 
 </msg>
<msg time="2026-04-30T01:17:45.039797" level="FAIL">Url: http://localhost:8000/api/admin/users Expected status: 405 != 401</msg>
<var>${resp}</var>
<arg>api</arg>
<arg>/api/admin/users</arg>
<arg>expected_status=401</arg>
<doc>Sends a GET request on a previously created HTTP Session.</doc>
<status status="FAIL" start="2026-04-30T01:17:45.035126" elapsed="0.006933">Url: http://localhost:8000/api/admin/users Expected status: 405 != 401</status>
</kw>
<status status="FAIL" start="2026-04-30T01:17:45.034507" elapsed="0.008074">Url: http://localhost:8000/api/admin/users Expected status: 405 != 401</status>
</test>
<test id="s1-s2-t3" name="TC03 - Create user with valid data should return 200" line="35">
<kw name="Auth Header" owner="keywords">
<kw name="Create Dictionary" owner="BuiltIn">
<msg time="2026-04-30T01:17:45.045119" level="INFO">${headers} = {'Authorization': 'Bearer eyJhbGciOiJIUzI1NiIsInR5cCI6IkpXVCJ9.eyJ1c2VySWQiOiIyOGQ0NmNkYy1lZTJjLTRjMDgtYmFhYy0zNDA5NWM3ZTFhOGMiLCJyb2xlIjoiQWRtaW4ifQ.X_7Sj-op9aW4C2mnsHDXCYmi2Szpcjqh3TFzq3kQI-E', 'Con...</msg>
<var>${headers}</var>
<arg>Authorization=Bearer ${token}</arg>
<arg>Content-Type=application/json</arg>
<doc>Creates and returns a dictionary based on the given ``items``.</doc>
<status status="PASS" start="2026-04-30T01:17:45.044608" elapsed="0.000550"/>
</kw>
<return>
<value>${headers}</value>
<status status="PASS" start="2026-04-30T01:17:45.045225" elapsed="0.000042"/>
</return>
<msg time="2026-04-30T01:17:45.045395" level="INFO">${headers} = {'Authorization': 'Bearer eyJhbGciOiJIUzI1NiIsInR5cCI6IkpXVCJ9.eyJ1c2VySWQiOiIyOGQ0NmNkYy1lZTJjLTRjMDgtYmFhYy0zNDA5NWM3ZTFhOGMiLCJyb2xlIjoiQWRtaW4ifQ.X_7Sj-op9aW4C2mnsHDXCYmi2Szpcjqh3TFzq3kQI-E', 'Con...</msg>
<var>${headers}</var>
<arg>${ADMIN_TOKEN}</arg>
<status status="PASS" start="2026-04-30T01:17:45.044067" elapsed="0.001354"/>
</kw>
<kw name="Create Dictionary" owner="BuiltIn">
<msg time="2026-04-30T01:17:45.047172" level="FAIL">Variable '${RANDOM}' not found.</msg>
<var>${body}</var>
<arg>fullName=Test Robot User</arg>
<arg>email=robot_test_${RANDOM}@test.com</arg>
<arg>password=TestPass123</arg>
<arg>phone=0812345678</arg>
<arg>role=User</arg>
<doc>Creates and returns a dictionary based on the given ``items``.</doc>
<status status="FAIL" start="2026-04-30T01:17:45.045815" elapsed="0.001462">Variable '${RANDOM}' not found.</status>
</kw>
<kw name="POST On Session" owner="RequestsLibrary">
<var>${resp}</var>
<arg>api</arg>
<arg>/api/admin/users</arg>
<arg>json=${body}</arg>
<arg>headers=${headers}</arg>
<arg>expected_status=200</arg>
<doc>Sends a POST request on a previously created HTTP Session.</doc>
<status status="NOT RUN" start="2026-04-30T01:17:45.047657" elapsed="0.000041"/>
</kw>
<kw name="Response Should Have Key" owner="keywords">
<arg>${resp}</arg>
<arg>message</arg>
<status status="NOT RUN" start="2026-04-30T01:17:45.048210" elapsed="0.000035"/>
</kw>
<kw name="Get From Dictionary" owner="Collections">
<var>${user}</var>
<arg>${resp.json()}</arg>
<arg>user</arg>
<doc>Returns a value from the given ``dictionary`` based on the given ``key``.</doc>
<status status="NOT RUN" start="2026-04-30T01:17:45.048502" elapsed="0.000023"/>
</kw>
<kw name="Get From Dictionary" owner="Collections">
<var>${uid}</var>
<arg>${user}</arg>
<arg>id</arg>
<doc>Returns a value from the given ``dictionary`` based on the given ``key``.</doc>
<status status="NOT RUN" start="2026-04-30T01:17:45.048721" elapsed="0.000022"/>
</kw>
<kw name="Set Suite Variable" owner="BuiltIn">
<arg>${CREATED_USER_ID}</arg>
<arg>${uid}</arg>
<doc>Makes a variable available everywhere within the scope of the current suite.</doc>
<status status="NOT RUN" start="2026-04-30T01:17:45.048999" elapsed="0.000025"/>
</kw>
<status status="FAIL" start="2026-04-30T01:17:45.043356" elapsed="0.005998">Variable '${RANDOM}' not found.</status>
</test>
<test id="s1-s2-t4" name="TC04 - Create user without required fields should return 400" line="54">
<kw name="Auth Header" owner="keywords">
<kw name="Create Dictionary" owner="BuiltIn">
<msg time="2026-04-30T01:17:45.051738" level="INFO">${headers} = {'Authorization': 'Bearer eyJhbGciOiJIUzI1NiIsInR5cCI6IkpXVCJ9.eyJ1c2VySWQiOiIyOGQ0NmNkYy1lZTJjLTRjMDgtYmFhYy0zNDA5NWM3ZTFhOGMiLCJyb2xlIjoiQWRtaW4ifQ.X_7Sj-op9aW4C2mnsHDXCYmi2Szpcjqh3TFzq3kQI-E', 'Con...</msg>
<var>${headers}</var>
<arg>Authorization=Bearer ${token}</arg>
<arg>Content-Type=application/json</arg>
<doc>Creates and returns a dictionary based on the given ``items``.</doc>
<status status="PASS" start="2026-04-30T01:17:45.051261" elapsed="0.000519"/>
</kw>
<return>
<value>${headers}</value>
<status status="PASS" start="2026-04-30T01:17:45.051853" elapsed="0.000049"/>
</return>
<msg time="2026-04-30T01:17:45.052045" level="INFO">${headers} = {'Authorization': 'Bearer eyJhbGciOiJIUzI1NiIsInR5cCI6IkpXVCJ9.eyJ1c2VySWQiOiIyOGQ0NmNkYy1lZTJjLTRjMDgtYmFhYy0zNDA5NWM3ZTFhOGMiLCJyb2xlIjoiQWRtaW4ifQ.X_7Sj-op9aW4C2mnsHDXCYmi2Szpcjqh3TFzq3kQI-E', 'Con...</msg>
<var>${headers}</var>
<arg>${ADMIN_TOKEN}</arg>
<status status="PASS" start="2026-04-30T01:17:45.050597" elapsed="0.001482"/>
</kw>
<kw name="Create Dictionary" owner="BuiltIn">
<msg time="2026-04-30T01:17:45.053165" level="INFO">${body} = {'phone': '0812345678'}</msg>
<var>${body}</var>
<arg>phone=0812345678</arg>
<doc>Creates and returns a dictionary based on the given ``items``.</doc>
<status status="PASS" start="2026-04-30T01:17:45.052656" elapsed="0.000556"/>
</kw>
<kw name="POST On Session" owner="RequestsLibrary">
<msg time="2026-04-30T01:17:45.077236" level="INFO">POST Request : url=http://localhost:8000/api/admin/users 
 path_url=/api/admin/users 
 headers={'User-Agent': 'python-requests/2.32.5', 'Accept-Encoding': 'gzip, deflate', 'Accept': '*/*', 'Connection': 'keep-alive', 'Authorization': 'Bearer eyJhbGciOiJIUzI1NiIsInR5cCI6IkpXVCJ9.eyJ1c2VySWQiOiIyOGQ0NmNkYy1lZTJjLTRjMDgtYmFhYy0zNDA5NWM3ZTFhOGMiLCJyb2xlIjoiQWRtaW4ifQ.X_7Sj-op9aW4C2mnsHDXCYmi2Szpcjqh3TFzq3kQI-E', 'Content-Type': 'application/json', 'Content-Length': '23'} 
 body=b'{"phone": "0812345678"}' 
 </msg>
<msg time="2026-04-30T01:17:45.077377" level="INFO">POST Response : url=http://localhost:8000/api/admin/users 
 status=500, reason=Internal Server Error 
 headers={'date': 'Wed, 29 Apr 2026 18:17:42 GMT', 'server': 'uvicorn', 'content-length': '25', 'content-type': 'application/json'} 
 body={"detail":"Server error"} 
 </msg>
<msg time="2026-04-30T01:17:45.077687" level="FAIL">Url: http://localhost:8000/api/admin/users Expected status: 500 != 400</msg>
<var>${resp}</var>
<arg>api</arg>
<arg>/api/admin/users</arg>
<arg>json=${body}</arg>
<arg>headers=${headers}</arg>
<arg>expected_status=400</arg>
<doc>Sends a POST request on a previously created HTTP Session.</doc>
<status status="FAIL" start="2026-04-30T01:17:45.053769" elapsed="0.026155">Url: http://localhost:8000/api/admin/users Expected status: 500 != 400</status>
</kw>
<status status="FAIL" start="2026-04-30T01:17:45.049919" elapsed="0.030559">Url: http://localhost:8000/api/admin/users Expected status: 500 != 400</status>
</test>
<test id="s1-s2-t5" name="TC05 - Edit existing user should return success" line="65">
<kw name="Skip If" owner="BuiltIn">
<msg time="2026-04-30T01:17:45.083688" level="SKIP">No user created in TC03</msg>
<arg>'${CREATED_USER_ID}' == '${EMPTY}'</arg>
<arg>No user created in TC03</arg>
<doc>Skips the rest of the current test if the ``condition`` is True.</doc>
<status status="SKIP" start="2026-04-30T01:17:45.082242" elapsed="0.001631">No user created in TC03</status>
</kw>
<kw name="Auth Header" owner="keywords">
<var>${headers}</var>
<arg>${ADMIN_TOKEN}</arg>
<status status="NOT RUN" start="2026-04-30T01:17:45.084548" elapsed="0.000064"/>
</kw>
<kw name="Create Dictionary" owner="BuiltIn">
<var>${body}</var>
<arg>fullName=Updated Robot User</arg>
<arg>email=robot_updated@test.com</arg>
<arg>role=User</arg>
<arg>accountStatus=Active</arg>
<arg>lockStatus=Unlocked</arg>
<doc>Creates and returns a dictionary based on the given ``items``.</doc>
<status status="NOT RUN" start="2026-04-30T01:17:45.085023" elapsed="0.000047"/>
</kw>
<kw name="PUT On Session" owner="RequestsLibrary">
<var>${resp}</var>
<arg>api</arg>
<arg>/api/admin/users/${CREATED_USER_ID}</arg>
<arg>json=${body}</arg>
<arg>headers=${headers}</arg>
<arg>expected_status=200</arg>
<doc>Sends a PUT request on a previously created HTTP Session.</doc>
<status status="NOT RUN" start="2026-04-30T01:17:45.085428" elapsed="0.000030"/>
</kw>
<kw name="Response Should Have Key" owner="keywords">
<arg>${resp}</arg>
<arg>message</arg>
<status status="NOT RUN" start="2026-04-30T01:17:45.085851" elapsed="0.000040"/>
</kw>
<status status="SKIP" start="2026-04-30T01:17:45.081570" elapsed="0.004714">No user created in TC03</status>
</test>
<test id="s1-s2-t6" name="TC06 - Delete existing user should return success" line="83">
<kw name="Skip If" owner="BuiltIn">
<msg time="2026-04-30T01:17:45.088879" level="SKIP">No user created in TC03</msg>
<arg>'${CREATED_USER_ID}' == '${EMPTY}'</arg>
<arg>No user created in TC03</arg>
<doc>Skips the rest of the current test if the ``condition`` is True.</doc>
<status status="SKIP" start="2026-04-30T01:17:45.087774" elapsed="0.001204">No user created in TC03</status>
</kw>
<kw name="Auth Header" owner="keywords">
<var>${headers}</var>
<arg>${ADMIN_TOKEN}</arg>
<status status="NOT RUN" start="2026-04-30T01:17:45.089394" elapsed="0.000040"/>
</kw>
<kw name="DELETE On Session" owner="RequestsLibrary">
<var>${resp}</var>
<arg>api</arg>
<arg>/api/admin/users/${CREATED_USER_ID}</arg>
<arg>headers=${headers}</arg>
<arg>expected_status=200</arg>
<doc>Sends a DELETE request on a previously created HTTP Session.</doc>
<status status="NOT RUN" start="2026-04-30T01:17:45.089760" elapsed="0.000037"/>
</kw>
<kw name="Response Should Have Key" owner="keywords">
<arg>${resp}</arg>
<arg>message</arg>
<status status="NOT RUN" start="2026-04-30T01:17:45.090180" elapsed="0.000032"/>
</kw>
<status status="SKIP" start="2026-04-30T01:17:45.087090" elapsed="0.003477">No user created in TC03</status>
</test>
<test id="s1-s2-t7" name="TC07 - Delete non-existent user should return error" line="93">
<kw name="Auth Header" owner="keywords">
<kw name="Create Dictionary" owner="BuiltIn">
<msg time="2026-04-30T01:17:45.093121" level="INFO">${headers} = {'Authorization': 'Bearer eyJhbGciOiJIUzI1NiIsInR5cCI6IkpXVCJ9.eyJ1c2VySWQiOiIyOGQ0NmNkYy1lZTJjLTRjMDgtYmFhYy0zNDA5NWM3ZTFhOGMiLCJyb2xlIjoiQWRtaW4ifQ.X_7Sj-op9aW4C2mnsHDXCYmi2Szpcjqh3TFzq3kQI-E', 'Con...</msg>
<var>${headers}</var>
<arg>Authorization=Bearer ${token}</arg>
<arg>Content-Type=application/json</arg>
<doc>Creates and returns a dictionary based on the given ``items``.</doc>
<status status="PASS" start="2026-04-30T01:17:45.092535" elapsed="0.000647"/>
</kw>
<return>
<value>${headers}</value>
<status status="PASS" start="2026-04-30T01:17:45.093495" elapsed="0.000070"/>
</return>
<msg time="2026-04-30T01:17:45.093806" level="INFO">${headers} = {'Authorization': 'Bearer eyJhbGciOiJIUzI1NiIsInR5cCI6IkpXVCJ9.eyJ1c2VySWQiOiIyOGQ0NmNkYy1lZTJjLTRjMDgtYmFhYy0zNDA5NWM3ZTFhOGMiLCJyb2xlIjoiQWRtaW4ifQ.X_7Sj-op9aW4C2mnsHDXCYmi2Szpcjqh3TFzq3kQI-E', 'Con...</msg>
<var>${headers}</var>
<arg>${ADMIN_TOKEN}</arg>
<status status="PASS" start="2026-04-30T01:17:45.092055" elapsed="0.001783"/>
</kw>
<kw name="DELETE On Session" owner="RequestsLibrary">
<msg time="2026-04-30T01:17:45.097477" level="INFO">DELETE Request : url=http://localhost:8000/api/admin/users/00000000-0000-0000-0000-000000000000 
 path_url=/api/admin/users/00000000-0000-0000-0000-000000000000 
 headers={'User-Agent': 'python-requests/2.32.5', 'Accept-Encoding': 'gzip, deflate', 'Accept': '*/*', 'Connection': 'keep-alive', 'Authorization': 'Bearer eyJhbGciOiJIUzI1NiIsInR5cCI6IkpXVCJ9.eyJ1c2VySWQiOiIyOGQ0NmNkYy1lZTJjLTRjMDgtYmFhYy0zNDA5NWM3ZTFhOGMiLCJyb2xlIjoiQWRtaW4ifQ.X_7Sj-op9aW4C2mnsHDXCYmi2Szpcjqh3TFzq3kQI-E', 'Content-Type': 'application/json', 'Content-Length': '0'} 
 body=None 
 </msg>
<msg time="2026-04-30T01:17:45.097575" level="INFO">DELETE Response : url=http://localhost:8000/api/admin/users/00000000-0000-0000-0000-000000000000 
 status=404, reason=Not Found 
 headers={'date': 'Wed, 29 Apr 2026 18:17:42 GMT', 'server': 'uvicorn', 'content-length': '22', 'content-type': 'application/json'} 
 body={"detail":"Not Found"} 
 </msg>
<msg time="2026-04-30T01:17:45.097716" level="INFO">${resp} = &lt;Response [404]&gt;</msg>
<var>${resp}</var>
<arg>api</arg>
<arg>/api/admin/users/00000000-0000-0000-0000-000000000000</arg>
<arg>headers=${headers}</arg>
<arg>expected_status=any</arg>
<doc>Sends a DELETE request on a previously created HTTP Session.</doc>
<status status="PASS" start="2026-04-30T01:17:45.094241" elapsed="0.003501"/>
</kw>
<kw name="Should Be True" owner="BuiltIn">
<arg>${resp.status_code} &gt;= 400</arg>
<doc>Fails if the given condition is not true.</doc>
<status status="PASS" start="2026-04-30T01:17:45.098180" elapsed="0.001227"/>
</kw>
<status status="PASS" start="2026-04-30T01:17:45.091413" elapsed="0.008344"/>
</test>
<status status="FAIL" start="2026-04-30T01:17:41.064387" elapsed="4.036454"/>
</suite>
<suite id="s1-s3" name="03 Form" source="C:\Users\HP\Documents\GitHub\ROPA\backend\tests\suites\03_form.robot">
<kw name="Run Keywords" owner="BuiltIn" type="SETUP">
<kw name="Create Session To API" owner="keywords">
<kw name="Create Session" owner="RequestsLibrary">
<msg time="2026-04-30T01:17:45.112871" level="INFO">Creating Session using : alias=api, url=http://localhost:8000, headers={},                     cookies={}, auth=None, timeout=None, proxies=None, verify=False,                     debug=0 </msg>
<arg>api</arg>
<arg>${BASE_URL}</arg>
<arg>verify=False</arg>
<doc>Create Session: create a HTTP session to a server</doc>
<status status="PASS" start="2026-04-30T01:17:45.112648" elapsed="0.000414"/>
</kw>
<status status="PASS" start="2026-04-30T01:17:45.112424" elapsed="0.000798"/>
</kw>
<kw name="Get User Token">
<kw name="Get Auth Token" owner="keywords">
<kw name="Create Session To API" owner="keywords">
<kw name="Create Session" owner="RequestsLibrary">
<msg time="2026-04-30T01:17:45.121868" level="INFO">Creating Session using : alias=api, url=http://localhost:8000, headers={},                     cookies={}, auth=None, timeout=None, proxies=None, verify=False,                     debug=0 </msg>
<arg>api</arg>
<arg>${BASE_URL}</arg>
<arg>verify=False</arg>
<doc>Create Session: create a HTTP session to a server</doc>
<status status="PASS" start="2026-04-30T01:17:45.114392" elapsed="0.007894"/>
</kw>
<status status="PASS" start="2026-04-30T01:17:45.114157" elapsed="0.008260"/>
</kw>
<kw name="Create Dictionary" owner="BuiltIn">
<msg time="2026-04-30T01:17:45.123338" level="INFO">${body} = {'identifier': 'user02@gmail.com', 'password': 'Qwerty123456'}</msg>
<var>${body}</var>
<arg>identifier=${email}</arg>
<arg>password=${password}</arg>
<doc>Creates and returns a dictionary based on the given ``items``.</doc>
<status status="PASS" start="2026-04-30T01:17:45.122593" elapsed="0.000780"/>
</kw>
<kw name="POST On Session" owner="RequestsLibrary">
<msg time="2026-04-30T01:17:49.075961" level="INFO">POST Request : url=http://localhost:8000/api/auth/login 
 path_url=/api/auth/login 
 headers={'User-Agent': 'python-requests/2.32.5', 'Accept-Encoding': 'gzip, deflate', 'Accept': '*/*', 'Connection': 'keep-alive', 'Content-Length': '62', 'Content-Type': 'application/json'} 
 body=b'{"identifier": "user02@gmail.com", "password": "Qwerty123456"}' 
 </msg>
<msg time="2026-04-30T01:17:49.076080" level="INFO">POST Response : url=http://localhost:8000/api/auth/login 
 status=200, reason=OK 
 headers={'date': 'Wed, 29 Apr 2026 18:17:46 GMT', 'server': 'uvicorn', 'content-length': '340', 'content-type': 'application/json'} 
 body={"success":true,"token":"eyJhbGciOiJIUzI1NiIsInR5cCI6IkpXVCJ9.eyJ1c2VySWQiOiI1NzYxYjc3Yy0wYzI4LTRkYTYtYTMzYy0xOTBhN2I4YWZiNzIiLCJyb2xlIjoiVXNlciJ9.Jjg3V78ZARmm-OEXB3LrkpFwr6wqW4FlPAY2hrDLC3I","user":{"id":"5761b77c-0c28-4da6-a33c-190a7b8afb72","username":"USER02","email":"user02@gmail.com","role":"User","department":null,"position":null}} 
 </msg>
<msg time="2026-04-30T01:17:49.076348" level="INFO">${resp} = &lt;Response [200]&gt;</msg>
<var>${resp}</var>
<arg>api</arg>
<arg>/api/auth/login</arg>
<arg>json=${body}</arg>
<arg>expected_status=200</arg>
<doc>Sends a POST request on a previously created HTTP Session.</doc>
<status status="PASS" start="2026-04-30T01:17:45.123548" elapsed="3.952849"/>
</kw>
<kw name="Get From Dictionary" owner="Collections">
<msg time="2026-04-30T01:17:49.077482" level="INFO">${token} = eyJhbGciOiJIUzI1NiIsInR5cCI6IkpXVCJ9.eyJ1c2VySWQiOiI1NzYxYjc3Yy0wYzI4LTRkYTYtYTMzYy0xOTBhN2I4YWZiNzIiLCJyb2xlIjoiVXNlciJ9.Jjg3V78ZARmm-OEXB3LrkpFwr6wqW4FlPAY2hrDLC3I</msg>
<var>${token}</var>
<arg>${resp.json()}</arg>
<arg>token</arg>
<doc>Returns a value from the given ``dictionary`` based on the given ``key``.</doc>
<status status="PASS" start="2026-04-30T01:17:49.076636" elapsed="0.000883"/>
</kw>
<return>
<value>${token}</value>
<status status="PASS" start="2026-04-30T01:17:49.077595" elapsed="0.000052"/>
</return>
<msg time="2026-04-30T01:17:49.077804" level="INFO">${token} = eyJhbGciOiJIUzI1NiIsInR5cCI6IkpXVCJ9.eyJ1c2VySWQiOiI1NzYxYjc3Yy0wYzI4LTRkYTYtYTMzYy0xOTBhN2I4YWZiNzIiLCJyb2xlIjoiVXNlciJ9.Jjg3V78ZARmm-OEXB3LrkpFwr6wqW4FlPAY2hrDLC3I</msg>
<var>${token}</var>
<arg>${USER_EMAIL}</arg>
<arg>${USER_PASSWORD}</arg>
<status status="PASS" start="2026-04-30T01:17:45.113678" elapsed="3.964155"/>
</kw>
<kw name="Set Suite Variable" owner="BuiltIn">
<msg time="2026-04-30T01:17:49.078446" level="INFO">${TOKEN} = eyJhbGciOiJIUzI1NiIsInR5cCI6IkpXVCJ9.eyJ1c2VySWQiOiI1NzYxYjc3Yy0wYzI4LTRkYTYtYTMzYy0xOTBhN2I4YWZiNzIiLCJyb2xlIjoiVXNlciJ9.Jjg3V78ZARmm-OEXB3LrkpFwr6wqW4FlPAY2hrDLC3I</msg>
<arg>${TOKEN}</arg>
<arg>${token}</arg>
<doc>Makes a variable available everywhere within the scope of the current suite.</doc>
<status status="PASS" start="2026-04-30T01:17:49.077990" elapsed="0.000510"/>
</kw>
<status status="PASS" start="2026-04-30T01:17:45.113390" elapsed="3.965189"/>
</kw>
<arg>Create Session To API</arg>
<arg>AND</arg>
<arg>Get User Token</arg>
<doc>Executes all the given keywords in a sequence.</doc>
<status status="PASS" start="2026-04-30T01:17:45.111709" elapsed="3.966919"/>
</kw>
<test id="s1-s3-t1" name="TC01 - Get form options should return all required keys" line="18">
<kw name="Auth Header" owner="keywords">
<kw name="Create Dictionary" owner="BuiltIn">
<msg time="2026-04-30T01:17:49.080597" level="INFO">${headers} = {'Authorization': 'Bearer eyJhbGciOiJIUzI1NiIsInR5cCI6IkpXVCJ9.eyJ1c2VySWQiOiI1NzYxYjc3Yy0wYzI4LTRkYTYtYTMzYy0xOTBhN2I4YWZiNzIiLCJyb2xlIjoiVXNlciJ9.Jjg3V78ZARmm-OEXB3LrkpFwr6wqW4FlPAY2hrDLC3I', 'Conte...</msg>
<var>${headers}</var>
<arg>Authorization=Bearer ${token}</arg>
<arg>Content-Type=application/json</arg>
<doc>Creates and returns a dictionary based on the given ``items``.</doc>
<status status="PASS" start="2026-04-30T01:17:49.080065" elapsed="0.000597"/>
</kw>
<return>
<value>${headers}</value>
<status status="PASS" start="2026-04-30T01:17:49.080850" elapsed="0.000048"/>
</return>
<msg time="2026-04-30T01:17:49.081069" level="INFO">${headers} = {'Authorization': 'Bearer eyJhbGciOiJIUzI1NiIsInR5cCI6IkpXVCJ9.eyJ1c2VySWQiOiI1NzYxYjc3Yy0wYzI4LTRkYTYtYTMzYy0xOTBhN2I4YWZiNzIiLCJyb2xlIjoiVXNlciJ9.Jjg3V78ZARmm-OEXB3LrkpFwr6wqW4FlPAY2hrDLC3I', 'Conte...</msg>
<var>${headers}</var>
<arg>${TOKEN}</arg>
<status status="PASS" start="2026-04-30T01:17:49.079648" elapsed="0.001454"/>
</kw>
<kw name="GET On Session" owner="RequestsLibrary">
<msg time="2026-04-30T01:18:03.584631" level="INFO">GET Request : url=http://localhost:8000/api/form/options 
 path_url=/api/form/options 
 headers={'User-Agent': 'python-requests/2.32.5', 'Accept-Encoding': 'gzip, deflate', 'Accept': '*/*', 'Connection': 'keep-alive', 'Authorization': 'Bearer eyJhbGciOiJIUzI1NiIsInR5cCI6IkpXVCJ9.eyJ1c2VySWQiOiI1NzYxYjc3Yy0wYzI4LTRkYTYtYTMzYy0xOTBhN2I4YWZiNzIiLCJyb2xlIjoiVXNlciJ9.Jjg3V78ZARmm-OEXB3LrkpFwr6wqW4FlPAY2hrDLC3I', 'Content-Type': 'application/json'} 
 body=None 
 </msg>
<msg time="2026-04-30T01:18:03.584827" level="INFO">GET Response : url=http://localhost:8000/api/form/options 
 status=200, reason=OK 
 headers={'date': 'Wed, 29 Apr 2026 18:17:46 GMT', 'server': 'uvicorn', 'content-length': '23318', 'content-type': 'application/json'} 
 body={"activityNames":[{"id":"14b88267-a432-4d5b-a808-fa13118879cf","name":"การรับสมัครพนักงาน","label":"การรับสมัครพนักงาน","value":"14b88267-a432-4d5b-a808-fa13118879cf","department_id":"07bd8f73-9168-40e1-9ad0-f7fdf9171379"},{"id":"83f44dcf-9c6b-464d-acdb-aef759ca2340","name":"การส่งข้อมูลสุขภาพไปยังหน่วยงานรัฐ","label":"การส่งข้อมูลสุขภาพไปยังหน่วยงานรัฐ","value":"83f44dcf-9c6b-464d-acdb-aef759ca2340","department_id":"07bd8f73-9168-40e1-9ad0-f7fdf9171379"},{"id":"42329035-2d7c-49f0-bb2a-d5127eb503ec","name":"การให้บริการผ่านเว็บไซต์","label":"การให้บริการผ่านเว็บไซต์","value":"42329035-2d7c-49f0-bb2a-d5127eb503ec","department_id":"07bd8f73-9168-40e1-9ad0-f7fdf9171379"},{"id":"d6cca988-accb-4ee7-831a-874c68043338","name":"กิจกรรมทางการตลาด","label":"กิจกรรมทางการตลาด","value":"d6cca988-accb-4ee7-831a-874c68043338","department_id":"07bd8f73-9168-40e1-9ad0-f7fdf9171379"},{"id":"45e298f6-0468-4e50-969a-b3b0ca3fec9b","name":"จัดงาน  Event/ กิจกรรมส่งเสริมการขาย ","label":"จัดงาน  Event/ กิจกรรมส่งเสริมการขาย ","value":"45e298f6-0468-4e50-969a-b3b0ca3fec9b","department_id":"07bd8f73-9168-40e1-9ad0-f7fdf9171379"},{"id":"f3f2e46b-9487-40cf-af1d-33e60ae85689","name":"เพื่อการปฏิบัติตามสัญญาระหว่างคู่ค้า","label":"เพื่อการปฏิบัติตามสัญญาระหว่างคู่ค้า","value":"f3f2e46b-9487-40cf-af1d-33e60ae85689","department_id":"07bd8f73-9168-40e1-9ad0-f7fdf9171379"}],"purposes":[{"id":"60a04d2f-a519-484c-bef9-fcc4e6c14b92","name":"กรมควบคุมโรค","label":"กรมควบคุมโรค","value":"60a04d2f-a519-484c-bef9-fcc4e6c14b92"},{"id":"f240f9c2-89e9-404b-bafb-8d6a4d5460b1","name":"บุคคลผ่านช่องทางสื่อประชาสัมพันธ์","label":"บุคคลผ่านช่องทางสื่อประชาสัมพันธ์","value":"f240f9c2-89e9-404b-bafb-8d6a4d5460b1"},{"id":"379a47f5-632a-4796-8720-bf88c8e46a46","name":"พนักงานเจ้าหน้าที่ตามกฏหมาย","label":"พนักงานเจ้าหน้าที่ตามกฏหมาย","value":"379a47f5-632a-4796-8720-bf88c8e46a46"},{"id":"b42daf56-d25c-4ee3-8676-3f1fb6341a61","name":"พนักงานสอบสวน","label":"พนักงานสอบสวน","value":"b42daf56-d25c-4ee3-8676-3f1fb6341a61"},{"id":"76de535e-a8eb-467f-b0ee-4bebca696565","name":"ส่วนงานที่เกี่ยวข้อง","label":"ส่วนงานที่เกี่ยวข้อง","value":"76de535e-a8eb-467f-b0ee-4bebca696565"},{"id":"d786e155-c908-4bd8-8579-103ea3d30de3","name":"ส่วนงานที่เกี่ยวข้องกับการดำเนินงานด้าน IT","label":"ส่วนงานที่เกี่ยวข้องกับการดำเนินงานด้าน IT","value":"d786e155-c908-4bd8-8579-103ea3d30de3"},{"id":"8d199f82-5952-4c2d-9a48-85a927a7d384","name":"ส่วนงานที่เกี่ยวข้องกับการดำเนินงานด้านกฎหมาย","label":"ส่วนงานที่เกี่ยวข้องกับการดำเนินงานด้านกฎหมาย","value":"8d199f82-5952-4c2d-9a48-85a927a7d384"},{"id":"aa8d9b9c-9acc-4edd-b240-56516d33f540","name":"ส่วนงานที่เกี่ยวข้องกับฝ่ายตรวจสอบ","label":"ส่วนงานที่เกี่ยวข้องกับฝ่ายตรวจสอบ","value":"aa8d9b9c-9acc-4edd-b240-56516d33f540"},{"id":"4badd6d9-fb5f-4233-bf48-9ec8b7b3faef","name":"หน่วยงานในกระบวนการยุติธรรม","label":"หน่วยงานในกระบวนการยุติธรรม","value":"4badd6d9-fb5f-4233-bf48-9ec8b7b3faef"},{"id":"9390b856-754c-4127-aaf9-fb83943d6cc9","name":"หน่วยงานรัฐ","label":"หน่วยงานรัฐ","value":"9390b856-754c-4127-aaf9-fb83943d6cc9"}],"usagePurposes":[{"id":"60a04d2f-a519-484c-bef9-fcc4e6c14b92","name":"กรมควบคุมโรค","label":"กรมควบคุมโรค","value":"60a04d2f-a519-484c-bef9-fcc4e6c14b92"},{"id":"f240f9c2-89e9-404b-bafb-8d6a4d5460b1","name":"บุคคลผ่านช่องทางสื่อประชาสัมพันธ์","label":"บุคคลผ่านช่องทางสื่อประชาสัมพันธ์","value":"f240f9c2-89e9-404b-bafb-8d6a4d5460b1"},{"id":"379a47f5-632a-4796-8720-bf88c8e46a46","name":"พนักงานเจ้าหน้าที่ตามกฏหมาย","label":"พนักงานเจ้าหน้าที่ตามกฏหมาย","value":"379a47f5-632a-4796-8720-bf88c8e46a46"},{"id":"b42daf56-d25c-4ee3-8676-3f1fb6341a61","name":"พนักงานสอบสวน","label":"พนักงานสอบสวน","value":"b42daf56-d25c-4ee3-8676-3f1fb6341a61"},{"id":"76de535e-a8eb-467f-b0ee-4bebca696565","name":"ส่วนงานที่เกี่ยวข้อง","label":"ส่วนงานที่เกี่ยวข้อง","value":"76de535e-a8eb-467f-b0ee-4bebca696565"},{"id":"d786e155-c908-4bd8-8579-103ea3d30de3","name":"ส่วนงานที่เกี่ยวข้องกับการดำเนินงานด้าน IT","label":"ส่วนงานที่เกี่ยวข้องกับการดำเนินงานด้าน IT","value":"d786e155-c908-4bd8-8579-103ea3d30de3"},{"id":"8d199f82-5952-4c2d-9a48-85a927a7d384","name":"ส่วนงานที่เกี่ยวข้องกับการดำเนินงานด้านกฎหมาย","label":"ส่วนงานที่เกี่ยวข้องกับการดำเนินงานด้านกฎหมาย","value":"8d199f82-5952-4c2d-9a48-85a927a7d384"},{"id":"aa8d9b9c-9acc-4edd-b240-56516d33f540","name":"ส่วนงานที่เกี่ยวข้องกับฝ่ายตรวจสอบ","label":"ส่วนงานที่เกี่ยวข้องกับฝ่ายตรวจสอบ","value":"aa8d9b9c-9acc-4edd-b240-56516d33f540"},{"id":"4badd6d9-fb5f-4233-bf48-9ec8b7b3faef","name":"หน่วยงานในกระบวนการยุติธรรม","label":"หน่วยงานในกระบวนการยุติธรรม","value":"4badd6d9-fb5f-4233-bf48-9ec8b7b3faef"},{"id":"9390b856-754c-4127-aaf9-fb83943d6cc9","name":"หน่วยงานรัฐ","label":"หน่วยงานรัฐ","value":"9390b856-754c-4127-aaf9-fb83943d6cc9"}],"dataCategories":[{"id":"0c7373d7-58ec-4c67-b2f5-4790d1ae14e1","name":"ข้อมูลคู่ค้า","label":"ข้อมูลคู่ค้า","value":"0c7373d7-58ec-4c67-b2f5-4790d1ae14e1"},{"id":"ae39144e-ba8a-4bb4-901e-fed6c1433113","name":"ข้อมูลผู้ติดต่อ","label":"ข้อมูลผู้ติดต่อ","value":"ae39144e-ba8a-4bb4-901e-fed6c1433113"},{"id":"8e9032ba-c105-4c4d-a80f-a77092d7390b","name":"ข้อมูลพนักงาน","label":"ข้อมูลพนักงาน","value":"8e9032ba-c105-4c4d-a80f-a77092d7390b"},{"id":"91701ca9-6e72-422f-8a75-4bfd04b9a01c","name":"ข้อมูลลูกค้า","label":"ข้อมูลลูกค้า","value":"91701ca9-6e72-422f-8a75-4bfd04b9a01c"}],"dataTypes":[{"id":"46b6ed17-ee7b-4e8f-b1bd-292f1d406ecd","name":"ข้อมูลทั่วไป","label":"ข้อมูลทั่วไป","value":"46b6ed17-ee7b-4e8f-b1bd-292f1d406ecd"},{"id":"f4dc5ed6-0be7-47e2-b5f2-93ebb0831256","name":"ข้อมูลอ่อนไหว","label":"ข้อมูลอ่อนไหว","value":"f4dc5ed6-0be7-47e2-b5f2-93ebb0831256"}],"acquisitionMethods":[{"id":"0624e2a9-da2f-48e7-95a7-732d3b59198e","name":"ข้อมูลอิเล็กทรอนิกส์","label":"ข้อมูลอิเล็กทรอนิกส์","value":"0624e2a9-da2f-48e7-95a7-732d3b59198e"},{"id":"64ad8a4f-221f-4de8-8173-67c28ef5c75e","name":"ผ่านแพลตฟอร์ม","label":"ผ่านแพลตฟอร์ม","value":"64ad8a4f-221f-4de8-8173-67c28ef5c75e"},{"id":"a5576d54-50aa-4d2f-944d-d1d3cf8cf770","name":"สมุดบันทึก","label":"สมุดบันทึก","value":"a5576d54-50aa-4d2f-944d-d1d3cf8cf770"},{"id":"2f626328-19a3-4d18-a459-c75c32da5718","name":"หนังสือ","label":"หนังสือ","value":"2f626328-19a3-4d18-a459-c75c32da5718"},{"id":"352d1d0c-59a2-4313-bdfd-23ad986da028","name":"หนังสือพิมพ์","label":"หนังสือพิมพ์","value":"352d1d0c-59a2-4313-bdfd-23ad986da028"},{"id":"2cc7176c-85b5-4229-92ee-9dac6883f254","name":"อีเมล","label":"อีเมล","value":"2cc7176c-85b5-4229-92ee-9dac6883f254"},{"id":"9c190710-985f-40f2-99b8-0cc95fcf7e9b","name":"เอกสาร","label":"เอกสาร","value":"9c190710-985f-40f2-99b8-0cc95fcf7e9b"},{"id":"8aaa4bea-d4cf-4349-9f7f-d1d942b881e1","name":"เอกสารใบลงทะเบียน","label":"เอกสารใบลงทะเบียน","value":"8aaa4bea-d4cf-4349-9f7f-d1d942b881e1"}],"dataSources":[{"id":"6d2b93cc-1869-42d0-9d7d-6973b3ad4eee","name":"จากเจ้าของข้อมูลส่วนบุคคลโดยตรง","label":"จากเจ้าของข้อมูลส่วนบุคคลโดยตรง","value":"6d2b93cc-1869-42d0-9d7d-6973b3ad4eee"},{"id":"17d8ab94-f6a6-48a1-b14d-828b92890f58","name":"จากแหล่งอื่น","label":"จากแหล่งอื่น","value":"17d8ab94-f6a6-48a1-b14d-828b92890f58"}],"legalBases":[{"id":"e12ca028-a769-4ff2-8dd9-236439ce9edc","name":"ฐานการปฏิบัติ/หน้าที่ตามกฎหมาย (Legal Obligation)","label":"ฐานการปฏิบัติ/หน้าที่ตามกฎหมาย (Legal Obligation)","value":"e12ca028-a769-4ff2-8dd9-236439ce9edc"},{"id":"39557b2e-8b55-4e79-ae95-a8b0cc4ab98a","name":"ฐานความยินยอม (Consent)","label":"ฐานความยินยอม (Consent)","value":"39557b2e-8b55-4e79-ae95-a8b0cc4ab98a"},{"id":"a8c7e3c1-08c2-44c7-bdfe-86d274624241","name":"ฐานจดหมายเหตุ/วิจัย/สถิติ (Historical Document, Research, or Statistics)","label":"ฐานจดหมายเหตุ/วิจัย/สถิติ (Historical Document, Research, or Statistics)","value":"a8c7e3c1-08c2-44c7-bdfe-86d274624241"},{"id":"b5fefec5-9066-4590-be08-ed6244d76d7f","name":"ฐานประโยชน์สำคัญต่อชีวิต (Vital Interest)","label":"ฐานประโยชน์สำคัญต่อชีวิต (Vital Interest)","value":"b5fefec5-9066-4590-be08-ed6244d76d7f"},{"id":"327ea19b-7bf7-4d62-bb5a-16e88bccfe8b","name":"ฐานภารกิจสาธารณะ/อำนาจรัฐ (Public Task / Official Authority)","label":"ฐานภารกิจสาธารณะ/อำนาจรัฐ (Public Task / Official Authority)","value":"327ea19b-7bf7-4d62-bb5a-16e88bccfe8b"},{"id":"aafed325-072a-44b7-8cc6-1d478274115f","name":"ฐานสัญญา (Contract)","label":"ฐานสัญญา (Contract)","value":"aafed325-072a-44b7-8cc6-1d478274115f"}],"deletionMethods":[{"id":"954914bc-ddd2-4e7a-8973-3a4a6c879b10","name":"เครื่องทำลายเอกสาร","label":"เครื่องทำลายเอกสาร","value":"954914bc-ddd2-4e7a-8973-3a4a6c879b10"},{"id":"0f8d37dd-3477-43e0-9d4f-adcea10d52b1","name":"ลบข้อมูลออกจากระบบอย่างถาวร","label":"ลบข้อมูลออกจากระบบอย่างถาวร","value":"0f8d37dd-3477-43e0-9d4f-adcea10d52b1"}],"transferMethods":[{"id":"e47498d8-0fe1-4099-bc86-6c32465f86f4","name":"โอนทางอิเล็กทรอนิกส์","label":"โอนทางอิเล็กทรอนิกส์","value":"e47498d8-0fe1-4099-bc86-6c32465f86f4"}],"protectionStandards":[{"id":"6787767f-d836-4a1b-8519-dcbd0cee5035","name":"Adequacy Decision [GDPR มาตรา 45]","label":"Adequacy Decision [GDPR มาตรา 45]","value":"6787767f-d836-4a1b-8519-dcbd0cee5035"},{"id":"fa14ff52-905b-48fa-9d81-719d07b2f96c","name":"Binding Corporate Rules (BCRs) [GDPR มาตรา 47]","label":"Binding Corporate Rules (BCRs) [GDPR มาตรา 47]","value":"fa14ff52-905b-48fa-9d81-719d07b2f96c"},{"id":"d1563d92-6bb0-4559-b79d-80e7026babb6","name":"Standard Contractual Clauses (SCCs) [GDPR มาตรา 46(2)(c)(d)]","label":"Standard Contractual Clauses (SCCs) [GDPR มาตรา 46(2)(c)(d)]","value":"d1563d92-6bb0-4559-b79d-80e7026babb6"},{"id":"93176d76-c3c6-43cb-94fb-f2de545c8dfc","name":"Transfer Impact Assessment (TIA)","label":"Transfer Impact Assessment (TIA)","value":"93176d76-c3c6-43cb-94fb-f2de545c8dfc"},{"id":"154a4a3e-04ed-4fde-ad34-5b9f72bb5e96","name":"ข้อยกเว้น [GDPR มาตรา 49]","label":"ข้อยกเว้น [GDPR มาตรา 49]","value":"154a4a3e-04ed-4fde-ad34-5b9f72bb5e96"}],"legalExemptions":[{"id":"89d79b1c-d798-4706-aa56-603d1686f6a0","name":"ได้รับความยินยอมจากเจ้าของข้อมูลส่วนบุคคลโดยได้แจ้งให้เจ้าของข้อมูลส่วนบุคคลทราบถึงมาตรฐานการคุ้มครองข้อมูลส่วนบุคคลที่ไม่เพียงพอของประเทศปลายทางหรือองค์กา... (set the log level to DEBUG or TRACE to see the full content) 
 </msg>
<msg time="2026-04-30T01:18:03.585457" level="INFO">${resp} = &lt;Response [200]&gt;</msg>
<var>${resp}</var>
<arg>api</arg>
<arg>/api/form/options</arg>
<arg>headers=${headers}</arg>
<arg>expected_status=200</arg>
<doc>Sends a GET request on a previously created HTTP Session.</doc>
<status status="PASS" start="2026-04-30T01:17:49.081538" elapsed="14.503969"/>
</kw>
<kw name="Set Variable" owner="BuiltIn">
<msg time="2026-04-30T01:18:03.597436" level="INFO">${data} = {'activityNames': [{'id': '14b88267-a432-4d5b-a808-fa13118879cf', 'name': 'การรับสมัครพนักงาน', 'label': 'การรับสมัครพนักงาน', 'value': '14b88267-a432-4d5b-a808-fa13118879cf', 'department_id': '07bd8f...</msg>
<var>${data}</var>
<arg>${resp.json()}</arg>
<doc>Returns the given values which can then be assigned to a variables.</doc>
<status status="PASS" start="2026-04-30T01:18:03.586055" elapsed="0.011442"/>
</kw>
<for flavor="IN">
<iter>
<kw name="Dictionary Should Contain Key" owner="Collections">
<arg>${data}</arg>
<arg>${key}</arg>
<doc>Fails if ``key`` is not found from ``dictionary``.</doc>
<status status="PASS" start="2026-04-30T01:18:03.598302" elapsed="0.000377"/>
</kw>
<var name="${key}">activityNames</var>
<status status="PASS" start="2026-04-30T01:18:03.598079" elapsed="0.000665"/>
</iter>
<iter>
<kw name="Dictionary Should Contain Key" owner="Collections">
<arg>${data}</arg>
<arg>${key}</arg>
<doc>Fails if ``key`` is not found from ``dictionary``.</doc>
<status status="PASS" start="2026-04-30T01:18:03.599000" elapsed="0.000389"/>
</kw>
<var name="${key}">purposes</var>
<status status="PASS" start="2026-04-30T01:18:03.598879" elapsed="0.000572"/>
</iter>
<iter>
<kw name="Dictionary Should Contain Key" owner="Collections">
<arg>${data}</arg>
<arg>${key}</arg>
<doc>Fails if ``key`` is not found from ``dictionary``.</doc>
<status status="PASS" start="2026-04-30T01:18:03.599678" elapsed="0.000229"/>
</kw>
<var name="${key}">dataCategories</var>
<status status="PASS" start="2026-04-30T01:18:03.599576" elapsed="0.000384"/>
</iter>
<iter>
<kw name="Dictionary Should Contain Key" owner="Collections">
<arg>${data}</arg>
<arg>${key}</arg>
<doc>Fails if ``key`` is not found from ``dictionary``.</doc>
<status status="PASS" start="2026-04-30T01:18:03.600152" elapsed="0.000195"/>
</kw>
<var name="${key}">dataTypes</var>
<status status="PASS" start="2026-04-30T01:18:03.600059" elapsed="0.000338"/>
</iter>
<iter>
<kw name="Dictionary Should Contain Key" owner="Collections">
<arg>${data}</arg>
<arg>${key}</arg>
<doc>Fails if ``key`` is not found from ``dictionary``.</doc>
<status status="PASS" start="2026-04-30T01:18:03.600567" elapsed="0.000141"/>
</kw>
<var name="${key}">legalBases</var>
<status status="PASS" start="2026-04-30T01:18:03.600495" elapsed="0.000246"/>
</iter>
<iter>
<kw name="Dictionary Should Contain Key" owner="Collections">
<arg>${data}</arg>
<arg>${key}</arg>
<doc>Fails if ``key`` is not found from ``dictionary``.</doc>
<status status="PASS" start="2026-04-30T01:18:03.600892" elapsed="0.000137"/>
</kw>
<var name="${key}">departments</var>
<status status="PASS" start="2026-04-30T01:18:03.600812" elapsed="0.000251"/>
</iter>
<iter>
<kw name="Dictionary Should Contain Key" owner="Collections">
<arg>${data}</arg>
<arg>${key}</arg>
<doc>Fails if ``key`` is not found from ``dictionary``.</doc>
<status status="PASS" start="2026-04-30T01:18:03.601193" elapsed="0.000131"/>
</kw>
<var name="${key}">transferMethods</var>
<status status="PASS" start="2026-04-30T01:18:03.601130" elapsed="0.000227"/>
</iter>
<iter>
<kw name="Dictionary Should Contain Key" owner="Collections">
<arg>${data}</arg>
<arg>${key}</arg>
<doc>Fails if ``key`` is not found from ``dictionary``.</doc>
<status status="PASS" start="2026-04-30T01:18:03.601480" elapsed="0.000123"/>
</kw>
<var name="${key}">deletionMethods</var>
<status status="PASS" start="2026-04-30T01:18:03.601420" elapsed="0.000215"/>
</iter>
<var>${key}</var>
<value>activityNames</value>
<value>purposes</value>
<value>dataCategories</value>
<value>dataTypes</value>
<value>legalBases</value>
<value>departments</value>
<value>transferMethods</value>
<value>deletionMethods</value>
<status status="PASS" start="2026-04-30T01:18:03.597777" elapsed="0.003883"/>
</for>
<status status="PASS" start="2026-04-30T01:17:49.078711" elapsed="14.523339"/>
</test>
<test id="s1-s3-t2" name="TC02 - Get form options without token should return 401" line="32">
<kw name="GET On Session" owner="RequestsLibrary">
<msg time="2026-04-30T01:18:17.591809" level="INFO">GET Request : url=http://localhost:8000/api/form/options 
 path_url=/api/form/options 
 headers={'User-Agent': 'python-requests/2.32.5', 'Accept-Encoding': 'gzip, deflate', 'Accept': '*/*', 'Connection': 'keep-alive'} 
 body=None 
 </msg>
<msg time="2026-04-30T01:18:17.591991" level="INFO">GET Response : url=http://localhost:8000/api/form/options 
 status=200, reason=OK 
 headers={'date': 'Wed, 29 Apr 2026 18:17:46 GMT', 'server': 'uvicorn', 'content-length': '23318', 'content-type': 'application/json'} 
 body={"activityNames":[{"id":"14b88267-a432-4d5b-a808-fa13118879cf","name":"การรับสมัครพนักงาน","label":"การรับสมัครพนักงาน","value":"14b88267-a432-4d5b-a808-fa13118879cf","department_id":"07bd8f73-9168-40e1-9ad0-f7fdf9171379"},{"id":"83f44dcf-9c6b-464d-acdb-aef759ca2340","name":"การส่งข้อมูลสุขภาพไปยังหน่วยงานรัฐ","label":"การส่งข้อมูลสุขภาพไปยังหน่วยงานรัฐ","value":"83f44dcf-9c6b-464d-acdb-aef759ca2340","department_id":"07bd8f73-9168-40e1-9ad0-f7fdf9171379"},{"id":"42329035-2d7c-49f0-bb2a-d5127eb503ec","name":"การให้บริการผ่านเว็บไซต์","label":"การให้บริการผ่านเว็บไซต์","value":"42329035-2d7c-49f0-bb2a-d5127eb503ec","department_id":"07bd8f73-9168-40e1-9ad0-f7fdf9171379"},{"id":"d6cca988-accb-4ee7-831a-874c68043338","name":"กิจกรรมทางการตลาด","label":"กิจกรรมทางการตลาด","value":"d6cca988-accb-4ee7-831a-874c68043338","department_id":"07bd8f73-9168-40e1-9ad0-f7fdf9171379"},{"id":"45e298f6-0468-4e50-969a-b3b0ca3fec9b","name":"จัดงาน  Event/ กิจกรรมส่งเสริมการขาย ","label":"จัดงาน  Event/ กิจกรรมส่งเสริมการขาย ","value":"45e298f6-0468-4e50-969a-b3b0ca3fec9b","department_id":"07bd8f73-9168-40e1-9ad0-f7fdf9171379"},{"id":"f3f2e46b-9487-40cf-af1d-33e60ae85689","name":"เพื่อการปฏิบัติตามสัญญาระหว่างคู่ค้า","label":"เพื่อการปฏิบัติตามสัญญาระหว่างคู่ค้า","value":"f3f2e46b-9487-40cf-af1d-33e60ae85689","department_id":"07bd8f73-9168-40e1-9ad0-f7fdf9171379"}],"purposes":[{"id":"60a04d2f-a519-484c-bef9-fcc4e6c14b92","name":"กรมควบคุมโรค","label":"กรมควบคุมโรค","value":"60a04d2f-a519-484c-bef9-fcc4e6c14b92"},{"id":"f240f9c2-89e9-404b-bafb-8d6a4d5460b1","name":"บุคคลผ่านช่องทางสื่อประชาสัมพันธ์","label":"บุคคลผ่านช่องทางสื่อประชาสัมพันธ์","value":"f240f9c2-89e9-404b-bafb-8d6a4d5460b1"},{"id":"379a47f5-632a-4796-8720-bf88c8e46a46","name":"พนักงานเจ้าหน้าที่ตามกฏหมาย","label":"พนักงานเจ้าหน้าที่ตามกฏหมาย","value":"379a47f5-632a-4796-8720-bf88c8e46a46"},{"id":"b42daf56-d25c-4ee3-8676-3f1fb6341a61","name":"พนักงานสอบสวน","label":"พนักงานสอบสวน","value":"b42daf56-d25c-4ee3-8676-3f1fb6341a61"},{"id":"76de535e-a8eb-467f-b0ee-4bebca696565","name":"ส่วนงานที่เกี่ยวข้อง","label":"ส่วนงานที่เกี่ยวข้อง","value":"76de535e-a8eb-467f-b0ee-4bebca696565"},{"id":"d786e155-c908-4bd8-8579-103ea3d30de3","name":"ส่วนงานที่เกี่ยวข้องกับการดำเนินงานด้าน IT","label":"ส่วนงานที่เกี่ยวข้องกับการดำเนินงานด้าน IT","value":"d786e155-c908-4bd8-8579-103ea3d30de3"},{"id":"8d199f82-5952-4c2d-9a48-85a927a7d384","name":"ส่วนงานที่เกี่ยวข้องกับการดำเนินงานด้านกฎหมาย","label":"ส่วนงานที่เกี่ยวข้องกับการดำเนินงานด้านกฎหมาย","value":"8d199f82-5952-4c2d-9a48-85a927a7d384"},{"id":"aa8d9b9c-9acc-4edd-b240-56516d33f540","name":"ส่วนงานที่เกี่ยวข้องกับฝ่ายตรวจสอบ","label":"ส่วนงานที่เกี่ยวข้องกับฝ่ายตรวจสอบ","value":"aa8d9b9c-9acc-4edd-b240-56516d33f540"},{"id":"4badd6d9-fb5f-4233-bf48-9ec8b7b3faef","name":"หน่วยงานในกระบวนการยุติธรรม","label":"หน่วยงานในกระบวนการยุติธรรม","value":"4badd6d9-fb5f-4233-bf48-9ec8b7b3faef"},{"id":"9390b856-754c-4127-aaf9-fb83943d6cc9","name":"หน่วยงานรัฐ","label":"หน่วยงานรัฐ","value":"9390b856-754c-4127-aaf9-fb83943d6cc9"}],"usagePurposes":[{"id":"60a04d2f-a519-484c-bef9-fcc4e6c14b92","name":"กรมควบคุมโรค","label":"กรมควบคุมโรค","value":"60a04d2f-a519-484c-bef9-fcc4e6c14b92"},{"id":"f240f9c2-89e9-404b-bafb-8d6a4d5460b1","name":"บุคคลผ่านช่องทางสื่อประชาสัมพันธ์","label":"บุคคลผ่านช่องทางสื่อประชาสัมพันธ์","value":"f240f9c2-89e9-404b-bafb-8d6a4d5460b1"},{"id":"379a47f5-632a-4796-8720-bf88c8e46a46","name":"พนักงานเจ้าหน้าที่ตามกฏหมาย","label":"พนักงานเจ้าหน้าที่ตามกฏหมาย","value":"379a47f5-632a-4796-8720-bf88c8e46a46"},{"id":"b42daf56-d25c-4ee3-8676-3f1fb6341a61","name":"พนักงานสอบสวน","label":"พนักงานสอบสวน","value":"b42daf56-d25c-4ee3-8676-3f1fb6341a61"},{"id":"76de535e-a8eb-467f-b0ee-4bebca696565","name":"ส่วนงานที่เกี่ยวข้อง","label":"ส่วนงานที่เกี่ยวข้อง","value":"76de535e-a8eb-467f-b0ee-4bebca696565"},{"id":"d786e155-c908-4bd8-8579-103ea3d30de3","name":"ส่วนงานที่เกี่ยวข้องกับการดำเนินงานด้าน IT","label":"ส่วนงานที่เกี่ยวข้องกับการดำเนินงานด้าน IT","value":"d786e155-c908-4bd8-8579-103ea3d30de3"},{"id":"8d199f82-5952-4c2d-9a48-85a927a7d384","name":"ส่วนงานที่เกี่ยวข้องกับการดำเนินงานด้านกฎหมาย","label":"ส่วนงานที่เกี่ยวข้องกับการดำเนินงานด้านกฎหมาย","value":"8d199f82-5952-4c2d-9a48-85a927a7d384"},{"id":"aa8d9b9c-9acc-4edd-b240-56516d33f540","name":"ส่วนงานที่เกี่ยวข้องกับฝ่ายตรวจสอบ","label":"ส่วนงานที่เกี่ยวข้องกับฝ่ายตรวจสอบ","value":"aa8d9b9c-9acc-4edd-b240-56516d33f540"},{"id":"4badd6d9-fb5f-4233-bf48-9ec8b7b3faef","name":"หน่วยงานในกระบวนการยุติธรรม","label":"หน่วยงานในกระบวนการยุติธรรม","value":"4badd6d9-fb5f-4233-bf48-9ec8b7b3faef"},{"id":"9390b856-754c-4127-aaf9-fb83943d6cc9","name":"หน่วยงานรัฐ","label":"หน่วยงานรัฐ","value":"9390b856-754c-4127-aaf9-fb83943d6cc9"}],"dataCategories":[{"id":"0c7373d7-58ec-4c67-b2f5-4790d1ae14e1","name":"ข้อมูลคู่ค้า","label":"ข้อมูลคู่ค้า","value":"0c7373d7-58ec-4c67-b2f5-4790d1ae14e1"},{"id":"ae39144e-ba8a-4bb4-901e-fed6c1433113","name":"ข้อมูลผู้ติดต่อ","label":"ข้อมูลผู้ติดต่อ","value":"ae39144e-ba8a-4bb4-901e-fed6c1433113"},{"id":"8e9032ba-c105-4c4d-a80f-a77092d7390b","name":"ข้อมูลพนักงาน","label":"ข้อมูลพนักงาน","value":"8e9032ba-c105-4c4d-a80f-a77092d7390b"},{"id":"91701ca9-6e72-422f-8a75-4bfd04b9a01c","name":"ข้อมูลลูกค้า","label":"ข้อมูลลูกค้า","value":"91701ca9-6e72-422f-8a75-4bfd04b9a01c"}],"dataTypes":[{"id":"46b6ed17-ee7b-4e8f-b1bd-292f1d406ecd","name":"ข้อมูลทั่วไป","label":"ข้อมูลทั่วไป","value":"46b6ed17-ee7b-4e8f-b1bd-292f1d406ecd"},{"id":"f4dc5ed6-0be7-47e2-b5f2-93ebb0831256","name":"ข้อมูลอ่อนไหว","label":"ข้อมูลอ่อนไหว","value":"f4dc5ed6-0be7-47e2-b5f2-93ebb0831256"}],"acquisitionMethods":[{"id":"0624e2a9-da2f-48e7-95a7-732d3b59198e","name":"ข้อมูลอิเล็กทรอนิกส์","label":"ข้อมูลอิเล็กทรอนิกส์","value":"0624e2a9-da2f-48e7-95a7-732d3b59198e"},{"id":"64ad8a4f-221f-4de8-8173-67c28ef5c75e","name":"ผ่านแพลตฟอร์ม","label":"ผ่านแพลตฟอร์ม","value":"64ad8a4f-221f-4de8-8173-67c28ef5c75e"},{"id":"a5576d54-50aa-4d2f-944d-d1d3cf8cf770","name":"สมุดบันทึก","label":"สมุดบันทึก","value":"a5576d54-50aa-4d2f-944d-d1d3cf8cf770"},{"id":"2f626328-19a3-4d18-a459-c75c32da5718","name":"หนังสือ","label":"หนังสือ","value":"2f626328-19a3-4d18-a459-c75c32da5718"},{"id":"352d1d0c-59a2-4313-bdfd-23ad986da028","name":"หนังสือพิมพ์","label":"หนังสือพิมพ์","value":"352d1d0c-59a2-4313-bdfd-23ad986da028"},{"id":"2cc7176c-85b5-4229-92ee-9dac6883f254","name":"อีเมล","label":"อีเมล","value":"2cc7176c-85b5-4229-92ee-9dac6883f254"},{"id":"9c190710-985f-40f2-99b8-0cc95fcf7e9b","name":"เอกสาร","label":"เอกสาร","value":"9c190710-985f-40f2-99b8-0cc95fcf7e9b"},{"id":"8aaa4bea-d4cf-4349-9f7f-d1d942b881e1","name":"เอกสารใบลงทะเบียน","label":"เอกสารใบลงทะเบียน","value":"8aaa4bea-d4cf-4349-9f7f-d1d942b881e1"}],"dataSources":[{"id":"6d2b93cc-1869-42d0-9d7d-6973b3ad4eee","name":"จากเจ้าของข้อมูลส่วนบุคคลโดยตรง","label":"จากเจ้าของข้อมูลส่วนบุคคลโดยตรง","value":"6d2b93cc-1869-42d0-9d7d-6973b3ad4eee"},{"id":"17d8ab94-f6a6-48a1-b14d-828b92890f58","name":"จากแหล่งอื่น","label":"จากแหล่งอื่น","value":"17d8ab94-f6a6-48a1-b14d-828b92890f58"}],"legalBases":[{"id":"e12ca028-a769-4ff2-8dd9-236439ce9edc","name":"ฐานการปฏิบัติ/หน้าที่ตามกฎหมาย (Legal Obligation)","label":"ฐานการปฏิบัติ/หน้าที่ตามกฎหมาย (Legal Obligation)","value":"e12ca028-a769-4ff2-8dd9-236439ce9edc"},{"id":"39557b2e-8b55-4e79-ae95-a8b0cc4ab98a","name":"ฐานความยินยอม (Consent)","label":"ฐานความยินยอม (Consent)","value":"39557b2e-8b55-4e79-ae95-a8b0cc4ab98a"},{"id":"a8c7e3c1-08c2-44c7-bdfe-86d274624241","name":"ฐานจดหมายเหตุ/วิจัย/สถิติ (Historical Document, Research, or Statistics)","label":"ฐานจดหมายเหตุ/วิจัย/สถิติ (Historical Document, Research, or Statistics)","value":"a8c7e3c1-08c2-44c7-bdfe-86d274624241"},{"id":"b5fefec5-9066-4590-be08-ed6244d76d7f","name":"ฐานประโยชน์สำคัญต่อชีวิต (Vital Interest)","label":"ฐานประโยชน์สำคัญต่อชีวิต (Vital Interest)","value":"b5fefec5-9066-4590-be08-ed6244d76d7f"},{"id":"327ea19b-7bf7-4d62-bb5a-16e88bccfe8b","name":"ฐานภารกิจสาธารณะ/อำนาจรัฐ (Public Task / Official Authority)","label":"ฐานภารกิจสาธารณะ/อำนาจรัฐ (Public Task / Official Authority)","value":"327ea19b-7bf7-4d62-bb5a-16e88bccfe8b"},{"id":"aafed325-072a-44b7-8cc6-1d478274115f","name":"ฐานสัญญา (Contract)","label":"ฐานสัญญา (Contract)","value":"aafed325-072a-44b7-8cc6-1d478274115f"}],"deletionMethods":[{"id":"954914bc-ddd2-4e7a-8973-3a4a6c879b10","name":"เครื่องทำลายเอกสาร","label":"เครื่องทำลายเอกสาร","value":"954914bc-ddd2-4e7a-8973-3a4a6c879b10"},{"id":"0f8d37dd-3477-43e0-9d4f-adcea10d52b1","name":"ลบข้อมูลออกจากระบบอย่างถาวร","label":"ลบข้อมูลออกจากระบบอย่างถาวร","value":"0f8d37dd-3477-43e0-9d4f-adcea10d52b1"}],"transferMethods":[{"id":"e47498d8-0fe1-4099-bc86-6c32465f86f4","name":"โอนทางอิเล็กทรอนิกส์","label":"โอนทางอิเล็กทรอนิกส์","value":"e47498d8-0fe1-4099-bc86-6c32465f86f4"}],"protectionStandards":[{"id":"6787767f-d836-4a1b-8519-dcbd0cee5035","name":"Adequacy Decision [GDPR มาตรา 45]","label":"Adequacy Decision [GDPR มาตรา 45]","value":"6787767f-d836-4a1b-8519-dcbd0cee5035"},{"id":"fa14ff52-905b-48fa-9d81-719d07b2f96c","name":"Binding Corporate Rules (BCRs) [GDPR มาตรา 47]","label":"Binding Corporate Rules (BCRs) [GDPR มาตรา 47]","value":"fa14ff52-905b-48fa-9d81-719d07b2f96c"},{"id":"d1563d92-6bb0-4559-b79d-80e7026babb6","name":"Standard Contractual Clauses (SCCs) [GDPR มาตรา 46(2)(c)(d)]","label":"Standard Contractual Clauses (SCCs) [GDPR มาตรา 46(2)(c)(d)]","value":"d1563d92-6bb0-4559-b79d-80e7026babb6"},{"id":"93176d76-c3c6-43cb-94fb-f2de545c8dfc","name":"Transfer Impact Assessment (TIA)","label":"Transfer Impact Assessment (TIA)","value":"93176d76-c3c6-43cb-94fb-f2de545c8dfc"},{"id":"154a4a3e-04ed-4fde-ad34-5b9f72bb5e96","name":"ข้อยกเว้น [GDPR มาตรา 49]","label":"ข้อยกเว้น [GDPR มาตรา 49]","value":"154a4a3e-04ed-4fde-ad34-5b9f72bb5e96"}],"legalExemptions":[{"id":"89d79b1c-d798-4706-aa56-603d1686f6a0","name":"ได้รับความยินยอมจากเจ้าของข้อมูลส่วนบุคคลโดยได้แจ้งให้เจ้าของข้อมูลส่วนบุคคลทราบถึงมาตรฐานการคุ้มครองข้อมูลส่วนบุคคลที่ไม่เพียงพอของประเทศปลายทางหรือองค์กา... (set the log level to DEBUG or TRACE to see the full content) 
 </msg>
<msg time="2026-04-30T01:18:17.592435" level="FAIL">Url: http://localhost:8000/api/form/options Expected status: 200 != 401</msg>
<var>${resp}</var>
<arg>api</arg>
<arg>/api/form/options</arg>
<arg>expected_status=401</arg>
<doc>Sends a GET request on a previously created HTTP Session.</doc>
<status status="FAIL" start="2026-04-30T01:18:03.603278" elapsed="13.990991">Url: http://localhost:8000/api/form/options Expected status: 200 != 401</status>
</kw>
<status status="FAIL" start="2026-04-30T01:18:03.602804" elapsed="13.991927">Url: http://localhost:8000/api/form/options Expected status: 200 != 401</status>
</test>
<test id="s1-s3-t3" name="TC03 - Get ROPA list should return array" line="39">
<kw name="Auth Header" owner="keywords">
<kw name="Create Dictionary" owner="BuiltIn">
<msg time="2026-04-30T01:18:17.597949" level="INFO">${headers} = {'Authorization': 'Bearer eyJhbGciOiJIUzI1NiIsInR5cCI6IkpXVCJ9.eyJ1c2VySWQiOiI1NzYxYjc3Yy0wYzI4LTRkYTYtYTMzYy0xOTBhN2I4YWZiNzIiLCJyb2xlIjoiVXNlciJ9.Jjg3V78ZARmm-OEXB3LrkpFwr6wqW4FlPAY2hrDLC3I', 'Conte...</msg>
<var>${headers}</var>
<arg>Authorization=Bearer ${token}</arg>
<arg>Content-Type=application/json</arg>
<doc>Creates and returns a dictionary based on the given ``items``.</doc>
<status status="PASS" start="2026-04-30T01:18:17.596985" elapsed="0.001024"/>
</kw>
<return>
<value>${headers}</value>
<status status="PASS" start="2026-04-30T01:18:17.598108" elapsed="0.000095"/>
</return>
<msg time="2026-04-30T01:18:17.598503" level="INFO">${headers} = {'Authorization': 'Bearer eyJhbGciOiJIUzI1NiIsInR5cCI6IkpXVCJ9.eyJ1c2VySWQiOiI1NzYxYjc3Yy0wYzI4LTRkYTYtYTMzYy0xOTBhN2I4YWZiNzIiLCJyb2xlIjoiVXNlciJ9.Jjg3V78ZARmm-OEXB3LrkpFwr6wqW4FlPAY2hrDLC3I', 'Conte...</msg>
<var>${headers}</var>
<arg>${TOKEN}</arg>
<status status="PASS" start="2026-04-30T01:18:17.596380" elapsed="0.002176"/>
</kw>
<kw name="GET On Session" owner="RequestsLibrary">
<msg time="2026-04-30T01:18:31.828251" level="INFO">GET Request : url=http://localhost:8000/api/form/ropa 
 path_url=/api/form/ropa 
 headers={'User-Agent': 'python-requests/2.32.5', 'Accept-Encoding': 'gzip, deflate', 'Accept': '*/*', 'Connection': 'keep-alive', 'Authorization': 'Bearer eyJhbGciOiJIUzI1NiIsInR5cCI6IkpXVCJ9.eyJ1c2VySWQiOiI1NzYxYjc3Yy0wYzI4LTRkYTYtYTMzYy0xOTBhN2I4YWZiNzIiLCJyb2xlIjoiVXNlciJ9.Jjg3V78ZARmm-OEXB3LrkpFwr6wqW4FlPAY2hrDLC3I', 'Content-Type': 'application/json'} 
 body=None 
 </msg>
<msg time="2026-04-30T01:18:31.828382" level="INFO">GET Response : url=http://localhost:8000/api/form/ropa 
 status=200, reason=OK 
 headers={'date': 'Wed, 29 Apr 2026 18:18:17 GMT', 'server': 'uvicorn', 'content-length': '25264', 'content-type': 'application/json'} 
 body=[{"id":"0c3fae9d-0ebc-431b-bbf2-d8b280c5d17e","activity":"กิจกรรมทางการตลาด","purpose":"pp(edited)","purposeDetail":"pp(edited)","dataOwner":"prati","dataClass":"ข้อมูลบุคลากร","otherText":"","dataDescription":"edited","parties":["Marketing","PR","Sales"],"legal":{"basis":["ฐานการปฏิบัติ/หน้าที่ตามกฎหมาย (Legal Obligation)","ฐานความยินยอม (Consent)"],"secondaryCategory":["ฐานจดหมายเหตุ/วิจัย/สถิติ (Historical Document, Research, or Statistics)","ฐานประโยชน์สำคัญต่อชีวิต (Vital Interest)"],"minorConsent":{"under10":"ต้องมีการขอความยินยอม","age10to20":"ต้องมีการขอความยินยอม"}},"transfer":{"is_transfer":true,"destination_country":"ญี่ปุ่น","affiliated_company":"rrrrr","transfer_method":"โอนทางอิเล็กทรอนิกส์","protection_standard":"Binding Corporate Rules (BCRs) [GDPR มาตรา 47], Transfer Impact Assessment (TIA)","exceptions":["เป็นการจำเป็นเพื่อการดำเนินภารกิจเพื่อประโยชน์สาธารณะที่สำคัญ"]},"retention":{"storageType":["เอกสาร"],"storageMethod":["เก็บในตู้เอกสาร"],"retentionPeriod":"01 ปี 04 เดือน 04 วัน","department":["HR"],"deletionMethod":"ลบข้อมูลออกจากระบบอย่างถาวร","usage_purpose":["ส่วนงานที่เกี่ยวข้องกับฝ่ายตรวจสอบ"],"denialNote":"ttttt"},"security":[{"id":"a89972ee-189b-4784-a9b9-4327269d89b0","activity_id":"0c3fae9d-0ebc-431b-bbf2-d8b280c5d17e","measures_id":"69f802ac-e9e1-4b18-98b9-f6386af07cb9","detail":"tttt","name":"มาตรการทางกายภาพ"},{"id":"8c55fd0e-b61f-40a9-8405-7247ea81131c","activity_id":"0c3fae9d-0ebc-431b-bbf2-d8b280c5d17e","measures_id":"b606258a-dbe5-42eb-b0eb-be92d7bc12ca","detail":"mmmmm","name":"การทำหนดหน้าที่ความรับผิดชอบของผู้ใช้งาน"},{"id":"5cc1ab58-6684-4f8f-bb70-7b5045062924","activity_id":"0c3fae9d-0ebc-431b-bbf2-d8b280c5d17e","measures_id":"8f52251b-5747-4834-8f24-a29f95af0639","detail":"","name":"การควบคุมการเข้าถึงข้อมูล"}],"processors":[{"id":"b058a29d-8d69-491d-8bdd-5f6980645713","activity_id":"0c3fae9d-0ebc-431b-bbf2-d8b280c5d17e","processor_id":"658d1445-f791-44aa-a798-877b726779d1","access_type":null,"data_category_accessed":null,"note":null,"processors":{"id":"658d1445-f791-44aa-a798-877b726779d1","name":"proc.666","address":"7777","created_at":"2026-04-29T18:01:50.76265+00:00","updated_at":"2026-04-29T18:01:50.533313+00:00"},"processor_security_measures":[{"id":"55043096-fdb7-4005-833f-a7602543b657","type":"มาตรการเชิงเทคนิค","detail":"9999","activity_processor_id":"b058a29d-8d69-491d-8bdd-5f6980645713"},{"id":"beeda7c8-313e-45be-a5d6-65af984b9072","type":"มาตรการเชิงองค์กร","detail":"","activity_processor_id":"b058a29d-8d69-491d-8bdd-5f6980645713"},{"id":"ee615a31-3079-4f4b-97f6-1070df0095c4","type":"มาตรการทางกายภาพ","detail":"","activity_processor_id":"b058a29d-8d69-491d-8bdd-5f6980645713"},{"id":"c0a2e4b1-013a-4048-8d73-3d0c8a222e9e","type":"มาตรการตรวจสอบย้อนหลัง","detail":"8888","activity_processor_id":"b058a29d-8d69-491d-8bdd-5f6980645713"}]}],"risk":"At Risk","status":"Pending","history":[{"action":"edit","by":"ADMIN02","date":"2026-04-29T18:01:38.286364+00:00","time":"2026-04-29T18:01:38.286364+00:00"},{"action":"create","by":"ADMIN02","date":"2026-04-29T13:24:36.211535+00:00","time":"2026-04-29T13:24:36.211535+00:00"}]},{"id":"4f5069af-7d3d-45f9-9eab-041a0f81357c","activity":"กิจกรรมทางการตลาด","purpose":"test risk &gt;&gt; safe","purposeDetail":"test risk &gt;&gt; safe","dataOwner":"pratimaporn","dataClass":"ข้อมูลบุคลากรใหม่","otherText":"","dataDescription":"","parties":["Marketing","Sales"],"legal":{"basis":["ฐานการปฏิบัติ/หน้าที่ตามกฎหมาย (Legal Obligation)","ฐานภารกิจสาธารณะ/อำนาจรัฐ (Public Task / Official Authority)"],"secondaryCategory":["ฐานสัญญา (Contract)"],"minorConsent":{"under10":"ไม่ต้องมีการขอความยินยอม","age10to20":"ไม่ต้องมีการขอความยินยอม"}},"transfer":{"is_transfer":false,"destination_country":null,"affiliated_company":null,"transfer_method":"โอนทางอิเล็กทรอนิกส์","protection_standard":null,"exceptions":[]},"retention":{"storageType":["ข้อมูลอิเล็กทรอนิกส์","เอกสาร"],"storageMethod":["เข้ารหัส"],"retentionPeriod":"02 ปี 02 วัน","department":["HR"],"deletionMethod":"เครื่องทำลายเอกสาร","usage_purpose":["ส่วนงานที่เกี่ยวข้องกับฝ่ายตรวจสอบ"],"denialNote":"ooooo"},"security":[{"id":"33b9942d-1080-4764-b761-d7c1bdeaa34e","activity_id":"4f5069af-7d3d-45f9-9eab-041a0f81357c","measures_id":"c23f5539-07d6-4368-a188-76b971d77303","detail":"","name":"มาตรการเชิงเทคนิค"},{"id":"1dccbe76-6142-409f-b322-deec80d3f521","activity_id":"4f5069af-7d3d-45f9-9eab-041a0f81357c","measures_id":"b606258a-dbe5-42eb-b0eb-be92d7bc12ca","detail":"","name":"การทำหนดหน้าที่ความรับผิดชอบของผู้ใช้งาน"},{"id":"91fdef49-dd69-45d6-9183-4e94b1afe022","activity_id":"4f5069af-7d3d-45f9-9eab-041a0f81357c","measures_id":"8f52251b-5747-4834-8f24-a29f95af0639","detail":"","name":"การควบคุมการเข้าถึงข้อมูล"},{"id":"4e537360-b6a1-4964-9493-17881f38d800","activity_id":"4f5069af-7d3d-45f9-9eab-041a0f81357c","measures_id":"bc2b0ec0-6157-4070-a219-9518c172cf9a","detail":"","name":"มาตรการตรวจสอบย้อนหลัง"}],"processors":[],"risk":"Safe","status":"Pending","history":[{"action":"edit","by":"system","date":"2026-04-29T15:22:43.587267+00:00","time":"2026-04-29T15:22:43.587267+00:00"},{"action":"create","by":"ADMIN02","date":"2026-04-28T17:08:08.083354+00:00","time":"2026-04-28T17:08:08.083354+00:00"}]},{"id":"608ec701-22d6-4f28-97d4-113a010324bc","activity":"การส่งข้อมูลสุขภาพไปยังหน่วยงานรัฐ","purpose":"yyyy((ver. edited))","purposeDetail":"yyyy((ver. edited))","dataOwner":"na-dear","dataClass":"ข้อมูลบุคลากรใหม่","otherText":"","dataDescription":"","parties":["HR","PR"],"legal":{"basis":["ฐานความยินยอม (Consent)"],"secondaryCategory":["ฐานการปฏิบัติ/หน้าที่ตามกฎหมาย (Legal Obligation)"],"minorConsent":{"under10":"ไม่ต้องมีการขอความยินยอม","age10to20":"ไม่ต้องมีการขอความยินยอม"}},"transfer":{"is_transfer":false,"destination_country":null,"affiliated_company":null,"transfer_method":"โอนทางอิเล็กทรอนิกส์","protection_standard":"Standard Contractual Clauses (SCCs) [GDPR มาตรา 46(2)(c)(d)], Binding Corporate Rules (BCRs) [GDPR มาตรา 47]","exceptions":["เป็นการจำเป็นเพื่อการดำเนินภารกิจเพื่อประโยชน์สาธารณะที่สำคัญ"]},"retention":{"storageType":["ข้อมูลอิเล็กทรอนิกส์"],"storageMethod":["ใส่แฟ้ม"],"retentionPeriod":"11 ปี 01 เดือน 01 วัน","department":["HR"],"deletionMethod":"เครื่องทำลายเอกสาร","usage_purpose":["ส่วนงานที่เกี่ยวข้องกับการดำเนินงานด้านกฎหมาย"],"denialNote":"แก้แล้ว"},"security":[{"id":"e5e2e960-9a65-485c-b5db-755aa1a5729f","activity_id":"608ec701-22d6-4f28-97d4-113a010324bc","measures_id":"b606258a-dbe5-42eb-b0eb-be92d7bc12ca","detail":"","name":"การทำหนดหน้าที่ความรับผิดชอบของผู้ใช้งาน"},{"id":"6ba1697d-9b58-4b60-b351-04f99348cb23","activity_id":"608ec701-22d6-4f28-97d4-113a010324bc","measures_id":"bc2b0ec0-6157-4070-a219-9518c172cf9a","detail":"ยยยย","name":"มาตรการตรวจสอบย้อนหลัง"}],"processors":[{"id":"5ef86f8c-e447-42d2-b6f9-849c3a5d9e88","activity_id":"608ec701-22d6-4f28-97d4-113a010324bc","processor_id":"87e6dd09-e8f1-466e-80f8-c631653ef2a4","access_type":null,"data_category_accessed":null,"note":null,"processors":{"id":"87e6dd09-e8f1-466e-80f8-c631653ef2a4","name":"poeee","address":"uivvv","created_at":"2026-04-29T16:47:17.54994+00:00","updated_at":"2026-04-29T16:47:17.292106+00:00"},"processor_security_measures":[{"id":"d1461581-a7d4-4371-87dc-85289218b14e","type":"มาตรการเชิงเทคนิค","detail":"","activity_processor_id":"5ef86f8c-e447-42d2-b6f9-849c3a5d9e88"},{"id":"95a3723a-d514-4533-b993-593123797b0d","type":"การควบคุมการเข้าถึงข้อมูล","detail":"iii","activity_processor_id":"5ef86f8c-e447-42d2-b6f9-849c3a5d9e88"}]}],"risk":"At Risk","status":"Pending","history":[{"action":"edit","by":"system","date":"2026-04-29T16:47:01.851908+00:00","time":"2026-04-29T16:47:01.851908+00:00"},{"action":"create","by":"ADMIN02","date":"2026-04-28T17:04:50.92908+00:00","time":"2026-04-28T17:04:50.92908+00:00"}]},{"id":"5ac593d2-d899-44aa-b834-c6e322bff399","activity":"การรับสมัครพนักงาน","purpose":"test risk &gt;&gt; criticall","purposeDetail":"test risk &gt;&gt; criticall","dataOwner":"nadear","dataClass":"ข้อมูลบุคลากรใหม่","otherText":"","dataDescription":"","parties":["Marketing"],"legal":{"basis":["ฐานจดหมายเหตุ/วิจัย/สถิติ (Historical Document, Research, or Statistics)"],"secondaryCategory":["ฐานความยินยอม (Consent)"],"minorConsent":{"under10":"ไม่ต้องมีการขอความยินยอม","age10to20":"ไม่ต้องมีการขอความยินยอม"}},"transfer":{"is_transfer":true,"destination_country":"เยอรมนี","affiliated_company":"comp.R","transfer_method":"โอนทางอิเล็กทรอนิกส์","protection_standard":null,"exceptions":[]},"retention":{"storageType":["ข้อมูลอิเล็กทรอนิกส์"],"storageMethod":["เก็บในตู้เอกสาร"],"retentionPeriod":"07 ปี 07 เดือน","department":["HR"],"deletionMethod":"เครื่องทำลายเอกสาร","usage_purpose":["หน่วยงานในกระบวนการยุติธรรม"],"denialNote":""},"security":[{"id":"b9198e23-5e44-4bc8-a63a-ae4c025cb7a6","activity_id":"5ac593d2-d899-44aa-b834-c6e322bff399","measures_id":"bc2b0ec0-6157-4070-a219-9518c172cf9a","detail":"ppp","name":"มาตรการตรวจสอบย้อนหลัง"},{"id":"5dcb685a-8c43-4e7e-85dd-65e8e348b608","activity_id":"5ac593d2-d899-44aa-b834-c6e322bff399","measures_id":"a416160b-5761-4819-a4d1-f642cf09faf0","detail":"bbb","name":"มาตรการเชิงองค์กร"},{"id":"d9598941-0aee-45df-abfc-bdb77fbc0d54","activity_id":"5ac593d2-d899-44aa-b834-c6e322bff399","measures_id":"8f52251b-5747-4834-8f24-a29f95af0639","detail":"uuu","name":"การควบคุมการเข้าถึงข้อมูล"}],"processors":[{"id":"7d3d0bbf-a42f-4bbd-94c6-a000527a6db9","activity_id":"5ac593d2-d899-44aa-b834-c6e322bff399","processor_id":"bff83d72-6a35-4d65-9ee6-521d99daaad5","access_type":null,"data_category_accessed":null,"note":null,"processors":{"id":"bff83d72-6a35-4d65-9ee6-521d99daaad5","name":"ppppp","address":"ooooo","created_at":"2026-04-28T17:02:12.668042+00:00","updated_at":"2026-04-28T17:02:12.474487+00:00"},"processor_security_measures":[{"id":"811da39a-7942-4713-ab78-713ec48cf6e7","type":"มาตรการเชิงเทคนิค","detail":"uuu","activity_processor_id":"7d3d0bbf-a42f-4bbd-94c6-a000527a6db9"},{"id":"ac7989cc-4471-486a-b54d-a3a03dcbf91e","type":"มาตรการทางกายภาพ","detail":null,"activity_processor_i... (se
[...]
</iter>
<iter>
<kw name="Dictionary Should Contain Key" owner="Collections">
<arg>${resp.json()}</arg>
<arg>${key}</arg>
<doc>Fails if ``key`` is not found from ``dictionary``.</doc>
<status status="PASS" start="2026-04-30T01:19:26.088201" elapsed="0.000466"/>
</kw>
<var name="${key}">total</var>
<status status="PASS" start="2026-04-30T01:19:26.088117" elapsed="0.000590"/>
</iter>
<var>${key}</var>
<value>series</value>
<value>total</value>
<status status="PASS" start="2026-04-30T01:19:26.086910" elapsed="0.001827"/>
</for>
<status status="PASS" start="2026-04-30T01:19:17.124853" elapsed="8.964155"/>
</test>
<test id="s1-s4-t4" name="TC04 - Dashboard trend with 1W range" line="47">
<kw name="Auth Header" owner="keywords">
<kw name="Create Dictionary" owner="BuiltIn">
<msg time="2026-04-30T01:19:26.090767" level="INFO">${headers} = {'Authorization': 'Bearer eyJhbGciOiJIUzI1NiIsInR5cCI6IkpXVCJ9.eyJ1c2VySWQiOiIyOGQ0NmNkYy1lZTJjLTRjMDgtYmFhYy0zNDA5NWM3ZTFhOGMiLCJyb2xlIjoiQWRtaW4ifQ.X_7Sj-op9aW4C2mnsHDXCYmi2Szpcjqh3TFzq3kQI-E', 'Con...</msg>
<var>${headers}</var>
<arg>Authorization=Bearer ${token}</arg>
<arg>Content-Type=application/json</arg>
<doc>Creates and returns a dictionary based on the given ``items``.</doc>
<status status="PASS" start="2026-04-30T01:19:26.090258" elapsed="0.000542"/>
</kw>
<return>
<value>${headers}</value>
<status status="PASS" start="2026-04-30T01:19:26.090862" elapsed="0.000035"/>
</return>
<msg time="2026-04-30T01:19:26.091019" level="INFO">${headers} = {'Authorization': 'Bearer eyJhbGciOiJIUzI1NiIsInR5cCI6IkpXVCJ9.eyJ1c2VySWQiOiIyOGQ0NmNkYy1lZTJjLTRjMDgtYmFhYy0zNDA5NWM3ZTFhOGMiLCJyb2xlIjoiQWRtaW4ifQ.X_7Sj-op9aW4C2mnsHDXCYmi2Szpcjqh3TFzq3kQI-E', 'Con...</msg>
<var>${headers}</var>
<arg>${TOKEN}</arg>
<status status="PASS" start="2026-04-30T01:19:26.089972" elapsed="0.001070"/>
</kw>
<kw name="GET On Session" owner="RequestsLibrary">
<msg time="2026-04-30T01:19:26.091481" level="WARN">You might have an = symbol in url. You better place 'url=' before, example: 'url=/your-url/foo?param=a' or use '/your-url/foo  params=param=a' or escape it</msg>
<msg time="2026-04-30T01:19:26.092000" level="FAIL">TypeError: RequestsOnSessionKeywords.get_on_session() missing 1 required positional argument: 'url'</msg>
<var>${resp}</var>
<arg>api</arg>
<arg>/api/dashboard/trend?range=1W</arg>
<arg>headers=${headers}</arg>
<arg>expected_status=200</arg>
<doc>Sends a GET request on a previously created HTTP Session.</doc>
<status status="FAIL" start="2026-04-30T01:19:26.091273" elapsed="0.001568">TypeError: RequestsOnSessionKeywords.get_on_session() missing 1 required positional argument: 'url'</status>
</kw>
<kw name="Dictionary Should Contain Key" owner="Collections">
<arg>${resp.json()}</arg>
<arg>items</arg>
<doc>Fails if ``key`` is not found from ``dictionary``.</doc>
<status status="NOT RUN" start="2026-04-30T01:19:26.093167" elapsed="0.000028"/>
</kw>
<kw name="Get From Dictionary" owner="Collections">
<var>${items}</var>
<arg>${resp.json()}</arg>
<arg>items</arg>
<doc>Returns a value from the given ``dictionary`` based on the given ``key``.</doc>
<status status="NOT RUN" start="2026-04-30T01:19:26.093535" elapsed="0.000116"/>
</kw>
<kw name="Length Should Be" owner="BuiltIn">
<arg>${items}</arg>
<arg>7</arg>
<doc>Verifies that the length of the given item is correct.</doc>
<status status="NOT RUN" start="2026-04-30T01:19:26.093949" elapsed="0.000033"/>
</kw>
<status status="FAIL" start="2026-04-30T01:19:26.089501" elapsed="0.004917">TypeError: RequestsOnSessionKeywords.get_on_session() missing 1 required positional argument: 'url'</status>
</test>
<test id="s1-s4-t5" name="TC05 - Dashboard trend with 1M range" line="58">
<kw name="Auth Header" owner="keywords">
<kw name="Create Dictionary" owner="BuiltIn">
<msg time="2026-04-30T01:19:26.097618" level="INFO">${headers} = {'Authorization': 'Bearer eyJhbGciOiJIUzI1NiIsInR5cCI6IkpXVCJ9.eyJ1c2VySWQiOiIyOGQ0NmNkYy1lZTJjLTRjMDgtYmFhYy0zNDA5NWM3ZTFhOGMiLCJyb2xlIjoiQWRtaW4ifQ.X_7Sj-op9aW4C2mnsHDXCYmi2Szpcjqh3TFzq3kQI-E', 'Con...</msg>
<var>${headers}</var>
<arg>Authorization=Bearer ${token}</arg>
<arg>Content-Type=application/json</arg>
<doc>Creates and returns a dictionary based on the given ``items``.</doc>
<status status="PASS" start="2026-04-30T01:19:26.096605" elapsed="0.001061"/>
</kw>
<return>
<value>${headers}</value>
<status status="PASS" start="2026-04-30T01:19:26.097803" elapsed="0.000060"/>
</return>
<msg time="2026-04-30T01:19:26.098070" level="INFO">${headers} = {'Authorization': 'Bearer eyJhbGciOiJIUzI1NiIsInR5cCI6IkpXVCJ9.eyJ1c2VySWQiOiIyOGQ0NmNkYy1lZTJjLTRjMDgtYmFhYy0zNDA5NWM3ZTFhOGMiLCJyb2xlIjoiQWRtaW4ifQ.X_7Sj-op9aW4C2mnsHDXCYmi2Szpcjqh3TFzq3kQI-E', 'Con...</msg>
<var>${headers}</var>
<arg>${TOKEN}</arg>
<status status="PASS" start="2026-04-30T01:19:26.096166" elapsed="0.001942"/>
</kw>
<kw name="GET On Session" owner="RequestsLibrary">
<msg time="2026-04-30T01:19:26.099240" level="WARN">You might have an = symbol in url. You better place 'url=' before, example: 'url=/your-url/foo?param=a' or use '/your-url/foo  params=param=a' or escape it</msg>
<msg time="2026-04-30T01:19:26.100390" level="FAIL">TypeError: RequestsOnSessionKeywords.get_on_session() missing 1 required positional argument: 'url'</msg>
<var>${resp}</var>
<arg>api</arg>
<arg>/api/dashboard/trend?range=1M</arg>
<arg>headers=${headers}</arg>
<arg>expected_status=200</arg>
<doc>Sends a GET request on a previously created HTTP Session.</doc>
<status status="FAIL" start="2026-04-30T01:19:26.098913" elapsed="0.002390">TypeError: RequestsOnSessionKeywords.get_on_session() missing 1 required positional argument: 'url'</status>
</kw>
<kw name="Dictionary Should Contain Key" owner="Collections">
<arg>${resp.json()}</arg>
<arg>items</arg>
<doc>Fails if ``key`` is not found from ``dictionary``.</doc>
<status status="NOT RUN" start="2026-04-30T01:19:26.101650" elapsed="0.000035"/>
</kw>
<status status="FAIL" start="2026-04-30T01:19:26.095556" elapsed="0.006496">TypeError: RequestsOnSessionKeywords.get_on_session() missing 1 required positional argument: 'url'</status>
</test>
<test id="s1-s4-t6" name="TC06 - Dashboard comparison should return departments list" line="67">
<kw name="Auth Header" owner="keywords">
<kw name="Create Dictionary" owner="BuiltIn">
<msg time="2026-04-30T01:19:26.104191" level="INFO">${headers} = {'Authorization': 'Bearer eyJhbGciOiJIUzI1NiIsInR5cCI6IkpXVCJ9.eyJ1c2VySWQiOiIyOGQ0NmNkYy1lZTJjLTRjMDgtYmFhYy0zNDA5NWM3ZTFhOGMiLCJyb2xlIjoiQWRtaW4ifQ.X_7Sj-op9aW4C2mnsHDXCYmi2Szpcjqh3TFzq3kQI-E', 'Con...</msg>
<var>${headers}</var>
<arg>Authorization=Bearer ${token}</arg>
<arg>Content-Type=application/json</arg>
<doc>Creates and returns a dictionary based on the given ``items``.</doc>
<status status="PASS" start="2026-04-30T01:19:26.103678" elapsed="0.000550"/>
</kw>
<return>
<value>${headers}</value>
<status status="PASS" start="2026-04-30T01:19:26.104304" elapsed="0.000049"/>
</return>
<msg time="2026-04-30T01:19:26.104493" level="INFO">${headers} = {'Authorization': 'Bearer eyJhbGciOiJIUzI1NiIsInR5cCI6IkpXVCJ9.eyJ1c2VySWQiOiIyOGQ0NmNkYy1lZTJjLTRjMDgtYmFhYy0zNDA5NWM3ZTFhOGMiLCJyb2xlIjoiQWRtaW4ifQ.X_7Sj-op9aW4C2mnsHDXCYmi2Szpcjqh3TFzq3kQI-E', 'Con...</msg>
<var>${headers}</var>
<arg>${TOKEN}</arg>
<status status="PASS" start="2026-04-30T01:19:26.103338" elapsed="0.001178"/>
</kw>
<kw name="GET On Session" owner="RequestsLibrary">
<msg time="2026-04-30T01:19:26.109654" level="INFO">GET Request : url=http://localhost:8000/api/dashboard/comparison 
 path_url=/api/dashboard/comparison 
 headers={'User-Agent': 'python-requests/2.32.5', 'Accept-Encoding': 'gzip, deflate', 'Accept': '*/*', 'Connection': 'keep-alive', 'Authorization': 'Bearer eyJhbGciOiJIUzI1NiIsInR5cCI6IkpXVCJ9.eyJ1c2VySWQiOiIyOGQ0NmNkYy1lZTJjLTRjMDgtYmFhYy0zNDA5NWM3ZTFhOGMiLCJyb2xlIjoiQWRtaW4ifQ.X_7Sj-op9aW4C2mnsHDXCYmi2Szpcjqh3TFzq3kQI-E', 'Content-Type': 'application/json'} 
 body=None 
 </msg>
<msg time="2026-04-30T01:19:26.109773" level="INFO">GET Response : url=http://localhost:8000/api/dashboard/comparison 
 status=200, reason=OK 
 headers={'date': 'Wed, 29 Apr 2026 18:19:14 GMT', 'server': 'uvicorn', 'content-length': '75', 'content-type': 'application/json'} 
 body={"departments":[{"name":"HR","critical":2,"atRisk":3,"stable":2,"safe":1}]} 
 </msg>
<msg time="2026-04-30T01:19:26.110112" level="INFO">${resp} = &lt;Response [200]&gt;</msg>
<var>${resp}</var>
<arg>api</arg>
<arg>/api/dashboard/comparison</arg>
<arg>headers=${headers}</arg>
<arg>expected_status=200</arg>
<doc>Sends a GET request on a previously created HTTP Session.</doc>
<status status="PASS" start="2026-04-30T01:19:26.104802" elapsed="0.005374"/>
</kw>
<kw name="Dictionary Should Contain Key" owner="Collections">
<arg>${resp.json()}</arg>
<arg>departments</arg>
<doc>Fails if ``key`` is not found from ``dictionary``.</doc>
<status status="PASS" start="2026-04-30T01:19:26.111487" elapsed="0.001242"/>
</kw>
<status status="PASS" start="2026-04-30T01:19:26.102681" elapsed="0.010630"/>
</test>
<test id="s1-s4-t7" name="TC07 - Dashboard activities with default limit" line="76">
<kw name="Auth Header" owner="keywords">
<kw name="Create Dictionary" owner="BuiltIn">
<msg time="2026-04-30T01:19:26.117856" level="INFO">${headers} = {'Authorization': 'Bearer eyJhbGciOiJIUzI1NiIsInR5cCI6IkpXVCJ9.eyJ1c2VySWQiOiIyOGQ0NmNkYy1lZTJjLTRjMDgtYmFhYy0zNDA5NWM3ZTFhOGMiLCJyb2xlIjoiQWRtaW4ifQ.X_7Sj-op9aW4C2mnsHDXCYmi2Szpcjqh3TFzq3kQI-E', 'Con...</msg>
<var>${headers}</var>
<arg>Authorization=Bearer ${token}</arg>
<arg>Content-Type=application/json</arg>
<doc>Creates and returns a dictionary based on the given ``items``.</doc>
<status status="PASS" start="2026-04-30T01:19:26.117174" elapsed="0.000727"/>
</kw>
<return>
<value>${headers}</value>
<status status="PASS" start="2026-04-30T01:19:26.117991" elapsed="0.000075"/>
</return>
<msg time="2026-04-30T01:19:26.118245" level="INFO">${headers} = {'Authorization': 'Bearer eyJhbGciOiJIUzI1NiIsInR5cCI6IkpXVCJ9.eyJ1c2VySWQiOiIyOGQ0NmNkYy1lZTJjLTRjMDgtYmFhYy0zNDA5NWM3ZTFhOGMiLCJyb2xlIjoiQWRtaW4ifQ.X_7Sj-op9aW4C2mnsHDXCYmi2Szpcjqh3TFzq3kQI-E', 'Con...</msg>
<var>${headers}</var>
<arg>${TOKEN}</arg>
<status status="PASS" start="2026-04-30T01:19:26.116642" elapsed="0.001633"/>
</kw>
<kw name="GET On Session" owner="RequestsLibrary">
<msg time="2026-04-30T01:19:26.123431" level="INFO">GET Request : url=http://localhost:8000/api/dashboard/activities 
 path_url=/api/dashboard/activities 
 headers={'User-Agent': 'python-requests/2.32.5', 'Accept-Encoding': 'gzip, deflate', 'Accept': '*/*', 'Connection': 'keep-alive', 'Authorization': 'Bearer eyJhbGciOiJIUzI1NiIsInR5cCI6IkpXVCJ9.eyJ1c2VySWQiOiIyOGQ0NmNkYy1lZTJjLTRjMDgtYmFhYy0zNDA5NWM3ZTFhOGMiLCJyb2xlIjoiQWRtaW4ifQ.X_7Sj-op9aW4C2mnsHDXCYmi2Szpcjqh3TFzq3kQI-E', 'Content-Type': 'application/json'} 
 body=None 
 </msg>
<msg time="2026-04-30T01:19:26.123541" level="INFO">GET Response : url=http://localhost:8000/api/dashboard/activities 
 status=200, reason=OK 
 headers={'date': 'Wed, 29 Apr 2026 18:19:14 GMT', 'server': 'uvicorn', 'content-length': '1761', 'content-type': 'application/json'} 
 body={"items":[{"id":"36349390-800f-47b2-984c-f5f25493c748","activity":"การรับสมัครพนักงาน","parties":["HR"],"risk":"Stable","date":"2026-04-29T18:19:02.885043+00:00"},{"id":"0c3fae9d-0ebc-431b-bbf2-d8b280c5d17e","activity":"กิจกรรมทางการตลาด","parties":["Marketing","PR","Sales"],"risk":"At Risk","date":"2026-04-29T13:24:36.211535+00:00"},{"id":"4f5069af-7d3d-45f9-9eab-041a0f81357c","activity":"กิจกรรมทางการตลาด","parties":["Marketing","Sales"],"risk":"Safe","date":"2026-04-28T17:08:08.083354+00:00"},{"id":"608ec701-22d6-4f28-97d4-113a010324bc","activity":"การส่งข้อมูลสุขภาพไปยังหน่วยงานรัฐ","parties":["HR","PR"],"risk":"At Risk","date":"2026-04-28T17:04:50.92908+00:00"},{"id":"5ac593d2-d899-44aa-b834-c6e322bff399","activity":"การรับสมัครพนักงาน","parties":["Marketing"],"risk":"Critical","date":"2026-04-28T17:02:08.279209+00:00"},{"id":"5450dfcb-c7df-4145-b9c9-4f4a3b2eee36","activity":"การส่งข้อมูลสุขภาพไปยังหน่วยงานรัฐ","parties":["IT","PR"],"risk":"Stable","date":"2026-04-28T13:19:54.214815+00:00"},{"id":"8b5205b0-1599-4367-bbfd-9b2098c5975d","activity":"จัดงาน  Event/ กิจกรรมส่งเสริมการขาย ","parties":["Marketing","PR"],"risk":"Critical","date":"2026-04-28T11:17:04.501306+00:00"},{"id":"fe833979-b150-4ed3-b2a2-c3480cddf9d8","activity":"การให้บริการผ่านเว็บไซต์","parties":["Sales","Marketing"],"risk":"At Risk","date":"2026-04-26T22:29:13.358272+00:00"}],"total":8} 
 </msg>
<msg time="2026-04-30T01:19:26.123849" level="INFO">${resp} = &lt;Response [200]&gt;</msg>
<var>${resp}</var>
<arg>api</arg>
<arg>/api/dashboard/activities</arg>
<arg>headers=${headers}</arg>
<arg>expected_status=200</arg>
<doc>Sends a GET request on a previously created HTTP Session.</doc>
<status status="PASS" start="2026-04-30T01:19:26.118618" elapsed="0.005279"/>
</kw>
<kw name="Dictionary Should Contain Key" owner="Collections">
<arg>${resp.json()}</arg>
<arg>items</arg>
<doc>Fails if ``key`` is not found from ``dictionary``.</doc>
<status status="PASS" start="2026-04-30T01:19:26.125366" elapsed="0.000707"/>
</kw>
<status status="PASS" start="2026-04-30T01:19:26.115600" elapsed="0.010804"/>
</test>
<test id="s1-s4-t8" name="TC08 - Dashboard activities filtered by risk Critical" line="85">
<kw name="Auth Header" owner="keywords">
<kw name="Create Dictionary" owner="BuiltIn">
<msg time="2026-04-30T01:19:26.129701" level="INFO">${headers} = {'Authorization': 'Bearer eyJhbGciOiJIUzI1NiIsInR5cCI6IkpXVCJ9.eyJ1c2VySWQiOiIyOGQ0NmNkYy1lZTJjLTRjMDgtYmFhYy0zNDA5NWM3ZTFhOGMiLCJyb2xlIjoiQWRtaW4ifQ.X_7Sj-op9aW4C2mnsHDXCYmi2Szpcjqh3TFzq3kQI-E', 'Con...</msg>
<var>${headers}</var>
<arg>Authorization=Bearer ${token}</arg>
<arg>Content-Type=application/json</arg>
<doc>Creates and returns a dictionary based on the given ``items``.</doc>
<status status="PASS" start="2026-04-30T01:19:26.128885" elapsed="0.000879"/>
</kw>
<return>
<value>${headers}</value>
<status status="PASS" start="2026-04-30T01:19:26.129927" elapsed="0.000091"/>
</return>
<msg time="2026-04-30T01:19:26.130330" level="INFO">${headers} = {'Authorization': 'Bearer eyJhbGciOiJIUzI1NiIsInR5cCI6IkpXVCJ9.eyJ1c2VySWQiOiIyOGQ0NmNkYy1lZTJjLTRjMDgtYmFhYy0zNDA5NWM3ZTFhOGMiLCJyb2xlIjoiQWRtaW4ifQ.X_7Sj-op9aW4C2mnsHDXCYmi2Szpcjqh3TFzq3kQI-E', 'Con...</msg>
<var>${headers}</var>
<arg>${TOKEN}</arg>
<status status="PASS" start="2026-04-30T01:19:26.128127" elapsed="0.002265"/>
</kw>
<kw name="GET On Session" owner="RequestsLibrary">
<msg time="2026-04-30T01:19:26.133440" level="WARN">You might have an = symbol in url. You better place 'url=' before, example: 'url=/your-url/foo?param=a' or use '/your-url/foo  params=param=a' or escape it</msg>
<msg time="2026-04-30T01:19:26.134176" level="FAIL">TypeError: RequestsOnSessionKeywords.get_on_session() missing 1 required positional argument: 'url'</msg>
<var>${resp}</var>
<arg>api</arg>
<arg>/api/dashboard/activities?risk=Critical</arg>
<arg>headers=${headers}</arg>
<arg>expected_status=200</arg>
<doc>Sends a GET request on a previously created HTTP Session.</doc>
<status status="FAIL" start="2026-04-30T01:19:26.133038" elapsed="0.001947">TypeError: RequestsOnSessionKeywords.get_on_session() missing 1 required positional argument: 'url'</status>
</kw>
<kw name="Get From Dictionary" owner="Collections">
<var>${items}</var>
<arg>${resp.json()}</arg>
<arg>items</arg>
<doc>Returns a value from the given ``dictionary`` based on the given ``key``.</doc>
<status status="NOT RUN" start="2026-04-30T01:19:26.135460" elapsed="0.000036"/>
</kw>
<for flavor="IN">
<iter>
<kw name="Get From Dictionary" owner="Collections">
<var>${risk}</var>
<arg>${item}</arg>
<arg>risk</arg>
<doc>Returns a value from the given ``dictionary`` based on the given ``key``.</doc>
<status status="NOT RUN" start="2026-04-30T01:19:26.136017" elapsed="0.000023"/>
</kw>
<kw name="Should Be Equal" owner="BuiltIn">
<arg>${risk}</arg>
<arg>Critical</arg>
<doc>Fails if the given objects are unequal.</doc>
<status status="NOT RUN" start="2026-04-30T01:19:26.136154" elapsed="0.000020"/>
</kw>
<var name="${item}"/>
<status status="NOT RUN" start="2026-04-30T01:19:26.135910" elapsed="0.000296"/>
</iter>
<var>${item}</var>
<value>@{items}</value>
<status status="NOT RUN" start="2026-04-30T01:19:26.135752" elapsed="0.000486"/>
</for>
<status status="FAIL" start="2026-04-30T01:19:26.126901" elapsed="0.009714">TypeError: RequestsOnSessionKeywords.get_on_session() missing 1 required positional argument: 'url'</status>
</test>
<test id="s1-s4-t9" name="TC09 - All dashboard endpoints require auth" line="98">
<for flavor="IN">
<iter>
<kw name="GET On Session" owner="RequestsLibrary">
<msg time="2026-04-30T01:19:26.142459" level="INFO">GET Request : url=http://localhost:8000/api/dashboard/total 
 path_url=/api/dashboard/total 
 headers={'User-Agent': 'python-requests/2.32.5', 'Accept-Encoding': 'gzip, deflate', 'Accept': '*/*', 'Connection': 'keep-alive'} 
 body=None 
 </msg>
<msg time="2026-04-30T01:19:26.142553" level="INFO">GET Response : url=http://localhost:8000/api/dashboard/total 
 status=200, reason=OK 
 headers={'date': 'Wed, 29 Apr 2026 18:19:14 GMT', 'server': 'uvicorn', 'content-length': '46', 'content-type': 'application/json'} 
 body={"total":8,"newCount":8,"changePercent":100.0} 
 </msg>
<msg time="2026-04-30T01:19:26.142712" level="FAIL">Url: http://localhost:8000/api/dashboard/total Expected status: 200 != 401</msg>
<var>${resp}</var>
<arg>api</arg>
<arg>${path}</arg>
<arg>expected_status=401</arg>
<doc>Sends a GET request on a previously created HTTP Session.</doc>
<status status="FAIL" start="2026-04-30T01:19:26.138214" elapsed="0.006394">Url: http://localhost:8000/api/dashboard/total Expected status: 200 != 401</status>
</kw>
<var name="${path}">/api/dashboard/total</var>
<status status="FAIL" start="2026-04-30T01:19:26.138096" elapsed="0.006696">Url: http://localhost:8000/api/dashboard/total Expected status: 200 != 401</status>
</iter>
<var>${path}</var>
<value>/api/dashboard/total</value>
<value>/api/dashboard/approval</value>
<value>/api/dashboard/donut</value>
<value>/api/dashboard/trend</value>
<value>/api/dashboard/comparison</value>
<status status="FAIL" start="2026-04-30T01:19:26.137880" elapsed="0.007001">Url: http://localhost:8000/api/dashboard/total Expected status: 200 != 401</status>
</for>
<status status="FAIL" start="2026-04-30T01:19:26.137265" elapsed="0.008177">Url: http://localhost:8000/api/dashboard/total Expected status: 200 != 401</status>
</test>
<status status="FAIL" start="2026-04-30T01:19:12.742309" elapsed="13.405147"/>
</suite>
<status status="FAIL" start="2026-04-30T01:17:32.334565" elapsed="113.814462"/>
</suite>
<statistics>
<total>
<stat pass="17" fail="12" skip="2">All Tests</stat>
</total>
<tag>
</tag>
<suite>
<stat name="Suites" id="s1" pass="17" fail="12" skip="2">Suites</stat>
<stat name="01 Auth" id="s1-s1" pass="5" fail="0" skip="0">Suites.01 Auth</stat>
<stat name="02 Admin" id="s1-s2" pass="1" fail="4" skip="2">Suites.02 Admin</stat>
<stat name="03 Form" id="s1-s3" pass="6" fail="4" skip="0">Suites.03 Form</stat>
<stat name="04 Dashboard" id="s1-s4" pass="5" fail="4" skip="0">Suites.04 Dashboard</stat>
</suite>
</statistics>
<errors>
<msg time="2026-04-30T01:19:26.091481" level="WARN">You might have an = symbol in url. You better place 'url=' before, example: 'url=/your-url/foo?param=a' or use '/your-url/foo  params=param=a' or escape it</msg>
<msg time="2026-04-30T01:19:26.099240" level="WARN">You might have an = symbol in url. You better place 'url=' before, example: 'url=/your-url/foo?param=a' or use '/your-url/foo  params=param=a' or escape it</msg>
<msg time="2026-04-30T01:19:26.133440" level="WARN">You might have an = symbol in url. You better place 'url=' before, example: 'url=/your-url/foo?param=a' or use '/your-url/foo  params=param=a' or escape it</msg>
</errors>
</robot>
